18:35:05.219 [main] INFO  o.s.c.a.AnnotationConfigApplicationContext - Refreshing org.springframework.context.annotation.AnnotationConfigApplicationContext@57abad67: startup date [Tue Feb 16 18:35:05 CST 2021]; root of context hierarchy
18:35:05.432 [background-preinit] INFO  org.hibernate.validator.internal.util.Version - HV000001: Hibernate Validator 5.3.6.Final
18:35:05.453 [main] INFO  o.s.b.f.a.AutowiredAnnotationBeanPostProcessor - JSR-330 'javax.inject.Inject' annotation found and supported for autowiring
18:35:05.512 [main] INFO  o.s.c.s.PostProcessorRegistrationDelegate$BeanPostProcessorChecker - Bean 'configurationPropertiesRebinderAutoConfiguration' of type [org.springframework.cloud.autoconfigure.ConfigurationPropertiesRebinderAutoConfiguration$$EnhancerBySpringCGLIB$$fc45882d] is not eligible for getting processed by all BeanPostProcessors (for example: not eligible for auto-proxying)
18:35:07.454 [main] INFO  com.bizzan.bitrade.CloudApplication - The following profiles are active: test
18:35:07.473 [main] INFO  o.s.b.c.e.AnnotationConfigEmbeddedWebApplicationContext - Refreshing org.springframework.boot.context.embedded.AnnotationConfigEmbeddedWebApplicationContext@60baef24: startup date [Tue Feb 16 18:35:07 CST 2021]; parent: org.springframework.context.annotation.AnnotationConfigApplicationContext@57abad67
18:35:08.429 [main] INFO  o.s.d.r.config.RepositoryConfigurationDelegate - Multiple Spring Data modules found, entering strict repository configuration mode!
18:35:08.451 [main] INFO  o.s.d.r.config.RepositoryConfigurationDelegate - Multiple Spring Data modules found, entering strict repository configuration mode!
18:35:08.762 [main] INFO  o.springframework.cloud.context.scope.GenericScope - BeanFactory id=7ad62d9b-4212-34b6-9d98-8622c167d64e
18:35:08.784 [main] INFO  o.s.b.f.a.AutowiredAnnotationBeanPostProcessor - JSR-330 'javax.inject.Inject' annotation found and supported for autowiring
18:35:08.878 [main] INFO  o.s.c.s.PostProcessorRegistrationDelegate$BeanPostProcessorChecker - Bean 'org.springframework.cloud.netflix.metrics.MetricsInterceptorConfiguration$MetricsRestTemplateConfiguration' of type [org.springframework.cloud.netflix.metrics.MetricsInterceptorConfiguration$MetricsRestTemplateConfiguration$$EnhancerBySpringCGLIB$$12582b71] is not eligible for getting processed by all BeanPostProcessors (for example: not eligible for auto-proxying)
18:35:08.890 [main] INFO  o.s.c.s.PostProcessorRegistrationDelegate$BeanPostProcessorChecker - Bean 'org.springframework.cloud.autoconfigure.ConfigurationPropertiesRebinderAutoConfiguration' of type [org.springframework.cloud.autoconfigure.ConfigurationPropertiesRebinderAutoConfiguration$$EnhancerBySpringCGLIB$$fc45882d] is not eligible for getting processed by all BeanPostProcessors (for example: not eligible for auto-proxying)
18:35:09.068 [main] INFO  org.eclipse.jetty.util.log - Logging initialized @8331ms to org.eclipse.jetty.util.log.Slf4jLog
18:35:09.201 [main] INFO  o.s.b.c.e.j.JettyEmbeddedServletContainerFactory - Server initialized with port: 7000
18:35:09.203 [main] INFO  org.eclipse.jetty.server.Server - jetty-9.4.7.v20170914
18:35:09.244 [main] INFO  org.eclipse.jetty.server.session - DefaultSessionIdManager workerName=node0
18:35:09.244 [main] INFO  org.eclipse.jetty.server.session - No SessionScavenger set, using defaults
18:35:09.246 [main] INFO  org.eclipse.jetty.server.session - Scavenging every 600000ms
18:35:09.253 [main] INFO  o.e.j.server.handler.ContextHandler.application - Initializing Spring embedded WebApplicationContext
18:35:09.253 [main] INFO  org.springframework.web.context.ContextLoader - Root WebApplicationContext: initialization completed in 1780 ms
18:35:09.950 [main] INFO  o.s.boot.web.servlet.FilterRegistrationBean - Mapping filter: 'metricsFilter' to: [/*]
18:35:09.952 [main] INFO  o.s.boot.web.servlet.FilterRegistrationBean - Mapping filter: 'characterEncodingFilter' to: [/*]
18:35:09.952 [main] INFO  o.s.boot.web.servlet.FilterRegistrationBean - Mapping filter: 'hiddenHttpMethodFilter' to: [/*]
18:35:09.952 [main] INFO  o.s.boot.web.servlet.FilterRegistrationBean - Mapping filter: 'httpPutFormContentFilter' to: [/*]
18:35:09.952 [main] INFO  o.s.boot.web.servlet.FilterRegistrationBean - Mapping filter: 'requestContextFilter' to: [/*]
18:35:09.952 [main] INFO  o.s.boot.web.servlet.FilterRegistrationBean - Mapping filter: 'webRequestTraceFilter' to: [/*]
18:35:09.952 [main] INFO  o.s.boot.web.servlet.FilterRegistrationBean - Mapping filter: 'servletContainer' to urls: [/eureka/*]
18:35:09.952 [main] INFO  o.s.boot.web.servlet.FilterRegistrationBean - Mapping filter: 'applicationContextIdFilter' to: [/*]
18:35:09.953 [main] INFO  o.s.boot.web.servlet.ServletRegistrationBean - Mapping servlet: 'dispatcherServlet' to [/]
18:35:09.954 [main] INFO  org.eclipse.jetty.server.handler.ContextHandler - Started o.s.b.c.e.j.JettyEmbeddedWebAppContext@13234ac9{/,[file:///C:/Users/Administrator/AppData/Local/Temp/jetty-docbase.876145065561797114.7000/],AVAILABLE}
18:35:09.954 [main] INFO  org.eclipse.jetty.server.Server - Started @9217ms
18:35:10.222 [main] WARN  o.s.c.netflix.archaius.ArchaiusAutoConfiguration - No spring.application.name found, defaulting to 'application'
18:35:10.227 [main] WARN  com.netflix.config.sources.URLConfigurationSource - No URLs will be polled as dynamic configuration sources.
18:35:10.227 [main] INFO  com.netflix.config.sources.URLConfigurationSource - To enable URLs as dynamic configuration sources, define System property archaius.configurationSource.additionalUrls or make config.properties available on classpath.
18:35:10.233 [main] WARN  com.netflix.config.sources.URLConfigurationSource - No URLs will be polled as dynamic configuration sources.
18:35:10.233 [main] INFO  com.netflix.config.sources.URLConfigurationSource - To enable URLs as dynamic configuration sources, define System property archaius.configurationSource.additionalUrls or make config.properties available on classpath.
18:35:10.635 [main] INFO  o.s.w.s.m.m.a.RequestMappingHandlerAdapter - Looking for @ControllerAdvice: org.springframework.boot.context.embedded.AnnotationConfigEmbeddedWebApplicationContext@60baef24: startup date [Tue Feb 16 18:35:07 CST 2021]; parent: org.springframework.context.annotation.AnnotationConfigApplicationContext@57abad67
18:35:10.762 [main] INFO  o.s.w.s.m.m.a.RequestMappingHandlerMapping - Mapped "{[/error]}" onto public org.springframework.http.ResponseEntity<java.util.Map<java.lang.String, java.lang.Object>> org.springframework.boot.autoconfigure.web.BasicErrorController.error(javax.servlet.http.HttpServletRequest)
18:35:10.763 [main] INFO  o.s.w.s.m.m.a.RequestMappingHandlerMapping - Mapped "{[/error],produces=[text/html]}" onto public org.springframework.web.servlet.ModelAndView org.springframework.boot.autoconfigure.web.BasicErrorController.errorHtml(javax.servlet.http.HttpServletRequest,javax.servlet.http.HttpServletResponse)
18:35:10.770 [main] INFO  o.s.w.s.m.m.a.RequestMappingHandlerMapping - Mapped "{[/],methods=[GET]}" onto public java.lang.String org.springframework.cloud.netflix.eureka.server.EurekaController.status(javax.servlet.http.HttpServletRequest,java.util.Map<java.lang.String, java.lang.Object>)
18:35:10.770 [main] INFO  o.s.w.s.m.m.a.RequestMappingHandlerMapping - Mapped "{[/lastn],methods=[GET]}" onto public java.lang.String org.springframework.cloud.netflix.eureka.server.EurekaController.lastn(javax.servlet.http.HttpServletRequest,java.util.Map<java.lang.String, java.lang.Object>)
18:35:10.809 [main] INFO  o.s.web.servlet.handler.SimpleUrlHandlerMapping - Mapped URL path [/webjars/**] onto handler of type [class org.springframework.web.servlet.resource.ResourceHttpRequestHandler]
18:35:10.809 [main] INFO  o.s.web.servlet.handler.SimpleUrlHandlerMapping - Mapped URL path [/**] onto handler of type [class org.springframework.web.servlet.resource.ResourceHttpRequestHandler]
18:35:10.872 [main] INFO  o.s.web.servlet.handler.SimpleUrlHandlerMapping - Mapped URL path [/**/favicon.ico] onto handler of type [class org.springframework.web.servlet.resource.ResourceHttpRequestHandler]
18:35:12.533 [main] INFO  org.springframework.cloud.commons.util.InetUtils - Cannot determine local hostname
18:35:14.258 [main] INFO  org.springframework.cloud.commons.util.InetUtils - Cannot determine local hostname
18:35:15.654 [main] INFO  org.mongodb.driver.cluster - Cluster created with settings {hosts=[127.0.0.1:27017], mode=SINGLE, requiredClusterType=UNKNOWN, serverSelectionTimeout='30000 ms', maxWaitQueueSize=500}
18:35:15.727 [cluster-ClusterId{value='602b9fe3f60c153e40394782', description='null'}-127.0.0.1:27017] INFO  org.mongodb.driver.connection - Opened connection [connectionId{localValue:1, serverValue:3}] to 127.0.0.1:27017
18:35:15.730 [cluster-ClusterId{value='602b9fe3f60c153e40394782', description='null'}-127.0.0.1:27017] INFO  org.mongodb.driver.cluster - Monitor thread successfully connected to server with description ServerDescription{address=127.0.0.1:27017, type=STANDALONE, state=CONNECTED, ok=true, version=ServerVersion{versionList=[4, 4, 3]}, minWireVersion=0, maxWireVersion=9, maxDocumentSize=16777216, roundTripTimeNanos=660300}
18:35:16.281 [main] INFO  o.s.b.actuate.endpoint.mvc.EndpointHandlerMapping - Mapped "{[/monitor/metrics/{name:.*}],methods=[GET],produces=[application/vnd.spring-boot.actuator.v1+json || application/json]}" onto public java.lang.Object org.springframework.boot.actuate.endpoint.mvc.MetricsMvcEndpoint.value(java.lang.String)
18:35:16.282 [main] INFO  o.s.b.actuate.endpoint.mvc.EndpointHandlerMapping - Mapped "{[/monitor/metrics || /monitor/metrics.json],methods=[GET],produces=[application/vnd.spring-boot.actuator.v1+json || application/json]}" onto public java.lang.Object org.springframework.boot.actuate.endpoint.mvc.EndpointMvcAdapter.invoke()
18:35:16.282 [main] INFO  o.s.b.actuate.endpoint.mvc.EndpointHandlerMapping - Mapped "{[/monitor/mappings || /monitor/mappings.json],methods=[GET],produces=[application/vnd.spring-boot.actuator.v1+json || application/json]}" onto public java.lang.Object org.springframework.boot.actuate.endpoint.mvc.EndpointMvcAdapter.invoke()
18:35:16.283 [main] INFO  o.s.b.actuate.endpoint.mvc.EndpointHandlerMapping - Mapped "{[/monitor/heapdump || /monitor/heapdump.json],methods=[GET],produces=[application/octet-stream]}" onto public void org.springframework.boot.actuate.endpoint.mvc.HeapdumpMvcEndpoint.invoke(boolean,javax.servlet.http.HttpServletRequest,javax.servlet.http.HttpServletResponse) throws java.io.IOException,javax.servlet.ServletException
18:35:16.284 [main] INFO  o.s.b.actuate.endpoint.mvc.EndpointHandlerMapping - Mapped "{[/monitor/autoconfig || /monitor/autoconfig.json],methods=[GET],produces=[application/vnd.spring-boot.actuator.v1+json || application/json]}" onto public java.lang.Object org.springframework.boot.actuate.endpoint.mvc.EndpointMvcAdapter.invoke()
18:35:16.285 [main] INFO  o.s.b.actuate.endpoint.mvc.EndpointHandlerMapping - Mapped "{[/monitor/env/{name:.*}],methods=[GET],produces=[application/vnd.spring-boot.actuator.v1+json || application/json]}" onto public java.lang.Object org.springframework.boot.actuate.endpoint.mvc.EnvironmentMvcEndpoint.value(java.lang.String)
18:35:16.285 [main] INFO  o.s.b.actuate.endpoint.mvc.EndpointHandlerMapping - Mapped "{[/monitor/env || /monitor/env.json],methods=[GET],produces=[application/vnd.spring-boot.actuator.v1+json || application/json]}" onto public java.lang.Object org.springframework.boot.actuate.endpoint.mvc.EndpointMvcAdapter.invoke()
18:35:16.287 [main] INFO  o.s.b.actuate.endpoint.mvc.EndpointHandlerMapping - Mapped "{[/monitor/beans || /monitor/beans.json],methods=[GET],produces=[application/vnd.spring-boot.actuator.v1+json || application/json]}" onto public java.lang.Object org.springframework.boot.actuate.endpoint.mvc.EndpointMvcAdapter.invoke()
18:35:16.289 [main] INFO  o.s.b.actuate.endpoint.mvc.EndpointHandlerMapping - Mapped "{[/monitor/auditevents || /monitor/auditevents.json],methods=[GET],produces=[application/vnd.spring-boot.actuator.v1+json || application/json]}" onto public org.springframework.http.ResponseEntity<?> org.springframework.boot.actuate.endpoint.mvc.AuditEventsMvcEndpoint.findByPrincipalAndAfterAndType(java.lang.String,java.util.Date,java.lang.String)
18:35:16.290 [main] INFO  o.s.b.actuate.endpoint.mvc.EndpointHandlerMapping - Mapped "{[/monitor/loggers/{name:.*}],methods=[GET],produces=[application/vnd.spring-boot.actuator.v1+json || application/json]}" onto public java.lang.Object org.springframework.boot.actuate.endpoint.mvc.LoggersMvcEndpoint.get(java.lang.String)
18:35:16.291 [main] INFO  o.s.b.actuate.endpoint.mvc.EndpointHandlerMapping - Mapped "{[/monitor/loggers/{name:.*}],methods=[POST],consumes=[application/vnd.spring-boot.actuator.v1+json || application/json],produces=[application/vnd.spring-boot.actuator.v1+json || application/json]}" onto public java.lang.Object org.springframework.boot.actuate.endpoint.mvc.LoggersMvcEndpoint.set(java.lang.String,java.util.Map<java.lang.String, java.lang.String>)
18:35:16.291 [main] INFO  o.s.b.actuate.endpoint.mvc.EndpointHandlerMapping - Mapped "{[/monitor/loggers || /monitor/loggers.json],methods=[GET],produces=[application/vnd.spring-boot.actuator.v1+json || application/json]}" onto public java.lang.Object org.springframework.boot.actuate.endpoint.mvc.EndpointMvcAdapter.invoke()
18:35:16.291 [main] INFO  o.s.b.actuate.endpoint.mvc.EndpointHandlerMapping - Mapped "{[/monitor/archaius || /monitor/archaius.json],methods=[GET],produces=[application/vnd.spring-boot.actuator.v1+json || application/json]}" onto public java.lang.Object org.springframework.boot.actuate.endpoint.mvc.EndpointMvcAdapter.invoke()
18:35:16.292 [main] INFO  o.s.b.actuate.endpoint.mvc.EndpointHandlerMapping - Mapped "{[/monitor/info || /monitor/info.json],methods=[GET],produces=[application/vnd.spring-boot.actuator.v1+json || application/json]}" onto public java.lang.Object org.springframework.boot.actuate.endpoint.mvc.EndpointMvcAdapter.invoke()
18:35:16.292 [main] INFO  o.s.b.actuate.endpoint.mvc.EndpointHandlerMapping - Mapped "{[/monitor/features || /monitor/features.json],methods=[GET],produces=[application/vnd.spring-boot.actuator.v1+json || application/json]}" onto public java.lang.Object org.springframework.boot.actuate.endpoint.mvc.EndpointMvcAdapter.invoke()
18:35:16.293 [main] INFO  o.s.b.actuate.endpoint.mvc.EndpointHandlerMapping - Mapped "{[/monitor/configprops || /monitor/configprops.json],methods=[GET],produces=[application/vnd.spring-boot.actuator.v1+json || application/json]}" onto public java.lang.Object org.springframework.boot.actuate.endpoint.mvc.EndpointMvcAdapter.invoke()
18:35:16.293 [main] INFO  o.s.b.actuate.endpoint.mvc.EndpointHandlerMapping - Mapped "{[/monitor/dump || /monitor/dump.json],methods=[GET],produces=[application/vnd.spring-boot.actuator.v1+json || application/json]}" onto public java.lang.Object org.springframework.boot.actuate.endpoint.mvc.EndpointMvcAdapter.invoke()
18:35:16.293 [main] INFO  o.s.b.actuate.endpoint.mvc.EndpointHandlerMapping - Mapped "{[/monitor/refresh || /monitor/refresh.json],methods=[POST]}" onto public java.lang.Object org.springframework.cloud.endpoint.GenericPostableMvcEndpoint.invoke()
18:35:16.294 [main] INFO  o.s.b.actuate.endpoint.mvc.EndpointHandlerMapping - Mapped "{[/monitor/health || /monitor/health.json],methods=[GET],produces=[application/vnd.spring-boot.actuator.v1+json || application/json]}" onto public java.lang.Object org.springframework.boot.actuate.endpoint.mvc.HealthMvcEndpoint.invoke(javax.servlet.http.HttpServletRequest,java.security.Principal)
18:35:16.295 [main] INFO  o.s.b.actuate.endpoint.mvc.EndpointHandlerMapping - Mapped "{[/monitor/service-registry/instance-status],methods=[POST]}" onto public org.springframework.http.ResponseEntity<?> org.springframework.cloud.client.serviceregistry.endpoint.ServiceRegistryEndpoint.setStatus(java.lang.String)
18:35:16.295 [main] INFO  o.s.b.actuate.endpoint.mvc.EndpointHandlerMapping - Mapped "{[/monitor/service-registry/instance-status],methods=[GET]}" onto public org.springframework.http.ResponseEntity org.springframework.cloud.client.serviceregistry.endpoint.ServiceRegistryEndpoint.getStatus()
18:35:16.295 [main] INFO  o.s.b.actuate.endpoint.mvc.EndpointHandlerMapping - Mapped "{[/monitor/trace || /monitor/trace.json],methods=[GET],produces=[application/vnd.spring-boot.actuator.v1+json || application/json]}" onto public java.lang.Object org.springframework.boot.actuate.endpoint.mvc.EndpointMvcAdapter.invoke()
18:35:16.296 [main] INFO  o.s.b.actuate.endpoint.mvc.EndpointHandlerMapping - Mapped "{[/monitor/env],methods=[POST]}" onto public java.lang.Object org.springframework.cloud.context.environment.EnvironmentManagerMvcEndpoint.value(java.util.Map<java.lang.String, java.lang.String>)
18:35:16.296 [main] INFO  o.s.b.actuate.endpoint.mvc.EndpointHandlerMapping - Mapped "{[/monitor/env/reset],methods=[POST]}" onto public java.util.Map<java.lang.String, java.lang.Object> org.springframework.cloud.context.environment.EnvironmentManagerMvcEndpoint.reset()
18:35:16.532 [main] INFO  o.s.ui.freemarker.SpringTemplateLoader - SpringTemplateLoader for FreeMarker: using resource loader [org.springframework.boot.context.embedded.AnnotationConfigEmbeddedWebApplicationContext@60baef24: startup date [Tue Feb 16 18:35:07 CST 2021]; parent: org.springframework.context.annotation.AnnotationConfigApplicationContext@57abad67] and template loader path [classpath:/templates/]
18:35:16.532 [main] INFO  o.s.w.servlet.view.freemarker.FreeMarkerConfigurer - ClassTemplateLoader for Spring macros added to FreeMarker configuration
18:35:16.896 [main] INFO  o.s.cloud.netflix.eureka.InstanceInfoFactory - Setting initial instance status as: STARTING
18:35:16.941 [main] INFO  com.netflix.discovery.DiscoveryClient - Initializing Eureka in region us-east-1
18:35:16.941 [main] INFO  com.netflix.discovery.DiscoveryClient - Client configured to neither register nor query for data.
18:35:16.949 [main] INFO  com.netflix.discovery.DiscoveryClient - Discovery Client initialized at timestamp 1613471716949 with initial instances count: 0
18:35:17.016 [main] INFO  com.netflix.eureka.DefaultEurekaServerContext - Initializing ...
18:35:17.017 [main] INFO  com.netflix.eureka.cluster.PeerEurekaNodes - Adding new peer nodes [http://127.0.0.1:7000/eureka/]
18:35:17.091 [main] INFO  c.n.discovery.provider.DiscoveryJerseyProvider - Using JSON encoding codec LegacyJacksonJson
18:35:17.091 [main] INFO  c.n.discovery.provider.DiscoveryJerseyProvider - Using JSON decoding codec LegacyJacksonJson
18:35:17.092 [main] INFO  c.n.discovery.provider.DiscoveryJerseyProvider - Using XML encoding codec XStreamXml
18:35:17.092 [main] INFO  c.n.discovery.provider.DiscoveryJerseyProvider - Using XML decoding codec XStreamXml
18:35:17.409 [main] INFO  com.netflix.eureka.cluster.PeerEurekaNodes - Replica node URL:  http://127.0.0.1:7000/eureka/
18:35:17.417 [main] INFO  c.netflix.eureka.registry.AbstractInstanceRegistry - Finished initializing remote region registries. All known remote regions: []
18:35:17.417 [main] INFO  com.netflix.eureka.DefaultEurekaServerContext - Initialized
18:35:17.439 [main] WARN  o.s.c.s.e.EurekaStarterDeprecationWarningAutoConfiguration - spring-cloud-starter-eureka is deprecated as of Spring Cloud Netflix 1.4.0, please migrate to spring-cloud-starter-netflix-eureka
18:35:17.444 [main] WARN  o.s.c.s.e.s.EurekaServerStarterDeprecationWarningAutoConfiguration - spring-cloud-starter-eureka-server is deprecated as of Spring Cloud Netflix 1.4.0, please migrate to spring-cloud-starter-netflix-eureka-server
18:35:17.700 [main] INFO  o.s.jmx.export.annotation.AnnotationMBeanExporter - Registering beans for JMX exposure on startup
18:35:17.717 [main] INFO  o.s.jmx.export.annotation.AnnotationMBeanExporter - Bean with name 'environmentManager' has been autodetected for JMX exposure
18:35:17.723 [main] INFO  o.s.jmx.export.annotation.AnnotationMBeanExporter - Bean with name 'configurationPropertiesRebinder' has been autodetected for JMX exposure
18:35:17.724 [main] INFO  o.s.jmx.export.annotation.AnnotationMBeanExporter - Bean with name 'refreshEndpoint' has been autodetected for JMX exposure
18:35:17.725 [main] INFO  o.s.jmx.export.annotation.AnnotationMBeanExporter - Bean with name 'serviceRegistryEndpoint' has been autodetected for JMX exposure
18:35:17.726 [main] INFO  o.s.jmx.export.annotation.AnnotationMBeanExporter - Bean with name 'refreshScope' has been autodetected for JMX exposure
18:35:17.728 [main] INFO  o.s.jmx.export.annotation.AnnotationMBeanExporter - Located managed bean 'environmentManager': registering with JMX server as MBean [org.springframework.cloud.context.environment:name=environmentManager,type=EnvironmentManager]
18:35:17.749 [main] INFO  o.s.jmx.export.annotation.AnnotationMBeanExporter - Located managed bean 'serviceRegistryEndpoint': registering with JMX server as MBean [org.springframework.cloud.client.serviceregistry.endpoint:name=serviceRegistryEndpoint,type=ServiceRegistryEndpoint]
18:35:17.757 [main] INFO  o.s.jmx.export.annotation.AnnotationMBeanExporter - Located managed bean 'refreshScope': registering with JMX server as MBean [org.springframework.cloud.context.scope.refresh:name=refreshScope,type=RefreshScope]
18:35:17.771 [main] INFO  o.s.jmx.export.annotation.AnnotationMBeanExporter - Located managed bean 'configurationPropertiesRebinder': registering with JMX server as MBean [org.springframework.cloud.context.properties:name=configurationPropertiesRebinder,context=60baef24,type=ConfigurationPropertiesRebinder]
18:35:17.778 [main] INFO  o.s.jmx.export.annotation.AnnotationMBeanExporter - Located managed bean 'refreshEndpoint': registering with JMX server as MBean [org.springframework.cloud.endpoint:name=refreshEndpoint,type=RefreshEndpoint]
18:35:17.781 [main] INFO  o.s.b.actuate.endpoint.jmx.EndpointMBeanExporter - Registering beans for JMX exposure on startup
18:35:18.115 [main] INFO  o.s.context.support.DefaultLifecycleProcessor - Starting beans in phase 0
18:35:18.116 [main] INFO  o.s.c.n.e.serviceregistry.EurekaServiceRegistry - Registering application unknown with eureka with status UP
18:35:18.119 [main] INFO  o.s.b.actuate.endpoint.jmx.EndpointMBeanExporter - Located managed bean 'auditEventsEndpoint': registering with JMX server as MBean [org.springframework.boot:type=Endpoint,name=auditEventsEndpoint]
18:35:18.124 [main] INFO  o.s.b.actuate.endpoint.jmx.EndpointMBeanExporter - Located managed bean 'archaiusEndpoint': registering with JMX server as MBean [org.springframework.boot:type=Endpoint,name=archaiusEndpoint]
18:35:18.132 [main] INFO  o.s.b.actuate.endpoint.jmx.EndpointMBeanExporter - Located managed bean 'featuresEndpoint': registering with JMX server as MBean [org.springframework.boot:type=Endpoint,name=featuresEndpoint]
18:35:18.134 [main] INFO  o.s.b.actuate.endpoint.jmx.EndpointMBeanExporter - Located managed bean 'requestMappingEndpoint': registering with JMX server as MBean [org.springframework.boot:type=Endpoint,name=requestMappingEndpoint]
18:35:18.136 [main] INFO  o.s.b.actuate.endpoint.jmx.EndpointMBeanExporter - Located managed bean 'environmentEndpoint': registering with JMX server as MBean [org.springframework.boot:type=Endpoint,name=environmentEndpoint]
18:35:18.138 [main] INFO  o.s.b.actuate.endpoint.jmx.EndpointMBeanExporter - Located managed bean 'healthEndpoint': registering with JMX server as MBean [org.springframework.boot:type=Endpoint,name=healthEndpoint]
18:35:18.140 [main] INFO  o.s.b.actuate.endpoint.jmx.EndpointMBeanExporter - Located managed bean 'beansEndpoint': registering with JMX server as MBean [org.springframework.boot:type=Endpoint,name=beansEndpoint]
18:35:18.142 [main] INFO  o.s.b.actuate.endpoint.jmx.EndpointMBeanExporter - Located managed bean 'infoEndpoint': registering with JMX server as MBean [org.springframework.boot:type=Endpoint,name=infoEndpoint]
18:35:18.144 [main] INFO  o.s.b.actuate.endpoint.jmx.EndpointMBeanExporter - Located managed bean 'loggersEndpoint': registering with JMX server as MBean [org.springframework.boot:type=Endpoint,name=loggersEndpoint]
18:35:18.149 [main] INFO  o.s.b.actuate.endpoint.jmx.EndpointMBeanExporter - Located managed bean 'metricsEndpoint': registering with JMX server as MBean [org.springframework.boot:type=Endpoint,name=metricsEndpoint]
18:35:18.151 [main] INFO  o.s.b.actuate.endpoint.jmx.EndpointMBeanExporter - Located managed bean 'traceEndpoint': registering with JMX server as MBean [org.springframework.boot:type=Endpoint,name=traceEndpoint]
18:35:18.153 [main] INFO  o.s.b.actuate.endpoint.jmx.EndpointMBeanExporter - Located managed bean 'dumpEndpoint': registering with JMX server as MBean [org.springframework.boot:type=Endpoint,name=dumpEndpoint]
18:35:18.155 [main] INFO  o.s.b.actuate.endpoint.jmx.EndpointMBeanExporter - Located managed bean 'autoConfigurationReportEndpoint': registering with JMX server as MBean [org.springframework.boot:type=Endpoint,name=autoConfigurationReportEndpoint]
18:35:18.156 [main] INFO  o.s.b.actuate.endpoint.jmx.EndpointMBeanExporter - Located managed bean 'configurationPropertiesReportEndpoint': registering with JMX server as MBean [org.springframework.boot:type=Endpoint,name=configurationPropertiesReportEndpoint]
18:35:18.158 [Thread-50] INFO  o.s.c.netflix.eureka.server.EurekaServerBootstrap - Setting the eureka configuration..
18:35:18.159 [Thread-50] INFO  o.s.c.netflix.eureka.server.EurekaServerBootstrap - Eureka data center value eureka.datacenter is not set, defaulting to default
18:35:18.159 [Thread-50] INFO  o.s.c.netflix.eureka.server.EurekaServerBootstrap - Eureka environment value eureka.environment is not set, defaulting to test
18:35:18.173 [Thread-50] INFO  o.s.c.netflix.eureka.server.EurekaServerBootstrap - isAws returned false
18:35:18.174 [Thread-50] INFO  o.s.c.netflix.eureka.server.EurekaServerBootstrap - Initialized server context
18:35:18.174 [Thread-50] INFO  c.n.eureka.registry.PeerAwareInstanceRegistryImpl - Got 1 instances from neighboring DS node
18:35:18.174 [Thread-50] INFO  c.n.eureka.registry.PeerAwareInstanceRegistryImpl - Renew threshold is: 1
18:35:18.174 [Thread-50] INFO  c.n.eureka.registry.PeerAwareInstanceRegistryImpl - Changing status to UP
18:35:18.180 [Thread-50] INFO  o.s.c.n.e.s.EurekaServerInitializerConfiguration - Started Eureka Server
18:35:18.181 [Thread-50] INFO  c.bizzan.bitrade.listenConfig.EurekaStateListener - 注册中心启动,1613471718181
18:35:18.182 [Thread-50] INFO  c.bizzan.bitrade.listenConfig.EurekaStateListener - 注册中心服务端启动,1613471718182
18:35:18.223 [main] INFO  c.s.j.server.impl.application.WebApplicationImpl - Initiating Jersey application, version 'Jersey: 1.19.1 03/11/2016 02:08 PM'
18:35:18.269 [main] INFO  c.n.discovery.provider.DiscoveryJerseyProvider - Using JSON encoding codec LegacyJacksonJson
18:35:18.269 [main] INFO  c.n.discovery.provider.DiscoveryJerseyProvider - Using JSON decoding codec LegacyJacksonJson
18:35:18.269 [main] INFO  c.n.discovery.provider.DiscoveryJerseyProvider - Using XML encoding codec XStreamXml
18:35:18.269 [main] INFO  c.n.discovery.provider.DiscoveryJerseyProvider - Using XML decoding codec XStreamXml
18:35:18.657 [main] INFO  o.e.j.server.handler.ContextHandler.application - Initializing Spring FrameworkServlet 'dispatcherServlet'
18:35:18.657 [main] INFO  org.springframework.web.servlet.DispatcherServlet - FrameworkServlet 'dispatcherServlet': initialization started
18:35:18.679 [main] INFO  org.springframework.web.servlet.DispatcherServlet - FrameworkServlet 'dispatcherServlet': initialization completed in 21 ms
18:35:18.709 [main] INFO  org.eclipse.jetty.server.AbstractConnector - Started ServerConnector@7254838{HTTP/1.1,[http/1.1]}{0.0.0.0:7000}
18:35:18.712 [main] INFO  o.s.b.c.e.jetty.JettyEmbeddedServletContainer - Jetty started on port(s) 7000 (http/1.1)
18:35:18.712 [main] INFO  o.s.c.n.e.s.EurekaAutoServiceRegistration - Updating port to 7000
18:35:18.716 [main] INFO  com.bizzan.bitrade.CloudApplication - Started CloudApplication in 15.883 seconds (JVM running for 17.978)
18:35:20.059 [RMI TCP Connection(1)-192.168.50.1] WARN  o.s.boot.actuate.health.MailHealthIndicator - Health check failed
com.sun.mail.util.MailConnectException: Couldn't connect to host, port: localhost, 25; timeout -1
	at com.sun.mail.smtp.SMTPTransport.openServer(SMTPTransport.java:2118)
	at com.sun.mail.smtp.SMTPTransport.protocolConnect(SMTPTransport.java:712)
	at javax.mail.Service.connect(Service.java:366)
	at org.springframework.mail.javamail.JavaMailSenderImpl.connectTransport(JavaMailSenderImpl.java:501)
	at org.springframework.mail.javamail.JavaMailSenderImpl.testConnection(JavaMailSenderImpl.java:382)
	at org.springframework.boot.actuate.health.MailHealthIndicator.doHealthCheck(MailHealthIndicator.java:40)
	at org.springframework.boot.actuate.health.AbstractHealthIndicator.health(AbstractHealthIndicator.java:43)
	at org.springframework.boot.actuate.health.CompositeHealthIndicator.health(CompositeHealthIndicator.java:68)
	at org.springframework.boot.actuate.endpoint.HealthEndpoint.invoke(HealthEndpoint.java:85)
	at org.springframework.boot.actuate.endpoint.HealthEndpoint.invoke(HealthEndpoint.java:35)
	at org.springframework.boot.actuate.endpoint.jmx.DataEndpointMBean.getData(DataEndpointMBean.java:46)
	at sun.reflect.NativeMethodAccessorImpl.invoke0(Native Method)
	at sun.reflect.NativeMethodAccessorImpl.invoke(NativeMethodAccessorImpl.java:62)
	at sun.reflect.DelegatingMethodAccessorImpl.invoke(DelegatingMethodAccessorImpl.java:43)
	at java.lang.reflect.Method.invoke(Method.java:498)
	at sun.reflect.misc.Trampoline.invoke(MethodUtil.java:71)
	at sun.reflect.GeneratedMethodAccessor96.invoke(Unknown Source)
	at sun.reflect.DelegatingMethodAccessorImpl.invoke(DelegatingMethodAccessorImpl.java:43)
	at java.lang.reflect.Method.invoke(Method.java:498)
	at sun.reflect.misc.MethodUtil.invoke(MethodUtil.java:275)
	at javax.management.modelmbean.RequiredModelMBean$4.run(RequiredModelMBean.java:1252)
	at java.security.AccessController.doPrivileged(Native Method)
	at java.security.ProtectionDomain$JavaSecurityAccessImpl.doIntersectionPrivilege(ProtectionDomain.java:80)
	at javax.management.modelmbean.RequiredModelMBean.invokeMethod(RequiredModelMBean.java:1246)
	at javax.management.modelmbean.RequiredModelMBean.invoke(RequiredModelMBean.java:1085)
	at org.springframework.jmx.export.SpringModelMBean.invoke(SpringModelMBean.java:90)
	at javax.management.modelmbean.RequiredModelMBean.getAttribute(RequiredModelMBean.java:1562)
	at org.springframework.jmx.export.SpringModelMBean.getAttribute(SpringModelMBean.java:109)
	at com.sun.jmx.interceptor.DefaultMBeanServerInterceptor.getAttribute(DefaultMBeanServerInterceptor.java:647)
	at com.sun.jmx.mbeanserver.JmxMBeanServer.getAttribute(JmxMBeanServer.java:678)
	at javax.management.remote.rmi.RMIConnectionImpl.doOperation(RMIConnectionImpl.java:1445)
	at javax.management.remote.rmi.RMIConnectionImpl.access$300(RMIConnectionImpl.java:76)
	at javax.management.remote.rmi.RMIConnectionImpl$PrivilegedOperation.run(RMIConnectionImpl.java:1309)
	at javax.management.remote.rmi.RMIConnectionImpl.doPrivilegedOperation(RMIConnectionImpl.java:1401)
	at javax.management.remote.rmi.RMIConnectionImpl.getAttribute(RMIConnectionImpl.java:639)
	at sun.reflect.GeneratedMethodAccessor44.invoke(Unknown Source)
	at sun.reflect.DelegatingMethodAccessorImpl.invoke(DelegatingMethodAccessorImpl.java:43)
	at java.lang.reflect.Method.invoke(Method.java:498)
	at sun.rmi.server.UnicastServerRef.dispatch(UnicastServerRef.java:346)
	at sun.rmi.transport.Transport$1.run(Transport.java:200)
	at sun.rmi.transport.Transport$1.run(Transport.java:197)
	at java.security.AccessController.doPrivileged(Native Method)
	at sun.rmi.transport.Transport.serviceCall(Transport.java:196)
	at sun.rmi.transport.tcp.TCPTransport.handleMessages(TCPTransport.java:568)
	at sun.rmi.transport.tcp.TCPTransport$ConnectionHandler.run0(TCPTransport.java:826)
	at sun.rmi.transport.tcp.TCPTransport$ConnectionHandler.lambda$run$0(TCPTransport.java:683)
	at java.security.AccessController.doPrivileged(Native Method)
	at sun.rmi.transport.tcp.TCPTransport$ConnectionHandler.run(TCPTransport.java:682)
	at java.util.concurrent.ThreadPoolExecutor.runWorker(ThreadPoolExecutor.java:1142)
	at java.util.concurrent.ThreadPoolExecutor$Worker.run(ThreadPoolExecutor.java:617)
	at java.lang.Thread.run(Thread.java:748)
Caused by: java.net.ConnectException: Connection refused: connect
	at java.net.DualStackPlainSocketImpl.connect0(Native Method)
	at java.net.DualStackPlainSocketImpl.socketConnect(DualStackPlainSocketImpl.java:79)
	at java.net.AbstractPlainSocketImpl.doConnect(AbstractPlainSocketImpl.java:350)
	at java.net.AbstractPlainSocketImpl.connectToAddress(AbstractPlainSocketImpl.java:206)
	at java.net.AbstractPlainSocketImpl.connect(AbstractPlainSocketImpl.java:188)
	at java.net.PlainSocketImpl.connect(PlainSocketImpl.java:172)
	at java.net.SocksSocketImpl.connect(SocksSocketImpl.java:392)
	at java.net.Socket.connect(Socket.java:589)
	at java.net.Socket.connect(Socket.java:538)
	at com.sun.mail.util.SocketFetcher.createSocket(SocketFetcher.java:331)
	at com.sun.mail.util.SocketFetcher.getSocket(SocketFetcher.java:238)
	at com.sun.mail.smtp.SMTPTransport.openServer(SMTPTransport.java:2084)
	... 50 common frames omitted
18:35:20.169 [RMI TCP Connection(1)-192.168.50.1] INFO  org.mongodb.driver.connection - Opened connection [connectionId{localValue:2, serverValue:4}] to 127.0.0.1:27017
18:36:18.175 [Eureka-EvictionTimer] INFO  c.netflix.eureka.registry.AbstractInstanceRegistry - Running the evict task with compensationTime 0ms
18:37:18.176 [Eureka-EvictionTimer] INFO  c.netflix.eureka.registry.AbstractInstanceRegistry - Running the evict task with compensationTime 0ms
18:38:18.176 [Eureka-EvictionTimer] INFO  c.netflix.eureka.registry.AbstractInstanceRegistry - Running the evict task with compensationTime 0ms
18:38:26.268 [qtp1429007847-37] INFO  c.bizzan.bitrade.listenConfig.EurekaStateListener - 服务SERVICE-EXCHANGE-TRADE
192.168.100.1:6005 
ip: 192.168.100.1进行注册
18:38:26.287 [qtp1429007847-37] ERROR c.bizzan.bitrade.listenConfig.EurekaStateListener -  【cloud】 EurekaStateListener 邮件推送异常：Illegal address
18:38:26.305 [qtp1429007847-37] INFO  c.netflix.eureka.registry.AbstractInstanceRegistry - Registered instance SERVICE-EXCHANGE-TRADE/192.168.100.1:service-exchange-trade:6005 with status UP (replication=false)
18:38:26.973 [qtp1429007847-38] INFO  c.netflix.eureka.registry.AbstractInstanceRegistry - Registered instance SERVICE-EXCHANGE-TRADE/192.168.100.1:service-exchange-trade:6005 with status UP (replication=true)
18:38:56.091 [qtp1429007847-38] INFO  c.bizzan.bitrade.listenConfig.EurekaStateListener - 服务192.168.100.1:service-exchange-trade:6005  SERVICE-EXCHANGE-TRADE进行续约
18:38:56.605 [qtp1429007847-44] INFO  c.bizzan.bitrade.listenConfig.EurekaStateListener - 服务192.168.100.1:service-exchange-trade:6005  SERVICE-EXCHANGE-TRADE进行续约
18:39:18.176 [Eureka-EvictionTimer] INFO  c.netflix.eureka.registry.AbstractInstanceRegistry - Running the evict task with compensationTime 0ms
18:39:26.102 [qtp1429007847-44] INFO  c.bizzan.bitrade.listenConfig.EurekaStateListener - 服务192.168.100.1:service-exchange-trade:6005  SERVICE-EXCHANGE-TRADE进行续约
18:39:26.610 [qtp1429007847-44] INFO  c.bizzan.bitrade.listenConfig.EurekaStateListener - 服务192.168.100.1:service-exchange-trade:6005  SERVICE-EXCHANGE-TRADE进行续约
18:39:56.106 [qtp1429007847-38] INFO  c.bizzan.bitrade.listenConfig.EurekaStateListener - 服务192.168.100.1:service-exchange-trade:6005  SERVICE-EXCHANGE-TRADE进行续约
18:39:56.615 [qtp1429007847-38] INFO  c.bizzan.bitrade.listenConfig.EurekaStateListener - 服务192.168.100.1:service-exchange-trade:6005  SERVICE-EXCHANGE-TRADE进行续约
18:40:06.195 [qtp1429007847-43] INFO  c.bizzan.bitrade.listenConfig.EurekaStateListener - 服务BITRADE-MARKET
192.168.100.1:6004 
ip: 192.168.100.1进行注册
18:40:06.195 [qtp1429007847-43] ERROR c.bizzan.bitrade.listenConfig.EurekaStateListener -  【cloud】 EurekaStateListener 邮件推送异常：Illegal address
18:40:06.196 [qtp1429007847-43] INFO  c.netflix.eureka.registry.AbstractInstanceRegistry - Registered instance BITRADE-MARKET/192.168.100.1:bitrade-market:6004 with status UP (replication=false)
18:40:06.704 [qtp1429007847-38] INFO  c.netflix.eureka.registry.AbstractInstanceRegistry - Registered instance BITRADE-MARKET/192.168.100.1:bitrade-market:6004 with status UP (replication=true)
18:40:18.177 [Eureka-EvictionTimer] INFO  c.netflix.eureka.registry.AbstractInstanceRegistry - Running the evict task with compensationTime 0ms
18:40:26.114 [qtp1429007847-43] INFO  c.bizzan.bitrade.listenConfig.EurekaStateListener - 服务192.168.100.1:service-exchange-trade:6005  SERVICE-EXCHANGE-TRADE进行续约
18:40:26.653 [qtp1429007847-44] INFO  c.bizzan.bitrade.listenConfig.EurekaStateListener - 服务192.168.100.1:service-exchange-trade:6005  SERVICE-EXCHANGE-TRADE进行续约
18:40:36.125 [qtp1429007847-44] INFO  c.bizzan.bitrade.listenConfig.EurekaStateListener - 服务192.168.100.1:bitrade-market:6004  BITRADE-MARKET进行续约
18:40:36.636 [qtp1429007847-43] INFO  c.bizzan.bitrade.listenConfig.EurekaStateListener - 服务192.168.100.1:bitrade-market:6004  BITRADE-MARKET进行续约
18:40:56.129 [qtp1429007847-44] INFO  c.bizzan.bitrade.listenConfig.EurekaStateListener - 服务192.168.100.1:service-exchange-trade:6005  SERVICE-EXCHANGE-TRADE进行续约
18:40:56.646 [qtp1429007847-38] INFO  c.bizzan.bitrade.listenConfig.EurekaStateListener - 服务192.168.100.1:service-exchange-trade:6005  SERVICE-EXCHANGE-TRADE进行续约
18:41:06.131 [qtp1429007847-44] INFO  c.bizzan.bitrade.listenConfig.EurekaStateListener - 服务192.168.100.1:bitrade-market:6004  BITRADE-MARKET进行续约
18:41:06.641 [qtp1429007847-43] INFO  c.bizzan.bitrade.listenConfig.EurekaStateListener - 服务192.168.100.1:bitrade-market:6004  BITRADE-MARKET进行续约
18:41:18.178 [Eureka-EvictionTimer] INFO  c.netflix.eureka.registry.AbstractInstanceRegistry - Running the evict task with compensationTime 0ms
18:41:26.150 [qtp1429007847-44] INFO  c.bizzan.bitrade.listenConfig.EurekaStateListener - 服务192.168.100.1:service-exchange-trade:6005  SERVICE-EXCHANGE-TRADE进行续约
18:41:26.658 [qtp1429007847-38] INFO  c.bizzan.bitrade.listenConfig.EurekaStateListener - 服务192.168.100.1:service-exchange-trade:6005  SERVICE-EXCHANGE-TRADE进行续约
18:41:35.954 [qtp1429007847-44] INFO  c.bizzan.bitrade.listenConfig.EurekaStateListener - 服务UC
192.168.100.1:6001 
ip: 192.168.100.1进行注册
18:41:35.955 [qtp1429007847-44] ERROR c.bizzan.bitrade.listenConfig.EurekaStateListener -  【cloud】 EurekaStateListener 邮件推送异常：Illegal address
18:41:35.955 [qtp1429007847-44] INFO  c.netflix.eureka.registry.AbstractInstanceRegistry - Registered instance UC/192.168.100.1:uc:6001 with status UP (replication=false)
18:41:36.137 [qtp1429007847-38] INFO  c.bizzan.bitrade.listenConfig.EurekaStateListener - 服务192.168.100.1:bitrade-market:6004  BITRADE-MARKET进行续约
18:41:36.470 [qtp1429007847-44] INFO  c.netflix.eureka.registry.AbstractInstanceRegistry - Registered instance UC/192.168.100.1:uc:6001 with status UP (replication=true)
18:41:36.471 [qtp1429007847-44] INFO  c.bizzan.bitrade.listenConfig.EurekaStateListener - 服务192.168.100.1:bitrade-market:6004  BITRADE-MARKET进行续约
18:41:56.156 [qtp1429007847-38] INFO  c.bizzan.bitrade.listenConfig.EurekaStateListener - 服务192.168.100.1:service-exchange-trade:6005  SERVICE-EXCHANGE-TRADE进行续约
18:41:56.664 [qtp1429007847-43] INFO  c.bizzan.bitrade.listenConfig.EurekaStateListener - 服务192.168.100.1:service-exchange-trade:6005  SERVICE-EXCHANGE-TRADE进行续约
18:42:05.873 [qtp1429007847-44] INFO  c.bizzan.bitrade.listenConfig.EurekaStateListener - 服务192.168.100.1:uc:6001  UC进行续约
18:42:06.144 [qtp1429007847-38] INFO  c.bizzan.bitrade.listenConfig.EurekaStateListener - 服务192.168.100.1:bitrade-market:6004  BITRADE-MARKET进行续约
18:42:06.382 [qtp1429007847-44] INFO  c.bizzan.bitrade.listenConfig.EurekaStateListener - 服务192.168.100.1:uc:6001  UC进行续约
18:42:06.382 [qtp1429007847-44] INFO  c.bizzan.bitrade.listenConfig.EurekaStateListener - 服务192.168.100.1:bitrade-market:6004  BITRADE-MARKET进行续约
18:42:18.179 [Eureka-EvictionTimer] INFO  c.netflix.eureka.registry.AbstractInstanceRegistry - Running the evict task with compensationTime 0ms
18:42:26.162 [qtp1429007847-38] INFO  c.bizzan.bitrade.listenConfig.EurekaStateListener - 服务192.168.100.1:service-exchange-trade:6005  SERVICE-EXCHANGE-TRADE进行续约
18:42:26.673 [qtp1429007847-43] INFO  c.bizzan.bitrade.listenConfig.EurekaStateListener - 服务192.168.100.1:service-exchange-trade:6005  SERVICE-EXCHANGE-TRADE进行续约
18:42:35.879 [qtp1429007847-43] INFO  c.bizzan.bitrade.listenConfig.EurekaStateListener - 服务192.168.100.1:uc:6001  UC进行续约
18:42:36.148 [qtp1429007847-38] INFO  c.bizzan.bitrade.listenConfig.EurekaStateListener - 服务192.168.100.1:bitrade-market:6004  BITRADE-MARKET进行续约
18:42:36.393 [qtp1429007847-43] INFO  c.bizzan.bitrade.listenConfig.EurekaStateListener - 服务192.168.100.1:uc:6001  UC进行续约
18:42:36.394 [qtp1429007847-43] INFO  c.bizzan.bitrade.listenConfig.EurekaStateListener - 服务192.168.100.1:bitrade-market:6004  BITRADE-MARKET进行续约
18:42:38.973 [qtp1429007847-44] INFO  c.bizzan.bitrade.listenConfig.EurekaStateListener - 服务COLLEGE-API
192.168.100.1:6002 
ip: 192.168.100.1进行注册
18:42:38.973 [qtp1429007847-44] ERROR c.bizzan.bitrade.listenConfig.EurekaStateListener -  【cloud】 EurekaStateListener 邮件推送异常：Illegal address
18:42:38.974 [qtp1429007847-44] INFO  c.netflix.eureka.registry.AbstractInstanceRegistry - Registered instance COLLEGE-API/192.168.100.1:college-api:6002 with status UP (replication=false)
18:42:39.484 [qtp1429007847-38] INFO  c.netflix.eureka.registry.AbstractInstanceRegistry - Registered instance COLLEGE-API/192.168.100.1:college-api:6002 with status UP (replication=true)
18:42:56.173 [qtp1429007847-41] INFO  c.bizzan.bitrade.listenConfig.EurekaStateListener - 服务192.168.100.1:service-exchange-trade:6005  SERVICE-EXCHANGE-TRADE进行续约
18:42:56.682 [qtp1429007847-38] INFO  c.bizzan.bitrade.listenConfig.EurekaStateListener - 服务192.168.100.1:service-exchange-trade:6005  SERVICE-EXCHANGE-TRADE进行续约
18:43:05.888 [qtp1429007847-41] INFO  c.bizzan.bitrade.listenConfig.EurekaStateListener - 服务192.168.100.1:uc:6001  UC进行续约
18:43:06.153 [qtp1429007847-44] INFO  c.bizzan.bitrade.listenConfig.EurekaStateListener - 服务192.168.100.1:bitrade-market:6004  BITRADE-MARKET进行续约
18:43:06.398 [qtp1429007847-43] INFO  c.bizzan.bitrade.listenConfig.EurekaStateListener - 服务192.168.100.1:uc:6001  UC进行续约
18:43:06.398 [qtp1429007847-43] INFO  c.bizzan.bitrade.listenConfig.EurekaStateListener - 服务192.168.100.1:bitrade-market:6004  BITRADE-MARKET进行续约
18:43:08.927 [qtp1429007847-38] INFO  c.bizzan.bitrade.listenConfig.EurekaStateListener - 服务192.168.100.1:college-api:6002  COLLEGE-API进行续约
18:43:09.435 [qtp1429007847-43] INFO  c.bizzan.bitrade.listenConfig.EurekaStateListener - 服务192.168.100.1:college-api:6002  COLLEGE-API进行续约
18:43:18.179 [Eureka-EvictionTimer] INFO  c.netflix.eureka.registry.AbstractInstanceRegistry - Running the evict task with compensationTime 0ms
18:43:26.178 [qtp1429007847-44] INFO  c.bizzan.bitrade.listenConfig.EurekaStateListener - 服务192.168.100.1:service-exchange-trade:6005  SERVICE-EXCHANGE-TRADE进行续约
18:43:26.686 [qtp1429007847-43] INFO  c.bizzan.bitrade.listenConfig.EurekaStateListener - 服务192.168.100.1:service-exchange-trade:6005  SERVICE-EXCHANGE-TRADE进行续约
18:43:35.896 [qtp1429007847-41] INFO  c.bizzan.bitrade.listenConfig.EurekaStateListener - 服务192.168.100.1:uc:6001  UC进行续约
18:43:36.158 [qtp1429007847-38] INFO  c.bizzan.bitrade.listenConfig.EurekaStateListener - 服务192.168.100.1:bitrade-market:6004  BITRADE-MARKET进行续约
18:43:36.405 [qtp1429007847-44] INFO  c.bizzan.bitrade.listenConfig.EurekaStateListener - 服务192.168.100.1:uc:6001  UC进行续约
18:43:36.406 [qtp1429007847-44] INFO  c.bizzan.bitrade.listenConfig.EurekaStateListener - 服务192.168.100.1:bitrade-market:6004  BITRADE-MARKET进行续约
18:43:38.932 [qtp1429007847-44] INFO  c.bizzan.bitrade.listenConfig.EurekaStateListener - 服务192.168.100.1:college-api:6002  COLLEGE-API进行续约
18:43:39.440 [qtp1429007847-41] INFO  c.bizzan.bitrade.listenConfig.EurekaStateListener - 服务192.168.100.1:college-api:6002  COLLEGE-API进行续约
18:43:56.185 [qtp1429007847-43] INFO  c.bizzan.bitrade.listenConfig.EurekaStateListener - 服务192.168.100.1:service-exchange-trade:6005  SERVICE-EXCHANGE-TRADE进行续约
18:43:56.708 [qtp1429007847-41] INFO  c.bizzan.bitrade.listenConfig.EurekaStateListener - 服务192.168.100.1:service-exchange-trade:6005  SERVICE-EXCHANGE-TRADE进行续约
18:44:05.901 [qtp1429007847-38] INFO  c.bizzan.bitrade.listenConfig.EurekaStateListener - 服务192.168.100.1:uc:6001  UC进行续约
18:44:06.163 [qtp1429007847-41] INFO  c.bizzan.bitrade.listenConfig.EurekaStateListener - 服务192.168.100.1:bitrade-market:6004  BITRADE-MARKET进行续约
18:44:06.431 [qtp1429007847-38] INFO  c.bizzan.bitrade.listenConfig.EurekaStateListener - 服务192.168.100.1:uc:6001  UC进行续约
18:44:06.432 [qtp1429007847-38] INFO  c.bizzan.bitrade.listenConfig.EurekaStateListener - 服务192.168.100.1:bitrade-market:6004  BITRADE-MARKET进行续约
18:44:08.936 [qtp1429007847-44] INFO  c.bizzan.bitrade.listenConfig.EurekaStateListener - 服务192.168.100.1:college-api:6002  COLLEGE-API进行续约
18:44:09.448 [qtp1429007847-38] INFO  c.bizzan.bitrade.listenConfig.EurekaStateListener - 服务192.168.100.1:college-api:6002  COLLEGE-API进行续约
18:44:18.180 [Eureka-EvictionTimer] INFO  c.netflix.eureka.registry.AbstractInstanceRegistry - Running the evict task with compensationTime 0ms
18:44:26.216 [qtp1429007847-41] INFO  c.bizzan.bitrade.listenConfig.EurekaStateListener - 服务192.168.100.1:service-exchange-trade:6005  SERVICE-EXCHANGE-TRADE进行续约
18:44:26.725 [qtp1429007847-38] INFO  c.bizzan.bitrade.listenConfig.EurekaStateListener - 服务192.168.100.1:service-exchange-trade:6005  SERVICE-EXCHANGE-TRADE进行续约
18:44:35.909 [qtp1429007847-43] INFO  c.bizzan.bitrade.listenConfig.EurekaStateListener - 服务192.168.100.1:uc:6001  UC进行续约
18:44:36.169 [qtp1429007847-44] INFO  c.bizzan.bitrade.listenConfig.EurekaStateListener - 服务192.168.100.1:bitrade-market:6004  BITRADE-MARKET进行续约
18:44:36.415 [qtp1429007847-41] INFO  c.bizzan.bitrade.listenConfig.EurekaStateListener - 服务192.168.100.1:uc:6001  UC进行续约
18:44:36.416 [qtp1429007847-41] INFO  c.bizzan.bitrade.listenConfig.EurekaStateListener - 服务192.168.100.1:bitrade-market:6004  BITRADE-MARKET进行续约
18:44:38.941 [qtp1429007847-38] INFO  c.bizzan.bitrade.listenConfig.EurekaStateListener - 服务192.168.100.1:college-api:6002  COLLEGE-API进行续约
18:44:39.462 [qtp1429007847-41] INFO  c.bizzan.bitrade.listenConfig.EurekaStateListener - 服务192.168.100.1:college-api:6002  COLLEGE-API进行续约
18:44:56.246 [qtp1429007847-38] INFO  c.bizzan.bitrade.listenConfig.EurekaStateListener - 服务192.168.100.1:service-exchange-trade:6005  SERVICE-EXCHANGE-TRADE进行续约
18:44:57.175 [qtp1429007847-41] INFO  c.bizzan.bitrade.listenConfig.EurekaStateListener - 服务192.168.100.1:service-exchange-trade:6005  SERVICE-EXCHANGE-TRADE进行续约
18:45:05.914 [qtp1429007847-43] INFO  c.bizzan.bitrade.listenConfig.EurekaStateListener - 服务192.168.100.1:uc:6001  UC进行续约
18:45:06.173 [qtp1429007847-38] INFO  c.bizzan.bitrade.listenConfig.EurekaStateListener - 服务192.168.100.1:bitrade-market:6004  BITRADE-MARKET进行续约
18:45:06.423 [qtp1429007847-44] INFO  c.bizzan.bitrade.listenConfig.EurekaStateListener - 服务192.168.100.1:uc:6001  UC进行续约
18:45:06.423 [qtp1429007847-44] INFO  c.bizzan.bitrade.listenConfig.EurekaStateListener - 服务192.168.100.1:bitrade-market:6004  BITRADE-MARKET进行续约
18:45:08.955 [qtp1429007847-41] INFO  c.bizzan.bitrade.listenConfig.EurekaStateListener - 服务192.168.100.1:college-api:6002  COLLEGE-API进行续约
18:45:09.463 [qtp1429007847-44] INFO  c.bizzan.bitrade.listenConfig.EurekaStateListener - 服务192.168.100.1:college-api:6002  COLLEGE-API进行续约
18:45:18.180 [Eureka-EvictionTimer] INFO  c.netflix.eureka.registry.AbstractInstanceRegistry - Running the evict task with compensationTime 0ms
18:45:26.251 [qtp1429007847-41] INFO  c.bizzan.bitrade.listenConfig.EurekaStateListener - 服务192.168.100.1:service-exchange-trade:6005  SERVICE-EXCHANGE-TRADE进行续约
18:45:26.760 [qtp1429007847-43] INFO  c.bizzan.bitrade.listenConfig.EurekaStateListener - 服务192.168.100.1:service-exchange-trade:6005  SERVICE-EXCHANGE-TRADE进行续约
18:45:35.940 [qtp1429007847-41] INFO  c.bizzan.bitrade.listenConfig.EurekaStateListener - 服务192.168.100.1:uc:6001  UC进行续约
18:45:36.178 [qtp1429007847-44] INFO  c.bizzan.bitrade.listenConfig.EurekaStateListener - 服务192.168.100.1:bitrade-market:6004  BITRADE-MARKET进行续约
18:45:36.448 [qtp1429007847-38] INFO  c.bizzan.bitrade.listenConfig.EurekaStateListener - 服务192.168.100.1:uc:6001  UC进行续约
18:45:36.449 [qtp1429007847-38] INFO  c.bizzan.bitrade.listenConfig.EurekaStateListener - 服务192.168.100.1:bitrade-market:6004  BITRADE-MARKET进行续约
18:45:38.961 [qtp1429007847-38] INFO  c.bizzan.bitrade.listenConfig.EurekaStateListener - 服务192.168.100.1:college-api:6002  COLLEGE-API进行续约
18:45:39.473 [qtp1429007847-41] INFO  c.bizzan.bitrade.listenConfig.EurekaStateListener - 服务192.168.100.1:college-api:6002  COLLEGE-API进行续约
18:45:56.261 [qtp1429007847-43] INFO  c.bizzan.bitrade.listenConfig.EurekaStateListener - 服务192.168.100.1:service-exchange-trade:6005  SERVICE-EXCHANGE-TRADE进行续约
18:45:56.770 [qtp1429007847-41] INFO  c.bizzan.bitrade.listenConfig.EurekaStateListener - 服务192.168.100.1:service-exchange-trade:6005  SERVICE-EXCHANGE-TRADE进行续约
18:46:05.945 [qtp1429007847-44] INFO  c.bizzan.bitrade.listenConfig.EurekaStateListener - 服务192.168.100.1:uc:6001  UC进行续约
18:46:06.189 [qtp1429007847-38] INFO  c.bizzan.bitrade.listenConfig.EurekaStateListener - 服务192.168.100.1:bitrade-market:6004  BITRADE-MARKET进行续约
18:46:06.455 [qtp1429007847-41] INFO  c.bizzan.bitrade.listenConfig.EurekaStateListener - 服务192.168.100.1:uc:6001  UC进行续约
18:46:06.456 [qtp1429007847-41] INFO  c.bizzan.bitrade.listenConfig.EurekaStateListener - 服务192.168.100.1:bitrade-market:6004  BITRADE-MARKET进行续约
18:46:08.967 [qtp1429007847-38] INFO  c.bizzan.bitrade.listenConfig.EurekaStateListener - 服务192.168.100.1:college-api:6002  COLLEGE-API进行续约
18:46:09.476 [qtp1429007847-41] INFO  c.bizzan.bitrade.listenConfig.EurekaStateListener - 服务192.168.100.1:college-api:6002  COLLEGE-API进行续约
18:46:18.181 [Eureka-EvictionTimer] INFO  c.netflix.eureka.registry.AbstractInstanceRegistry - Running the evict task with compensationTime 0ms
18:46:26.267 [qtp1429007847-43] INFO  c.bizzan.bitrade.listenConfig.EurekaStateListener - 服务192.168.100.1:service-exchange-trade:6005  SERVICE-EXCHANGE-TRADE进行续约
18:46:26.775 [qtp1429007847-41] INFO  c.bizzan.bitrade.listenConfig.EurekaStateListener - 服务192.168.100.1:service-exchange-trade:6005  SERVICE-EXCHANGE-TRADE进行续约
18:46:35.950 [qtp1429007847-44] INFO  c.bizzan.bitrade.listenConfig.EurekaStateListener - 服务192.168.100.1:uc:6001  UC进行续约
18:46:36.193 [qtp1429007847-43] INFO  c.bizzan.bitrade.listenConfig.EurekaStateListener - 服务192.168.100.1:bitrade-market:6004  BITRADE-MARKET进行续约
18:46:36.458 [qtp1429007847-41] INFO  c.bizzan.bitrade.listenConfig.EurekaStateListener - 服务192.168.100.1:uc:6001  UC进行续约
18:46:36.459 [qtp1429007847-41] INFO  c.bizzan.bitrade.listenConfig.EurekaStateListener - 服务192.168.100.1:bitrade-market:6004  BITRADE-MARKET进行续约
18:46:38.973 [qtp1429007847-38] INFO  c.bizzan.bitrade.listenConfig.EurekaStateListener - 服务192.168.100.1:college-api:6002  COLLEGE-API进行续约
18:46:39.482 [qtp1429007847-41] INFO  c.bizzan.bitrade.listenConfig.EurekaStateListener - 服务192.168.100.1:college-api:6002  COLLEGE-API进行续约
18:46:56.272 [qtp1429007847-43] INFO  c.bizzan.bitrade.listenConfig.EurekaStateListener - 服务192.168.100.1:service-exchange-trade:6005  SERVICE-EXCHANGE-TRADE进行续约
18:46:56.781 [qtp1429007847-41] INFO  c.bizzan.bitrade.listenConfig.EurekaStateListener - 服务192.168.100.1:service-exchange-trade:6005  SERVICE-EXCHANGE-TRADE进行续约
18:47:05.955 [qtp1429007847-44] INFO  c.bizzan.bitrade.listenConfig.EurekaStateListener - 服务192.168.100.1:uc:6001  UC进行续约
18:47:06.197 [qtp1429007847-43] INFO  c.bizzan.bitrade.listenConfig.EurekaStateListener - 服务192.168.100.1:bitrade-market:6004  BITRADE-MARKET进行续约
18:47:06.464 [qtp1429007847-41] INFO  c.bizzan.bitrade.listenConfig.EurekaStateListener - 服务192.168.100.1:uc:6001  UC进行续约
18:47:06.465 [qtp1429007847-41] INFO  c.bizzan.bitrade.listenConfig.EurekaStateListener - 服务192.168.100.1:bitrade-market:6004  BITRADE-MARKET进行续约
18:47:08.979 [qtp1429007847-38] INFO  c.bizzan.bitrade.listenConfig.EurekaStateListener - 服务192.168.100.1:college-api:6002  COLLEGE-API进行续约
18:47:09.486 [qtp1429007847-41] INFO  c.bizzan.bitrade.listenConfig.EurekaStateListener - 服务192.168.100.1:college-api:6002  COLLEGE-API进行续约
18:47:18.182 [Eureka-EvictionTimer] INFO  c.netflix.eureka.registry.AbstractInstanceRegistry - Running the evict task with compensationTime 0ms
18:47:26.278 [qtp1429007847-43] INFO  c.bizzan.bitrade.listenConfig.EurekaStateListener - 服务192.168.100.1:service-exchange-trade:6005  SERVICE-EXCHANGE-TRADE进行续约
18:47:26.792 [qtp1429007847-41] INFO  c.bizzan.bitrade.listenConfig.EurekaStateListener - 服务192.168.100.1:service-exchange-trade:6005  SERVICE-EXCHANGE-TRADE进行续约
18:47:35.961 [qtp1429007847-44] INFO  c.bizzan.bitrade.listenConfig.EurekaStateListener - 服务192.168.100.1:uc:6001  UC进行续约
18:47:36.203 [qtp1429007847-38] INFO  c.bizzan.bitrade.listenConfig.EurekaStateListener - 服务192.168.100.1:bitrade-market:6004  BITRADE-MARKET进行续约
18:47:36.478 [qtp1429007847-41] INFO  c.bizzan.bitrade.listenConfig.EurekaStateListener - 服务192.168.100.1:uc:6001  UC进行续约
18:47:36.478 [qtp1429007847-41] INFO  c.bizzan.bitrade.listenConfig.EurekaStateListener - 服务192.168.100.1:bitrade-market:6004  BITRADE-MARKET进行续约
18:47:38.986 [qtp1429007847-38] INFO  c.bizzan.bitrade.listenConfig.EurekaStateListener - 服务192.168.100.1:college-api:6002  COLLEGE-API进行续约
18:47:39.494 [qtp1429007847-41] INFO  c.bizzan.bitrade.listenConfig.EurekaStateListener - 服务192.168.100.1:college-api:6002  COLLEGE-API进行续约
18:47:56.289 [qtp1429007847-43] INFO  c.bizzan.bitrade.listenConfig.EurekaStateListener - 服务192.168.100.1:service-exchange-trade:6005  SERVICE-EXCHANGE-TRADE进行续约
18:47:56.796 [qtp1429007847-41] INFO  c.bizzan.bitrade.listenConfig.EurekaStateListener - 服务192.168.100.1:service-exchange-trade:6005  SERVICE-EXCHANGE-TRADE进行续约
18:48:05.979 [qtp1429007847-44] INFO  c.bizzan.bitrade.listenConfig.EurekaStateListener - 服务192.168.100.1:uc:6001  UC进行续约
18:48:06.207 [qtp1429007847-38] INFO  c.bizzan.bitrade.listenConfig.EurekaStateListener - 服务192.168.100.1:bitrade-market:6004  BITRADE-MARKET进行续约
18:48:06.487 [qtp1429007847-41] INFO  c.bizzan.bitrade.listenConfig.EurekaStateListener - 服务192.168.100.1:uc:6001  UC进行续约
18:48:06.488 [qtp1429007847-41] INFO  c.bizzan.bitrade.listenConfig.EurekaStateListener - 服务192.168.100.1:bitrade-market:6004  BITRADE-MARKET进行续约
18:48:08.992 [qtp1429007847-38] INFO  c.bizzan.bitrade.listenConfig.EurekaStateListener - 服务192.168.100.1:college-api:6002  COLLEGE-API进行续约
18:48:09.502 [qtp1429007847-41] INFO  c.bizzan.bitrade.listenConfig.EurekaStateListener - 服务192.168.100.1:college-api:6002  COLLEGE-API进行续约
18:48:18.182 [Eureka-EvictionTimer] INFO  c.netflix.eureka.registry.AbstractInstanceRegistry - Running the evict task with compensationTime 0ms
18:48:26.293 [qtp1429007847-38] INFO  c.bizzan.bitrade.listenConfig.EurekaStateListener - 服务192.168.100.1:service-exchange-trade:6005  SERVICE-EXCHANGE-TRADE进行续约
18:48:26.799 [qtp1429007847-43] INFO  c.bizzan.bitrade.listenConfig.EurekaStateListener - 服务192.168.100.1:service-exchange-trade:6005  SERVICE-EXCHANGE-TRADE进行续约
18:48:35.985 [qtp1429007847-44] INFO  c.bizzan.bitrade.listenConfig.EurekaStateListener - 服务192.168.100.1:uc:6001  UC进行续约
18:48:36.213 [qtp1429007847-38] INFO  c.bizzan.bitrade.listenConfig.EurekaStateListener - 服务192.168.100.1:bitrade-market:6004  BITRADE-MARKET进行续约
18:48:36.495 [qtp1429007847-43] INFO  c.bizzan.bitrade.listenConfig.EurekaStateListener - 服务192.168.100.1:uc:6001  UC进行续约
18:48:36.500 [qtp1429007847-43] INFO  c.bizzan.bitrade.listenConfig.EurekaStateListener - 服务192.168.100.1:bitrade-market:6004  BITRADE-MARKET进行续约
18:48:38.997 [qtp1429007847-41] INFO  c.bizzan.bitrade.listenConfig.EurekaStateListener - 服务192.168.100.1:college-api:6002  COLLEGE-API进行续约
18:48:39.503 [qtp1429007847-43] INFO  c.bizzan.bitrade.listenConfig.EurekaStateListener - 服务192.168.100.1:college-api:6002  COLLEGE-API进行续约
18:48:56.298 [qtp1429007847-38] INFO  c.bizzan.bitrade.listenConfig.EurekaStateListener - 服务192.168.100.1:service-exchange-trade:6005  SERVICE-EXCHANGE-TRADE进行续约
18:48:56.804 [qtp1429007847-43] INFO  c.bizzan.bitrade.listenConfig.EurekaStateListener - 服务192.168.100.1:service-exchange-trade:6005  SERVICE-EXCHANGE-TRADE进行续约
18:49:05.989 [qtp1429007847-44] INFO  c.bizzan.bitrade.listenConfig.EurekaStateListener - 服务192.168.100.1:uc:6001  UC进行续约
18:49:06.217 [qtp1429007847-38] INFO  c.bizzan.bitrade.listenConfig.EurekaStateListener - 服务192.168.100.1:bitrade-market:6004  BITRADE-MARKET进行续约
18:49:06.503 [qtp1429007847-43] INFO  c.bizzan.bitrade.listenConfig.EurekaStateListener - 服务192.168.100.1:uc:6001  UC进行续约
18:49:06.504 [qtp1429007847-43] INFO  c.bizzan.bitrade.listenConfig.EurekaStateListener - 服务192.168.100.1:bitrade-market:6004  BITRADE-MARKET进行续约
18:49:09.010 [qtp1429007847-41] INFO  c.bizzan.bitrade.listenConfig.EurekaStateListener - 服务192.168.100.1:college-api:6002  COLLEGE-API进行续约
18:49:09.522 [qtp1429007847-43] INFO  c.bizzan.bitrade.listenConfig.EurekaStateListener - 服务192.168.100.1:college-api:6002  COLLEGE-API进行续约
18:49:18.182 [Eureka-EvictionTimer] INFO  c.netflix.eureka.registry.AbstractInstanceRegistry - Running the evict task with compensationTime 0ms
18:49:26.302 [qtp1429007847-38] INFO  c.bizzan.bitrade.listenConfig.EurekaStateListener - 服务192.168.100.1:service-exchange-trade:6005  SERVICE-EXCHANGE-TRADE进行续约
18:49:26.809 [qtp1429007847-43] INFO  c.bizzan.bitrade.listenConfig.EurekaStateListener - 服务192.168.100.1:service-exchange-trade:6005  SERVICE-EXCHANGE-TRADE进行续约
18:49:35.994 [qtp1429007847-44] INFO  c.bizzan.bitrade.listenConfig.EurekaStateListener - 服务192.168.100.1:uc:6001  UC进行续约
18:49:36.227 [qtp1429007847-41] INFO  c.bizzan.bitrade.listenConfig.EurekaStateListener - 服务192.168.100.1:bitrade-market:6004  BITRADE-MARKET进行续约
18:49:36.508 [qtp1429007847-43] INFO  c.bizzan.bitrade.listenConfig.EurekaStateListener - 服务192.168.100.1:uc:6001  UC进行续约
18:49:36.508 [qtp1429007847-43] INFO  c.bizzan.bitrade.listenConfig.EurekaStateListener - 服务192.168.100.1:bitrade-market:6004  BITRADE-MARKET进行续约
18:49:39.015 [qtp1429007847-41] INFO  c.bizzan.bitrade.listenConfig.EurekaStateListener - 服务192.168.100.1:college-api:6002  COLLEGE-API进行续约
18:49:39.525 [qtp1429007847-43] INFO  c.bizzan.bitrade.listenConfig.EurekaStateListener - 服务192.168.100.1:college-api:6002  COLLEGE-API进行续约
18:49:56.314 [qtp1429007847-38] INFO  c.bizzan.bitrade.listenConfig.EurekaStateListener - 服务192.168.100.1:service-exchange-trade:6005  SERVICE-EXCHANGE-TRADE进行续约
18:49:56.820 [qtp1429007847-43] INFO  c.bizzan.bitrade.listenConfig.EurekaStateListener - 服务192.168.100.1:service-exchange-trade:6005  SERVICE-EXCHANGE-TRADE进行续约
18:50:05.998 [qtp1429007847-44] INFO  c.bizzan.bitrade.listenConfig.EurekaStateListener - 服务192.168.100.1:uc:6001  UC进行续约
18:50:06.231 [qtp1429007847-41] INFO  c.bizzan.bitrade.listenConfig.EurekaStateListener - 服务192.168.100.1:bitrade-market:6004  BITRADE-MARKET进行续约
18:50:06.512 [qtp1429007847-43] INFO  c.bizzan.bitrade.listenConfig.EurekaStateListener - 服务192.168.100.1:uc:6001  UC进行续约
18:50:06.512 [qtp1429007847-43] INFO  c.bizzan.bitrade.listenConfig.EurekaStateListener - 服务192.168.100.1:bitrade-market:6004  BITRADE-MARKET进行续约
18:50:09.021 [qtp1429007847-41] INFO  c.bizzan.bitrade.listenConfig.EurekaStateListener - 服务192.168.100.1:college-api:6002  COLLEGE-API进行续约
18:50:09.526 [qtp1429007847-43] INFO  c.bizzan.bitrade.listenConfig.EurekaStateListener - 服务192.168.100.1:college-api:6002  COLLEGE-API进行续约
18:50:17.436 [ReplicaAwareInstanceRegistry - RenewalThresholdUpdater] INFO  c.n.eureka.registry.PeerAwareInstanceRegistryImpl - Current renewal threshold is : 8
18:50:18.182 [Eureka-EvictionTimer] INFO  c.netflix.eureka.registry.AbstractInstanceRegistry - Running the evict task with compensationTime 0ms
18:50:26.319 [qtp1429007847-38] INFO  c.bizzan.bitrade.listenConfig.EurekaStateListener - 服务192.168.100.1:service-exchange-trade:6005  SERVICE-EXCHANGE-TRADE进行续约
18:50:26.824 [qtp1429007847-43] INFO  c.bizzan.bitrade.listenConfig.EurekaStateListener - 服务192.168.100.1:service-exchange-trade:6005  SERVICE-EXCHANGE-TRADE进行续约
18:50:36.003 [qtp1429007847-44] INFO  c.bizzan.bitrade.listenConfig.EurekaStateListener - 服务192.168.100.1:uc:6001  UC进行续约
18:50:36.238 [qtp1429007847-41] INFO  c.bizzan.bitrade.listenConfig.EurekaStateListener - 服务192.168.100.1:bitrade-market:6004  BITRADE-MARKET进行续约
18:50:36.512 [qtp1429007847-43] INFO  c.bizzan.bitrade.listenConfig.EurekaStateListener - 服务192.168.100.1:uc:6001  UC进行续约
18:50:36.512 [qtp1429007847-43] INFO  c.bizzan.bitrade.listenConfig.EurekaStateListener - 服务192.168.100.1:bitrade-market:6004  BITRADE-MARKET进行续约
18:50:39.027 [qtp1429007847-41] INFO  c.bizzan.bitrade.listenConfig.EurekaStateListener - 服务192.168.100.1:college-api:6002  COLLEGE-API进行续约
18:50:39.534 [qtp1429007847-43] INFO  c.bizzan.bitrade.listenConfig.EurekaStateListener - 服务192.168.100.1:college-api:6002  COLLEGE-API进行续约
18:50:56.323 [qtp1429007847-38] INFO  c.bizzan.bitrade.listenConfig.EurekaStateListener - 服务192.168.100.1:service-exchange-trade:6005  SERVICE-EXCHANGE-TRADE进行续约
18:50:56.830 [qtp1429007847-43] INFO  c.bizzan.bitrade.listenConfig.EurekaStateListener - 服务192.168.100.1:service-exchange-trade:6005  SERVICE-EXCHANGE-TRADE进行续约
18:51:06.010 [qtp1429007847-44] INFO  c.bizzan.bitrade.listenConfig.EurekaStateListener - 服务192.168.100.1:uc:6001  UC进行续约
18:51:06.242 [qtp1429007847-41] INFO  c.bizzan.bitrade.listenConfig.EurekaStateListener - 服务192.168.100.1:bitrade-market:6004  BITRADE-MARKET进行续约
18:51:06.517 [qtp1429007847-43] INFO  c.bizzan.bitrade.listenConfig.EurekaStateListener - 服务192.168.100.1:uc:6001  UC进行续约
18:51:06.518 [qtp1429007847-43] INFO  c.bizzan.bitrade.listenConfig.EurekaStateListener - 服务192.168.100.1:bitrade-market:6004  BITRADE-MARKET进行续约
18:51:09.033 [qtp1429007847-41] INFO  c.bizzan.bitrade.listenConfig.EurekaStateListener - 服务192.168.100.1:college-api:6002  COLLEGE-API进行续约
18:51:09.545 [qtp1429007847-43] INFO  c.bizzan.bitrade.listenConfig.EurekaStateListener - 服务192.168.100.1:college-api:6002  COLLEGE-API进行续约
18:51:18.183 [Eureka-EvictionTimer] INFO  c.netflix.eureka.registry.AbstractInstanceRegistry - Running the evict task with compensationTime 0ms
18:51:26.328 [qtp1429007847-38] INFO  c.bizzan.bitrade.listenConfig.EurekaStateListener - 服务192.168.100.1:service-exchange-trade:6005  SERVICE-EXCHANGE-TRADE进行续约
18:51:26.836 [qtp1429007847-43] INFO  c.bizzan.bitrade.listenConfig.EurekaStateListener - 服务192.168.100.1:service-exchange-trade:6005  SERVICE-EXCHANGE-TRADE进行续约
18:51:36.015 [qtp1429007847-44] INFO  c.bizzan.bitrade.listenConfig.EurekaStateListener - 服务192.168.100.1:uc:6001  UC进行续约
18:51:36.250 [qtp1429007847-41] INFO  c.bizzan.bitrade.listenConfig.EurekaStateListener - 服务192.168.100.1:bitrade-market:6004  BITRADE-MARKET进行续约
18:51:36.523 [qtp1429007847-43] INFO  c.bizzan.bitrade.listenConfig.EurekaStateListener - 服务192.168.100.1:uc:6001  UC进行续约
18:51:36.523 [qtp1429007847-43] INFO  c.bizzan.bitrade.listenConfig.EurekaStateListener - 服务192.168.100.1:bitrade-market:6004  BITRADE-MARKET进行续约
18:51:39.038 [qtp1429007847-41] INFO  c.bizzan.bitrade.listenConfig.EurekaStateListener - 服务192.168.100.1:college-api:6002  COLLEGE-API进行续约
18:51:39.544 [qtp1429007847-43] INFO  c.bizzan.bitrade.listenConfig.EurekaStateListener - 服务192.168.100.1:college-api:6002  COLLEGE-API进行续约
18:51:56.331 [qtp1429007847-38] INFO  c.bizzan.bitrade.listenConfig.EurekaStateListener - 服务192.168.100.1:service-exchange-trade:6005  SERVICE-EXCHANGE-TRADE进行续约
18:51:56.837 [qtp1429007847-43] INFO  c.bizzan.bitrade.listenConfig.EurekaStateListener - 服务192.168.100.1:service-exchange-trade:6005  SERVICE-EXCHANGE-TRADE进行续约
18:52:06.022 [qtp1429007847-44] INFO  c.bizzan.bitrade.listenConfig.EurekaStateListener - 服务192.168.100.1:uc:6001  UC进行续约
18:52:06.256 [qtp1429007847-41] INFO  c.bizzan.bitrade.listenConfig.EurekaStateListener - 服务192.168.100.1:bitrade-market:6004  BITRADE-MARKET进行续约
18:52:06.530 [qtp1429007847-43] INFO  c.bizzan.bitrade.listenConfig.EurekaStateListener - 服务192.168.100.1:uc:6001  UC进行续约
18:52:06.530 [qtp1429007847-43] INFO  c.bizzan.bitrade.listenConfig.EurekaStateListener - 服务192.168.100.1:bitrade-market:6004  BITRADE-MARKET进行续约
18:52:09.042 [qtp1429007847-41] INFO  c.bizzan.bitrade.listenConfig.EurekaStateListener - 服务192.168.100.1:college-api:6002  COLLEGE-API进行续约
18:52:09.548 [qtp1429007847-43] INFO  c.bizzan.bitrade.listenConfig.EurekaStateListener - 服务192.168.100.1:college-api:6002  COLLEGE-API进行续约
18:52:18.184 [Eureka-EvictionTimer] INFO  c.netflix.eureka.registry.AbstractInstanceRegistry - Running the evict task with compensationTime 0ms
18:52:26.339 [qtp1429007847-38] INFO  c.bizzan.bitrade.listenConfig.EurekaStateListener - 服务192.168.100.1:service-exchange-trade:6005  SERVICE-EXCHANGE-TRADE进行续约
18:52:26.846 [qtp1429007847-43] INFO  c.bizzan.bitrade.listenConfig.EurekaStateListener - 服务192.168.100.1:service-exchange-trade:6005  SERVICE-EXCHANGE-TRADE进行续约
18:52:36.028 [qtp1429007847-43] INFO  c.bizzan.bitrade.listenConfig.EurekaStateListener - 服务192.168.100.1:uc:6001  UC进行续约
18:52:36.262 [qtp1429007847-38] INFO  c.bizzan.bitrade.listenConfig.EurekaStateListener - 服务192.168.100.1:bitrade-market:6004  BITRADE-MARKET进行续约
18:52:36.536 [qtp1429007847-41] INFO  c.bizzan.bitrade.listenConfig.EurekaStateListener - 服务192.168.100.1:uc:6001  UC进行续约
18:52:36.537 [qtp1429007847-41] INFO  c.bizzan.bitrade.listenConfig.EurekaStateListener - 服务192.168.100.1:bitrade-market:6004  BITRADE-MARKET进行续约
18:52:39.046 [qtp1429007847-38] INFO  c.bizzan.bitrade.listenConfig.EurekaStateListener - 服务192.168.100.1:college-api:6002  COLLEGE-API进行续约
18:52:39.553 [qtp1429007847-41] INFO  c.bizzan.bitrade.listenConfig.EurekaStateListener - 服务192.168.100.1:college-api:6002  COLLEGE-API进行续约
18:52:56.346 [qtp1429007847-44] INFO  c.bizzan.bitrade.listenConfig.EurekaStateListener - 服务192.168.100.1:service-exchange-trade:6005  SERVICE-EXCHANGE-TRADE进行续约
18:52:56.857 [qtp1429007847-41] INFO  c.bizzan.bitrade.listenConfig.EurekaStateListener - 服务192.168.100.1:service-exchange-trade:6005  SERVICE-EXCHANGE-TRADE进行续约
18:53:06.034 [qtp1429007847-41] INFO  c.bizzan.bitrade.listenConfig.EurekaStateListener - 服务192.168.100.1:uc:6001  UC进行续约
18:53:06.267 [qtp1429007847-44] INFO  c.bizzan.bitrade.listenConfig.EurekaStateListener - 服务192.168.100.1:bitrade-market:6004  BITRADE-MARKET进行续约
18:53:06.540 [qtp1429007847-38] INFO  c.bizzan.bitrade.listenConfig.EurekaStateListener - 服务192.168.100.1:uc:6001  UC进行续约
18:53:06.540 [qtp1429007847-38] INFO  c.bizzan.bitrade.listenConfig.EurekaStateListener - 服务192.168.100.1:bitrade-market:6004  BITRADE-MARKET进行续约
18:53:09.053 [qtp1429007847-44] INFO  c.bizzan.bitrade.listenConfig.EurekaStateListener - 服务192.168.100.1:college-api:6002  COLLEGE-API进行续约
18:53:09.566 [qtp1429007847-38] INFO  c.bizzan.bitrade.listenConfig.EurekaStateListener - 服务192.168.100.1:college-api:6002  COLLEGE-API进行续约
18:53:18.184 [Eureka-EvictionTimer] INFO  c.netflix.eureka.registry.AbstractInstanceRegistry - Running the evict task with compensationTime 0ms
18:53:26.353 [qtp1429007847-43] INFO  c.bizzan.bitrade.listenConfig.EurekaStateListener - 服务192.168.100.1:service-exchange-trade:6005  SERVICE-EXCHANGE-TRADE进行续约
18:53:26.860 [qtp1429007847-38] INFO  c.bizzan.bitrade.listenConfig.EurekaStateListener - 服务192.168.100.1:service-exchange-trade:6005  SERVICE-EXCHANGE-TRADE进行续约
18:53:36.039 [qtp1429007847-38] INFO  c.bizzan.bitrade.listenConfig.EurekaStateListener - 服务192.168.100.1:uc:6001  UC进行续约
18:53:36.273 [qtp1429007847-43] INFO  c.bizzan.bitrade.listenConfig.EurekaStateListener - 服务192.168.100.1:bitrade-market:6004  BITRADE-MARKET进行续约
18:53:36.545 [qtp1429007847-44] INFO  c.bizzan.bitrade.listenConfig.EurekaStateListener - 服务192.168.100.1:uc:6001  UC进行续约
18:53:36.545 [qtp1429007847-44] INFO  c.bizzan.bitrade.listenConfig.EurekaStateListener - 服务192.168.100.1:bitrade-market:6004  BITRADE-MARKET进行续约
18:53:39.058 [qtp1429007847-43] INFO  c.bizzan.bitrade.listenConfig.EurekaStateListener - 服务192.168.100.1:college-api:6002  COLLEGE-API进行续约
18:53:39.563 [qtp1429007847-44] INFO  c.bizzan.bitrade.listenConfig.EurekaStateListener - 服务192.168.100.1:college-api:6002  COLLEGE-API进行续约
18:53:56.359 [qtp1429007847-41] INFO  c.bizzan.bitrade.listenConfig.EurekaStateListener - 服务192.168.100.1:service-exchange-trade:6005  SERVICE-EXCHANGE-TRADE进行续约
18:53:56.864 [qtp1429007847-44] INFO  c.bizzan.bitrade.listenConfig.EurekaStateListener - 服务192.168.100.1:service-exchange-trade:6005  SERVICE-EXCHANGE-TRADE进行续约
18:54:06.044 [qtp1429007847-44] INFO  c.bizzan.bitrade.listenConfig.EurekaStateListener - 服务192.168.100.1:uc:6001  UC进行续约
18:54:06.278 [qtp1429007847-41] INFO  c.bizzan.bitrade.listenConfig.EurekaStateListener - 服务192.168.100.1:bitrade-market:6004  BITRADE-MARKET进行续约
18:54:06.557 [qtp1429007847-43] INFO  c.bizzan.bitrade.listenConfig.EurekaStateListener - 服务192.168.100.1:uc:6001  UC进行续约
18:54:06.557 [qtp1429007847-43] INFO  c.bizzan.bitrade.listenConfig.EurekaStateListener - 服务192.168.100.1:bitrade-market:6004  BITRADE-MARKET进行续约
18:54:09.063 [qtp1429007847-41] INFO  c.bizzan.bitrade.listenConfig.EurekaStateListener - 服务192.168.100.1:college-api:6002  COLLEGE-API进行续约
18:54:09.567 [qtp1429007847-43] INFO  c.bizzan.bitrade.listenConfig.EurekaStateListener - 服务192.168.100.1:college-api:6002  COLLEGE-API进行续约
18:54:18.184 [Eureka-EvictionTimer] INFO  c.netflix.eureka.registry.AbstractInstanceRegistry - Running the evict task with compensationTime 0ms
18:54:26.362 [qtp1429007847-38] INFO  c.bizzan.bitrade.listenConfig.EurekaStateListener - 服务192.168.100.1:service-exchange-trade:6005  SERVICE-EXCHANGE-TRADE进行续约
18:54:26.868 [qtp1429007847-43] INFO  c.bizzan.bitrade.listenConfig.EurekaStateListener - 服务192.168.100.1:service-exchange-trade:6005  SERVICE-EXCHANGE-TRADE进行续约
18:54:36.048 [qtp1429007847-43] INFO  c.bizzan.bitrade.listenConfig.EurekaStateListener - 服务192.168.100.1:uc:6001  UC进行续约
18:54:36.283 [qtp1429007847-38] INFO  c.bizzan.bitrade.listenConfig.EurekaStateListener - 服务192.168.100.1:bitrade-market:6004  BITRADE-MARKET进行续约
18:54:36.556 [qtp1429007847-41] INFO  c.bizzan.bitrade.listenConfig.EurekaStateListener - 服务192.168.100.1:uc:6001  UC进行续约
18:54:36.556 [qtp1429007847-41] INFO  c.bizzan.bitrade.listenConfig.EurekaStateListener - 服务192.168.100.1:bitrade-market:6004  BITRADE-MARKET进行续约
18:54:39.067 [qtp1429007847-38] INFO  c.bizzan.bitrade.listenConfig.EurekaStateListener - 服务192.168.100.1:college-api:6002  COLLEGE-API进行续约
18:54:39.576 [qtp1429007847-41] INFO  c.bizzan.bitrade.listenConfig.EurekaStateListener - 服务192.168.100.1:college-api:6002  COLLEGE-API进行续约
18:54:56.367 [qtp1429007847-44] INFO  c.bizzan.bitrade.listenConfig.EurekaStateListener - 服务192.168.100.1:service-exchange-trade:6005  SERVICE-EXCHANGE-TRADE进行续约
18:54:56.874 [qtp1429007847-41] INFO  c.bizzan.bitrade.listenConfig.EurekaStateListener - 服务192.168.100.1:service-exchange-trade:6005  SERVICE-EXCHANGE-TRADE进行续约
18:55:06.053 [qtp1429007847-41] INFO  c.bizzan.bitrade.listenConfig.EurekaStateListener - 服务192.168.100.1:uc:6001  UC进行续约
18:55:06.289 [qtp1429007847-44] INFO  c.bizzan.bitrade.listenConfig.EurekaStateListener - 服务192.168.100.1:bitrade-market:6004  BITRADE-MARKET进行续约
18:55:06.561 [qtp1429007847-38] INFO  c.bizzan.bitrade.listenConfig.EurekaStateListener - 服务192.168.100.1:uc:6001  UC进行续约
18:55:06.561 [qtp1429007847-38] INFO  c.bizzan.bitrade.listenConfig.EurekaStateListener - 服务192.168.100.1:bitrade-market:6004  BITRADE-MARKET进行续约
18:55:09.072 [qtp1429007847-44] INFO  c.bizzan.bitrade.listenConfig.EurekaStateListener - 服务192.168.100.1:college-api:6002  COLLEGE-API进行续约
18:55:09.579 [qtp1429007847-38] INFO  c.bizzan.bitrade.listenConfig.EurekaStateListener - 服务192.168.100.1:college-api:6002  COLLEGE-API进行续约
18:55:18.185 [Eureka-EvictionTimer] INFO  c.netflix.eureka.registry.AbstractInstanceRegistry - Running the evict task with compensationTime 0ms
18:55:26.371 [qtp1429007847-43] INFO  c.bizzan.bitrade.listenConfig.EurekaStateListener - 服务192.168.100.1:service-exchange-trade:6005  SERVICE-EXCHANGE-TRADE进行续约
18:55:26.877 [qtp1429007847-38] INFO  c.bizzan.bitrade.listenConfig.EurekaStateListener - 服务192.168.100.1:service-exchange-trade:6005  SERVICE-EXCHANGE-TRADE进行续约
18:55:36.058 [qtp1429007847-38] INFO  c.bizzan.bitrade.listenConfig.EurekaStateListener - 服务192.168.100.1:uc:6001  UC进行续约
18:55:36.297 [qtp1429007847-43] INFO  c.bizzan.bitrade.listenConfig.EurekaStateListener - 服务192.168.100.1:bitrade-market:6004  BITRADE-MARKET进行续约
18:55:36.564 [qtp1429007847-44] INFO  c.bizzan.bitrade.listenConfig.EurekaStateListener - 服务192.168.100.1:uc:6001  UC进行续约
18:55:36.564 [qtp1429007847-44] INFO  c.bizzan.bitrade.listenConfig.EurekaStateListener - 服务192.168.100.1:bitrade-market:6004  BITRADE-MARKET进行续约
18:55:39.078 [qtp1429007847-43] INFO  c.bizzan.bitrade.listenConfig.EurekaStateListener - 服务192.168.100.1:college-api:6002  COLLEGE-API进行续约
18:55:39.586 [qtp1429007847-44] INFO  c.bizzan.bitrade.listenConfig.EurekaStateListener - 服务192.168.100.1:college-api:6002  COLLEGE-API进行续约
18:55:56.376 [qtp1429007847-41] INFO  c.bizzan.bitrade.listenConfig.EurekaStateListener - 服务192.168.100.1:service-exchange-trade:6005  SERVICE-EXCHANGE-TRADE进行续约
18:55:56.886 [qtp1429007847-44] INFO  c.bizzan.bitrade.listenConfig.EurekaStateListener - 服务192.168.100.1:service-exchange-trade:6005  SERVICE-EXCHANGE-TRADE进行续约
18:55:57.509 [Thread-52] INFO  o.s.b.c.e.AnnotationConfigEmbeddedWebApplicationContext - Closing org.springframework.boot.context.embedded.AnnotationConfigEmbeddedWebApplicationContext@60baef24: startup date [Tue Feb 16 18:35:07 CST 2021]; parent: org.springframework.context.annotation.AnnotationConfigApplicationContext@57abad67
18:55:57.531 [Thread-52] INFO  o.s.c.n.e.serviceregistry.EurekaServiceRegistry - Unregistering application unknown with eureka with status DOWN
18:55:57.595 [Thread-52] INFO  o.s.context.support.DefaultLifecycleProcessor - Stopping beans in phase 0
18:55:57.606 [Thread-52] INFO  com.netflix.eureka.DefaultEurekaServerContext - Shutting down ...
18:55:57.615 [Thread-52] INFO  com.netflix.eureka.DefaultEurekaServerContext - Shut down
18:55:57.624 [Thread-52] INFO  o.s.b.actuate.endpoint.jmx.EndpointMBeanExporter - Unregistering JMX-exposed beans on shutdown
18:55:57.628 [Thread-52] INFO  o.s.b.actuate.endpoint.jmx.EndpointMBeanExporter - Unregistering JMX-exposed beans
18:55:57.629 [Thread-52] INFO  o.s.jmx.export.annotation.AnnotationMBeanExporter - Unregistering JMX-exposed beans on shutdown
18:55:57.631 [Thread-52] INFO  o.s.jmx.export.annotation.AnnotationMBeanExporter - Unregistering JMX-exposed beans
18:55:57.645 [Thread-52] INFO  org.mongodb.driver.connection - Closed connection [connectionId{localValue:2, serverValue:4}] to 127.0.0.1:27017 because the pool has been closed.
18:55:57.658 [Thread-52] INFO  com.netflix.discovery.DiscoveryClient - Shutting down DiscoveryClient ...
18:55:57.658 [Thread-52] INFO  com.netflix.discovery.DiscoveryClient - Completed shut down of DiscoveryClient
18:55:57.724 [Thread-52] INFO  org.eclipse.jetty.server.AbstractConnector - Stopped ServerConnector@7254838{HTTP/1.1,[http/1.1]}{0.0.0.0:7000}
18:55:57.725 [Thread-52] INFO  org.eclipse.jetty.server.session - Stopped scavenging
18:55:57.758 [Thread-52] INFO  o.e.j.server.handler.ContextHandler.application - Destroying Spring FrameworkServlet 'dispatcherServlet'
18:55:57.760 [Thread-52] INFO  org.eclipse.jetty.server.handler.ContextHandler - Stopped o.s.b.c.e.j.JettyEmbeddedWebAppContext@13234ac9{/,[file:///C:/Users/Administrator/AppData/Local/Temp/jetty-docbase.876145065561797114.7000/],UNAVAILABLE}
