12:08:43.571 [main] INFO  o.s.c.a.AnnotationConfigApplicationContext - Refreshing org.springframework.context.annotation.AnnotationConfigApplicationContext@f80945f: startup date [Wed Feb 10 12:08:43 CST 2021]; root of context hierarchy
12:08:43.795 [background-preinit] INFO  org.hibernate.validator.internal.util.Version - HV000001: Hibernate Validator 5.3.6.Final
12:08:43.844 [main] INFO  o.s.b.f.a.AutowiredAnnotationBeanPostProcessor - JSR-330 'javax.inject.Inject' annotation found and supported for autowiring
12:08:43.901 [main] INFO  o.s.c.s.PostProcessorRegistrationDelegate$BeanPostProcessorChecker - Bean 'configurationPropertiesRebinderAutoConfiguration' of type [org.springframework.cloud.autoconfigure.ConfigurationPropertiesRebinderAutoConfiguration$$EnhancerBySpringCGLIB$$c72845b2] is not eligible for getting processed by all BeanPostProcessors (for example: not eligible for auto-proxying)
12:08:44.482 [main] INFO  com.bizzan.bitrade.CloudApplication - The following profiles are active: test
12:08:44.496 [main] INFO  o.s.b.c.e.AnnotationConfigEmbeddedWebApplicationContext - Refreshing org.springframework.boot.context.embedded.AnnotationConfigEmbeddedWebApplicationContext@69ce2f62: startup date [Wed Feb 10 12:08:44 CST 2021]; parent: org.springframework.context.annotation.AnnotationConfigApplicationContext@f80945f
12:08:45.308 [main] INFO  o.s.d.r.config.RepositoryConfigurationDelegate - Multiple Spring Data modules found, entering strict repository configuration mode!
12:08:45.326 [main] INFO  o.s.d.r.config.RepositoryConfigurationDelegate - Multiple Spring Data modules found, entering strict repository configuration mode!
12:08:45.589 [main] INFO  o.springframework.cloud.context.scope.GenericScope - BeanFactory id=7ad62d9b-4212-34b6-9d98-8622c167d64e
12:08:45.606 [main] INFO  o.s.b.f.a.AutowiredAnnotationBeanPostProcessor - JSR-330 'javax.inject.Inject' annotation found and supported for autowiring
12:08:45.683 [main] INFO  o.s.c.s.PostProcessorRegistrationDelegate$BeanPostProcessorChecker - Bean 'org.springframework.cloud.netflix.metrics.MetricsInterceptorConfiguration$MetricsRestTemplateConfiguration' of type [org.springframework.cloud.netflix.metrics.MetricsInterceptorConfiguration$MetricsRestTemplateConfiguration$$EnhancerBySpringCGLIB$$dd3ae8f6] is not eligible for getting processed by all BeanPostProcessors (for example: not eligible for auto-proxying)
12:08:45.694 [main] INFO  o.s.c.s.PostProcessorRegistrationDelegate$BeanPostProcessorChecker - Bean 'org.springframework.cloud.autoconfigure.ConfigurationPropertiesRebinderAutoConfiguration' of type [org.springframework.cloud.autoconfigure.ConfigurationPropertiesRebinderAutoConfiguration$$EnhancerBySpringCGLIB$$c72845b2] is not eligible for getting processed by all BeanPostProcessors (for example: not eligible for auto-proxying)
12:08:45.869 [main] INFO  org.eclipse.jetty.util.log - Logging initialized @5584ms to org.eclipse.jetty.util.log.Slf4jLog
12:08:46.002 [main] INFO  o.s.b.c.e.j.JettyEmbeddedServletContainerFactory - Server initialized with port: 7000
12:08:46.007 [main] INFO  org.eclipse.jetty.server.Server - jetty-9.4.7.v20170914
12:08:46.074 [main] INFO  org.eclipse.jetty.server.session - DefaultSessionIdManager workerName=node0
12:08:46.075 [main] INFO  org.eclipse.jetty.server.session - No SessionScavenger set, using defaults
12:08:46.076 [main] INFO  org.eclipse.jetty.server.session - Scavenging every 600000ms
12:08:46.084 [main] INFO  o.e.j.server.handler.ContextHandler.application - Initializing Spring embedded WebApplicationContext
12:08:46.085 [main] INFO  org.springframework.web.context.ContextLoader - Root WebApplicationContext: initialization completed in 1588 ms
12:08:46.772 [main] INFO  o.s.boot.web.servlet.FilterRegistrationBean - Mapping filter: 'metricsFilter' to: [/*]
12:08:46.773 [main] INFO  o.s.boot.web.servlet.FilterRegistrationBean - Mapping filter: 'characterEncodingFilter' to: [/*]
12:08:46.774 [main] INFO  o.s.boot.web.servlet.FilterRegistrationBean - Mapping filter: 'hiddenHttpMethodFilter' to: [/*]
12:08:46.774 [main] INFO  o.s.boot.web.servlet.FilterRegistrationBean - Mapping filter: 'httpPutFormContentFilter' to: [/*]
12:08:46.774 [main] INFO  o.s.boot.web.servlet.FilterRegistrationBean - Mapping filter: 'requestContextFilter' to: [/*]
12:08:46.774 [main] INFO  o.s.boot.web.servlet.FilterRegistrationBean - Mapping filter: 'webRequestTraceFilter' to: [/*]
12:08:46.774 [main] INFO  o.s.boot.web.servlet.FilterRegistrationBean - Mapping filter: 'servletContainer' to urls: [/eureka/*]
12:08:46.774 [main] INFO  o.s.boot.web.servlet.FilterRegistrationBean - Mapping filter: 'applicationContextIdFilter' to: [/*]
12:08:46.775 [main] INFO  o.s.boot.web.servlet.ServletRegistrationBean - Mapping servlet: 'dispatcherServlet' to [/]
12:08:46.776 [main] INFO  org.eclipse.jetty.server.handler.ContextHandler - Started o.s.b.c.e.j.JettyEmbeddedWebAppContext@352e5a82{/,[file:///C:/Users/Administrator/AppData/Local/Temp/jetty-docbase.3706018235286690124.7000/],AVAILABLE}
12:08:46.776 [main] INFO  org.eclipse.jetty.server.Server - Started @6491ms
12:08:47.062 [main] WARN  o.s.c.netflix.archaius.ArchaiusAutoConfiguration - No spring.application.name found, defaulting to 'application'
12:08:47.065 [main] WARN  com.netflix.config.sources.URLConfigurationSource - No URLs will be polled as dynamic configuration sources.
12:08:47.066 [main] INFO  com.netflix.config.sources.URLConfigurationSource - To enable URLs as dynamic configuration sources, define System property archaius.configurationSource.additionalUrls or make config.properties available on classpath.
12:08:47.071 [main] WARN  com.netflix.config.sources.URLConfigurationSource - No URLs will be polled as dynamic configuration sources.
12:08:47.071 [main] INFO  com.netflix.config.sources.URLConfigurationSource - To enable URLs as dynamic configuration sources, define System property archaius.configurationSource.additionalUrls or make config.properties available on classpath.
12:08:47.475 [main] INFO  o.s.w.s.m.m.a.RequestMappingHandlerAdapter - Looking for @ControllerAdvice: org.springframework.boot.context.embedded.AnnotationConfigEmbeddedWebApplicationContext@69ce2f62: startup date [Wed Feb 10 12:08:44 CST 2021]; parent: org.springframework.context.annotation.AnnotationConfigApplicationContext@f80945f
12:08:47.590 [main] INFO  o.s.w.s.m.m.a.RequestMappingHandlerMapping - Mapped "{[/error]}" onto public org.springframework.http.ResponseEntity<java.util.Map<java.lang.String, java.lang.Object>> org.springframework.boot.autoconfigure.web.BasicErrorController.error(javax.servlet.http.HttpServletRequest)
12:08:47.591 [main] INFO  o.s.w.s.m.m.a.RequestMappingHandlerMapping - Mapped "{[/error],produces=[text/html]}" onto public org.springframework.web.servlet.ModelAndView org.springframework.boot.autoconfigure.web.BasicErrorController.errorHtml(javax.servlet.http.HttpServletRequest,javax.servlet.http.HttpServletResponse)
12:08:47.597 [main] INFO  o.s.w.s.m.m.a.RequestMappingHandlerMapping - Mapped "{[/],methods=[GET]}" onto public java.lang.String org.springframework.cloud.netflix.eureka.server.EurekaController.status(javax.servlet.http.HttpServletRequest,java.util.Map<java.lang.String, java.lang.Object>)
12:08:47.597 [main] INFO  o.s.w.s.m.m.a.RequestMappingHandlerMapping - Mapped "{[/lastn],methods=[GET]}" onto public java.lang.String org.springframework.cloud.netflix.eureka.server.EurekaController.lastn(javax.servlet.http.HttpServletRequest,java.util.Map<java.lang.String, java.lang.Object>)
12:08:47.633 [main] INFO  o.s.web.servlet.handler.SimpleUrlHandlerMapping - Mapped URL path [/webjars/**] onto handler of type [class org.springframework.web.servlet.resource.ResourceHttpRequestHandler]
12:08:47.633 [main] INFO  o.s.web.servlet.handler.SimpleUrlHandlerMapping - Mapped URL path [/**] onto handler of type [class org.springframework.web.servlet.resource.ResourceHttpRequestHandler]
12:08:47.691 [main] INFO  o.s.web.servlet.handler.SimpleUrlHandlerMapping - Mapped URL path [/**/favicon.ico] onto handler of type [class org.springframework.web.servlet.resource.ResourceHttpRequestHandler]
12:08:49.317 [main] INFO  org.mongodb.driver.cluster - Cluster created with settings {hosts=[127.0.0.1:27017], mode=SINGLE, requiredClusterType=UNKNOWN, serverSelectionTimeout='30000 ms', maxWaitQueueSize=500}
12:08:49.884 [main] INFO  o.s.b.actuate.endpoint.mvc.EndpointHandlerMapping - Mapped "{[/monitor/service-registry/instance-status],methods=[GET]}" onto public org.springframework.http.ResponseEntity org.springframework.cloud.client.serviceregistry.endpoint.ServiceRegistryEndpoint.getStatus()
12:08:49.884 [main] INFO  o.s.b.actuate.endpoint.mvc.EndpointHandlerMapping - Mapped "{[/monitor/service-registry/instance-status],methods=[POST]}" onto public org.springframework.http.ResponseEntity<?> org.springframework.cloud.client.serviceregistry.endpoint.ServiceRegistryEndpoint.setStatus(java.lang.String)
12:08:49.885 [main] INFO  o.s.b.actuate.endpoint.mvc.EndpointHandlerMapping - Mapped "{[/monitor/configprops || /monitor/configprops.json],methods=[GET],produces=[application/vnd.spring-boot.actuator.v1+json || application/json]}" onto public java.lang.Object org.springframework.boot.actuate.endpoint.mvc.EndpointMvcAdapter.invoke()
12:08:49.886 [main] INFO  o.s.b.actuate.endpoint.mvc.EndpointHandlerMapping - Mapped "{[/monitor/health || /monitor/health.json],methods=[GET],produces=[application/vnd.spring-boot.actuator.v1+json || application/json]}" onto public java.lang.Object org.springframework.boot.actuate.endpoint.mvc.HealthMvcEndpoint.invoke(javax.servlet.http.HttpServletRequest,java.security.Principal)
12:08:49.887 [main] INFO  o.s.b.actuate.endpoint.mvc.EndpointHandlerMapping - Mapped "{[/monitor/metrics/{name:.*}],methods=[GET],produces=[application/vnd.spring-boot.actuator.v1+json || application/json]}" onto public java.lang.Object org.springframework.boot.actuate.endpoint.mvc.MetricsMvcEndpoint.value(java.lang.String)
12:08:49.887 [main] INFO  o.s.b.actuate.endpoint.mvc.EndpointHandlerMapping - Mapped "{[/monitor/metrics || /monitor/metrics.json],methods=[GET],produces=[application/vnd.spring-boot.actuator.v1+json || application/json]}" onto public java.lang.Object org.springframework.boot.actuate.endpoint.mvc.EndpointMvcAdapter.invoke()
12:08:49.887 [main] INFO  o.s.b.actuate.endpoint.mvc.EndpointHandlerMapping - Mapped "{[/monitor/env],methods=[POST]}" onto public java.lang.Object org.springframework.cloud.context.environment.EnvironmentManagerMvcEndpoint.value(java.util.Map<java.lang.String, java.lang.String>)
12:08:49.887 [main] INFO  o.s.b.actuate.endpoint.mvc.EndpointHandlerMapping - Mapped "{[/monitor/env/reset],methods=[POST]}" onto public java.util.Map<java.lang.String, java.lang.Object> org.springframework.cloud.context.environment.EnvironmentManagerMvcEndpoint.reset()
12:08:49.888 [main] INFO  o.s.b.actuate.endpoint.mvc.EndpointHandlerMapping - Mapped "{[/monitor/heapdump || /monitor/heapdump.json],methods=[GET],produces=[application/octet-stream]}" onto public void org.springframework.boot.actuate.endpoint.mvc.HeapdumpMvcEndpoint.invoke(boolean,javax.servlet.http.HttpServletRequest,javax.servlet.http.HttpServletResponse) throws java.io.IOException,javax.servlet.ServletException
12:08:49.889 [main] INFO  o.s.b.actuate.endpoint.mvc.EndpointHandlerMapping - Mapped "{[/monitor/autoconfig || /monitor/autoconfig.json],methods=[GET],produces=[application/vnd.spring-boot.actuator.v1+json || application/json]}" onto public java.lang.Object org.springframework.boot.actuate.endpoint.mvc.EndpointMvcAdapter.invoke()
12:08:49.891 [main] INFO  o.s.b.actuate.endpoint.mvc.EndpointHandlerMapping - Mapped "{[/monitor/loggers/{name:.*}],methods=[GET],produces=[application/vnd.spring-boot.actuator.v1+json || application/json]}" onto public java.lang.Object org.springframework.boot.actuate.endpoint.mvc.LoggersMvcEndpoint.get(java.lang.String)
12:08:49.892 [main] INFO  o.s.b.actuate.endpoint.mvc.EndpointHandlerMapping - Mapped "{[/monitor/loggers/{name:.*}],methods=[POST],consumes=[application/vnd.spring-boot.actuator.v1+json || application/json],produces=[application/vnd.spring-boot.actuator.v1+json || application/json]}" onto public java.lang.Object org.springframework.boot.actuate.endpoint.mvc.LoggersMvcEndpoint.set(java.lang.String,java.util.Map<java.lang.String, java.lang.String>)
12:08:49.892 [main] INFO  o.s.b.actuate.endpoint.mvc.EndpointHandlerMapping - Mapped "{[/monitor/loggers || /monitor/loggers.json],methods=[GET],produces=[application/vnd.spring-boot.actuator.v1+json || application/json]}" onto public java.lang.Object org.springframework.boot.actuate.endpoint.mvc.EndpointMvcAdapter.invoke()
12:08:49.892 [main] INFO  o.s.b.actuate.endpoint.mvc.EndpointHandlerMapping - Mapped "{[/monitor/mappings || /monitor/mappings.json],methods=[GET],produces=[application/vnd.spring-boot.actuator.v1+json || application/json]}" onto public java.lang.Object org.springframework.boot.actuate.endpoint.mvc.EndpointMvcAdapter.invoke()
12:08:49.893 [main] INFO  o.s.b.actuate.endpoint.mvc.EndpointHandlerMapping - Mapped "{[/monitor/beans || /monitor/beans.json],methods=[GET],produces=[application/vnd.spring-boot.actuator.v1+json || application/json]}" onto public java.lang.Object org.springframework.boot.actuate.endpoint.mvc.EndpointMvcAdapter.invoke()
12:08:49.893 [main] INFO  o.s.b.actuate.endpoint.mvc.EndpointHandlerMapping - Mapped "{[/monitor/features || /monitor/features.json],methods=[GET],produces=[application/vnd.spring-boot.actuator.v1+json || application/json]}" onto public java.lang.Object org.springframework.boot.actuate.endpoint.mvc.EndpointMvcAdapter.invoke()
12:08:49.894 [main] INFO  o.s.b.actuate.endpoint.mvc.EndpointHandlerMapping - Mapped "{[/monitor/archaius || /monitor/archaius.json],methods=[GET],produces=[application/vnd.spring-boot.actuator.v1+json || application/json]}" onto public java.lang.Object org.springframework.boot.actuate.endpoint.mvc.EndpointMvcAdapter.invoke()
12:08:49.894 [main] INFO  o.s.b.actuate.endpoint.mvc.EndpointHandlerMapping - Mapped "{[/monitor/info || /monitor/info.json],methods=[GET],produces=[application/vnd.spring-boot.actuator.v1+json || application/json]}" onto public java.lang.Object org.springframework.boot.actuate.endpoint.mvc.EndpointMvcAdapter.invoke()
12:08:49.895 [main] INFO  o.s.b.actuate.endpoint.mvc.EndpointHandlerMapping - Mapped "{[/monitor/env/{name:.*}],methods=[GET],produces=[application/vnd.spring-boot.actuator.v1+json || application/json]}" onto public java.lang.Object org.springframework.boot.actuate.endpoint.mvc.EnvironmentMvcEndpoint.value(java.lang.String)
12:08:49.895 [main] INFO  o.s.b.actuate.endpoint.mvc.EndpointHandlerMapping - Mapped "{[/monitor/env || /monitor/env.json],methods=[GET],produces=[application/vnd.spring-boot.actuator.v1+json || application/json]}" onto public java.lang.Object org.springframework.boot.actuate.endpoint.mvc.EndpointMvcAdapter.invoke()
12:08:49.895 [main] INFO  o.s.b.actuate.endpoint.mvc.EndpointHandlerMapping - Mapped "{[/monitor/dump || /monitor/dump.json],methods=[GET],produces=[application/vnd.spring-boot.actuator.v1+json || application/json]}" onto public java.lang.Object org.springframework.boot.actuate.endpoint.mvc.EndpointMvcAdapter.invoke()
12:08:49.896 [main] INFO  o.s.b.actuate.endpoint.mvc.EndpointHandlerMapping - Mapped "{[/monitor/auditevents || /monitor/auditevents.json],methods=[GET],produces=[application/vnd.spring-boot.actuator.v1+json || application/json]}" onto public org.springframework.http.ResponseEntity<?> org.springframework.boot.actuate.endpoint.mvc.AuditEventsMvcEndpoint.findByPrincipalAndAfterAndType(java.lang.String,java.util.Date,java.lang.String)
12:08:49.897 [main] INFO  o.s.b.actuate.endpoint.mvc.EndpointHandlerMapping - Mapped "{[/monitor/refresh || /monitor/refresh.json],methods=[POST]}" onto public java.lang.Object org.springframework.cloud.endpoint.GenericPostableMvcEndpoint.invoke()
12:08:49.898 [main] INFO  o.s.b.actuate.endpoint.mvc.EndpointHandlerMapping - Mapped "{[/monitor/trace || /monitor/trace.json],methods=[GET],produces=[application/vnd.spring-boot.actuator.v1+json || application/json]}" onto public java.lang.Object org.springframework.boot.actuate.endpoint.mvc.EndpointMvcAdapter.invoke()
12:08:50.116 [main] INFO  o.s.ui.freemarker.SpringTemplateLoader - SpringTemplateLoader for FreeMarker: using resource loader [org.springframework.boot.context.embedded.AnnotationConfigEmbeddedWebApplicationContext@69ce2f62: startup date [Wed Feb 10 12:08:44 CST 2021]; parent: org.springframework.context.annotation.AnnotationConfigApplicationContext@f80945f] and template loader path [classpath:/templates/]
12:08:50.117 [main] INFO  o.s.w.servlet.view.freemarker.FreeMarkerConfigurer - ClassTemplateLoader for Spring macros added to FreeMarker configuration
12:08:50.376 [cluster-ClusterId{value='60235c51d9914e1f50d072b0', description='null'}-127.0.0.1:27017] INFO  org.mongodb.driver.cluster - Exception in monitor thread while connecting to server 127.0.0.1:27017
com.mongodb.MongoSocketOpenException: Exception opening socket
	at com.mongodb.connection.SocketStream.open(SocketStream.java:63)
	at com.mongodb.connection.InternalStreamConnection.open(InternalStreamConnection.java:115)
	at com.mongodb.connection.DefaultServerMonitor$ServerMonitorRunnable.run(DefaultServerMonitor.java:113)
	at java.lang.Thread.run(Thread.java:748)
Caused by: java.net.ConnectException: Connection refused: connect
	at java.net.DualStackPlainSocketImpl.waitForConnect(Native Method)
	at java.net.DualStackPlainSocketImpl.socketConnect(DualStackPlainSocketImpl.java:85)
	at java.net.AbstractPlainSocketImpl.doConnect(AbstractPlainSocketImpl.java:350)
	at java.net.AbstractPlainSocketImpl.connectToAddress(AbstractPlainSocketImpl.java:206)
	at java.net.AbstractPlainSocketImpl.connect(AbstractPlainSocketImpl.java:188)
	at java.net.PlainSocketImpl.connect(PlainSocketImpl.java:172)
	at java.net.SocksSocketImpl.connect(SocksSocketImpl.java:392)
	at java.net.Socket.connect(Socket.java:589)
	at com.mongodb.connection.SocketStreamHelper.initialize(SocketStreamHelper.java:57)
	at com.mongodb.connection.SocketStream.open(SocketStream.java:58)
	... 3 common frames omitted
12:08:50.454 [main] INFO  o.s.cloud.netflix.eureka.InstanceInfoFactory - Setting initial instance status as: STARTING
12:08:50.489 [main] INFO  com.netflix.discovery.DiscoveryClient - Initializing Eureka in region us-east-1
12:08:50.489 [main] INFO  com.netflix.discovery.DiscoveryClient - Client configured to neither register nor query for data.
12:08:50.495 [main] INFO  com.netflix.discovery.DiscoveryClient - Discovery Client initialized at timestamp 1612930130495 with initial instances count: 0
12:08:50.551 [main] INFO  com.netflix.eureka.DefaultEurekaServerContext - Initializing ...
12:08:50.552 [main] INFO  com.netflix.eureka.cluster.PeerEurekaNodes - Adding new peer nodes [http://127.0.0.1:7000/eureka/]
12:08:50.618 [main] INFO  c.n.discovery.provider.DiscoveryJerseyProvider - Using JSON encoding codec LegacyJacksonJson
12:08:50.618 [main] INFO  c.n.discovery.provider.DiscoveryJerseyProvider - Using JSON decoding codec LegacyJacksonJson
12:08:50.618 [main] INFO  c.n.discovery.provider.DiscoveryJerseyProvider - Using XML encoding codec XStreamXml
12:08:50.618 [main] INFO  c.n.discovery.provider.DiscoveryJerseyProvider - Using XML decoding codec XStreamXml
12:08:50.888 [main] INFO  com.netflix.eureka.cluster.PeerEurekaNodes - Replica node URL:  http://127.0.0.1:7000/eureka/
12:08:50.895 [main] INFO  c.netflix.eureka.registry.AbstractInstanceRegistry - Finished initializing remote region registries. All known remote regions: []
12:08:50.895 [main] INFO  com.netflix.eureka.DefaultEurekaServerContext - Initialized
12:08:50.917 [main] WARN  o.s.c.s.e.EurekaStarterDeprecationWarningAutoConfiguration - spring-cloud-starter-eureka is deprecated as of Spring Cloud Netflix 1.4.0, please migrate to spring-cloud-starter-netflix-eureka
12:08:50.922 [main] WARN  o.s.c.s.e.s.EurekaServerStarterDeprecationWarningAutoConfiguration - spring-cloud-starter-eureka-server is deprecated as of Spring Cloud Netflix 1.4.0, please migrate to spring-cloud-starter-netflix-eureka-server
12:08:51.165 [main] INFO  o.s.jmx.export.annotation.AnnotationMBeanExporter - Registering beans for JMX exposure on startup
12:08:51.177 [main] INFO  o.s.jmx.export.annotation.AnnotationMBeanExporter - Bean with name 'environmentManager' has been autodetected for JMX exposure
12:08:51.181 [main] INFO  o.s.jmx.export.annotation.AnnotationMBeanExporter - Bean with name 'configurationPropertiesRebinder' has been autodetected for JMX exposure
12:08:51.182 [main] INFO  o.s.jmx.export.annotation.AnnotationMBeanExporter - Bean with name 'refreshEndpoint' has been autodetected for JMX exposure
12:08:51.183 [main] INFO  o.s.jmx.export.annotation.AnnotationMBeanExporter - Bean with name 'serviceRegistryEndpoint' has been autodetected for JMX exposure
12:08:51.184 [main] INFO  o.s.jmx.export.annotation.AnnotationMBeanExporter - Bean with name 'refreshScope' has been autodetected for JMX exposure
12:08:51.186 [main] INFO  o.s.jmx.export.annotation.AnnotationMBeanExporter - Located managed bean 'environmentManager': registering with JMX server as MBean [org.springframework.cloud.context.environment:name=environmentManager,type=EnvironmentManager]
12:08:51.203 [main] INFO  o.s.jmx.export.annotation.AnnotationMBeanExporter - Located managed bean 'serviceRegistryEndpoint': registering with JMX server as MBean [org.springframework.cloud.client.serviceregistry.endpoint:name=serviceRegistryEndpoint,type=ServiceRegistryEndpoint]
12:08:51.211 [main] INFO  o.s.jmx.export.annotation.AnnotationMBeanExporter - Located managed bean 'refreshScope': registering with JMX server as MBean [org.springframework.cloud.context.scope.refresh:name=refreshScope,type=RefreshScope]
12:08:51.226 [main] INFO  o.s.jmx.export.annotation.AnnotationMBeanExporter - Located managed bean 'configurationPropertiesRebinder': registering with JMX server as MBean [org.springframework.cloud.context.properties:name=configurationPropertiesRebinder,context=69ce2f62,type=ConfigurationPropertiesRebinder]
12:08:51.232 [main] INFO  o.s.jmx.export.annotation.AnnotationMBeanExporter - Located managed bean 'refreshEndpoint': registering with JMX server as MBean [org.springframework.cloud.endpoint:name=refreshEndpoint,type=RefreshEndpoint]
12:08:51.235 [main] INFO  o.s.b.actuate.endpoint.jmx.EndpointMBeanExporter - Registering beans for JMX exposure on startup
12:08:51.564 [main] INFO  o.s.context.support.DefaultLifecycleProcessor - Starting beans in phase 0
12:08:51.564 [main] INFO  o.s.c.n.e.serviceregistry.EurekaServiceRegistry - Registering application unknown with eureka with status UP
12:08:51.567 [main] INFO  o.s.b.actuate.endpoint.jmx.EndpointMBeanExporter - Located managed bean 'auditEventsEndpoint': registering with JMX server as MBean [org.springframework.boot:type=Endpoint,name=auditEventsEndpoint]
12:08:51.572 [main] INFO  o.s.b.actuate.endpoint.jmx.EndpointMBeanExporter - Located managed bean 'archaiusEndpoint': registering with JMX server as MBean [org.springframework.boot:type=Endpoint,name=archaiusEndpoint]
12:08:51.580 [main] INFO  o.s.b.actuate.endpoint.jmx.EndpointMBeanExporter - Located managed bean 'featuresEndpoint': registering with JMX server as MBean [org.springframework.boot:type=Endpoint,name=featuresEndpoint]
12:08:51.583 [main] INFO  o.s.b.actuate.endpoint.jmx.EndpointMBeanExporter - Located managed bean 'requestMappingEndpoint': registering with JMX server as MBean [org.springframework.boot:type=Endpoint,name=requestMappingEndpoint]
12:08:51.585 [main] INFO  o.s.b.actuate.endpoint.jmx.EndpointMBeanExporter - Located managed bean 'environmentEndpoint': registering with JMX server as MBean [org.springframework.boot:type=Endpoint,name=environmentEndpoint]
12:08:51.586 [main] INFO  o.s.b.actuate.endpoint.jmx.EndpointMBeanExporter - Located managed bean 'healthEndpoint': registering with JMX server as MBean [org.springframework.boot:type=Endpoint,name=healthEndpoint]
12:08:51.588 [main] INFO  o.s.b.actuate.endpoint.jmx.EndpointMBeanExporter - Located managed bean 'beansEndpoint': registering with JMX server as MBean [org.springframework.boot:type=Endpoint,name=beansEndpoint]
12:08:51.590 [main] INFO  o.s.b.actuate.endpoint.jmx.EndpointMBeanExporter - Located managed bean 'infoEndpoint': registering with JMX server as MBean [org.springframework.boot:type=Endpoint,name=infoEndpoint]
12:08:51.594 [main] INFO  o.s.b.actuate.endpoint.jmx.EndpointMBeanExporter - Located managed bean 'loggersEndpoint': registering with JMX server as MBean [org.springframework.boot:type=Endpoint,name=loggersEndpoint]
12:08:51.599 [main] INFO  o.s.b.actuate.endpoint.jmx.EndpointMBeanExporter - Located managed bean 'metricsEndpoint': registering with JMX server as MBean [org.springframework.boot:type=Endpoint,name=metricsEndpoint]
12:08:51.601 [main] INFO  o.s.b.actuate.endpoint.jmx.EndpointMBeanExporter - Located managed bean 'traceEndpoint': registering with JMX server as MBean [org.springframework.boot:type=Endpoint,name=traceEndpoint]
12:08:51.603 [main] INFO  o.s.b.actuate.endpoint.jmx.EndpointMBeanExporter - Located managed bean 'dumpEndpoint': registering with JMX server as MBean [org.springframework.boot:type=Endpoint,name=dumpEndpoint]
12:08:51.604 [main] INFO  o.s.b.actuate.endpoint.jmx.EndpointMBeanExporter - Located managed bean 'autoConfigurationReportEndpoint': registering with JMX server as MBean [org.springframework.boot:type=Endpoint,name=autoConfigurationReportEndpoint]
12:08:51.606 [main] INFO  o.s.b.actuate.endpoint.jmx.EndpointMBeanExporter - Located managed bean 'configurationPropertiesReportEndpoint': registering with JMX server as MBean [org.springframework.boot:type=Endpoint,name=configurationPropertiesReportEndpoint]
12:08:51.608 [Thread-36] INFO  o.s.c.netflix.eureka.server.EurekaServerBootstrap - Setting the eureka configuration..
12:08:51.608 [Thread-36] INFO  o.s.c.netflix.eureka.server.EurekaServerBootstrap - Eureka data center value eureka.datacenter is not set, defaulting to default
12:08:51.608 [Thread-36] INFO  o.s.c.netflix.eureka.server.EurekaServerBootstrap - Eureka environment value eureka.environment is not set, defaulting to test
12:08:51.622 [Thread-36] INFO  o.s.c.netflix.eureka.server.EurekaServerBootstrap - isAws returned false
12:08:51.623 [Thread-36] INFO  o.s.c.netflix.eureka.server.EurekaServerBootstrap - Initialized server context
12:08:51.623 [Thread-36] INFO  c.n.eureka.registry.PeerAwareInstanceRegistryImpl - Got 1 instances from neighboring DS node
12:08:51.623 [Thread-36] INFO  c.n.eureka.registry.PeerAwareInstanceRegistryImpl - Renew threshold is: 1
12:08:51.623 [Thread-36] INFO  c.n.eureka.registry.PeerAwareInstanceRegistryImpl - Changing status to UP
12:08:51.628 [Thread-36] INFO  o.s.c.n.e.s.EurekaServerInitializerConfiguration - Started Eureka Server
12:08:51.628 [Thread-36] INFO  c.bizzan.bitrade.listenConfig.EurekaStateListener - 注册中心启动,1612930131628
12:08:51.629 [Thread-36] INFO  c.bizzan.bitrade.listenConfig.EurekaStateListener - 注册中心服务端启动,1612930131629
12:08:51.664 [main] INFO  c.s.j.server.impl.application.WebApplicationImpl - Initiating Jersey application, version 'Jersey: 1.19.1 03/11/2016 02:08 PM'
12:08:51.704 [main] INFO  c.n.discovery.provider.DiscoveryJerseyProvider - Using JSON encoding codec LegacyJacksonJson
12:08:51.705 [main] INFO  c.n.discovery.provider.DiscoveryJerseyProvider - Using JSON decoding codec LegacyJacksonJson
12:08:51.705 [main] INFO  c.n.discovery.provider.DiscoveryJerseyProvider - Using XML encoding codec XStreamXml
12:08:51.705 [main] INFO  c.n.discovery.provider.DiscoveryJerseyProvider - Using XML decoding codec XStreamXml
12:08:52.050 [main] INFO  o.e.j.server.handler.ContextHandler.application - Initializing Spring FrameworkServlet 'dispatcherServlet'
12:08:52.050 [main] INFO  org.springframework.web.servlet.DispatcherServlet - FrameworkServlet 'dispatcherServlet': initialization started
12:08:52.068 [main] INFO  org.springframework.web.servlet.DispatcherServlet - FrameworkServlet 'dispatcherServlet': initialization completed in 18 ms
12:08:52.126 [main] INFO  org.eclipse.jetty.server.AbstractConnector - Started ServerConnector@315b5913{HTTP/1.1,[http/1.1]}{0.0.0.0:7000}
12:08:52.128 [main] INFO  o.s.b.c.e.jetty.JettyEmbeddedServletContainer - Jetty started on port(s) 7000 (http/1.1)
12:08:52.129 [main] INFO  o.s.c.n.e.s.EurekaAutoServiceRegistration - Updating port to 7000
12:08:52.132 [main] INFO  com.bizzan.bitrade.CloudApplication - Started CloudApplication in 9.284 seconds (JVM running for 11.848)
12:08:53.669 [RMI TCP Connection(11)-192.168.1.31] WARN  o.s.boot.actuate.health.MailHealthIndicator - Health check failed
com.sun.mail.util.MailConnectException: Couldn't connect to host, port: localhost, 25; timeout -1
	at com.sun.mail.smtp.SMTPTransport.openServer(SMTPTransport.java:2118)
	at com.sun.mail.smtp.SMTPTransport.protocolConnect(SMTPTransport.java:712)
	at javax.mail.Service.connect(Service.java:366)
	at org.springframework.mail.javamail.JavaMailSenderImpl.connectTransport(JavaMailSenderImpl.java:501)
	at org.springframework.mail.javamail.JavaMailSenderImpl.testConnection(JavaMailSenderImpl.java:382)
	at org.springframework.boot.actuate.health.MailHealthIndicator.doHealthCheck(MailHealthIndicator.java:40)
	at org.springframework.boot.actuate.health.AbstractHealthIndicator.health(AbstractHealthIndicator.java:43)
	at org.springframework.boot.actuate.health.CompositeHealthIndicator.health(CompositeHealthIndicator.java:68)
	at org.springframework.boot.actuate.endpoint.HealthEndpoint.invoke(HealthEndpoint.java:85)
	at org.springframework.boot.actuate.endpoint.HealthEndpoint.invoke(HealthEndpoint.java:35)
	at org.springframework.boot.actuate.endpoint.jmx.DataEndpointMBean.getData(DataEndpointMBean.java:46)
	at sun.reflect.NativeMethodAccessorImpl.invoke0(Native Method)
	at sun.reflect.NativeMethodAccessorImpl.invoke(NativeMethodAccessorImpl.java:62)
	at sun.reflect.DelegatingMethodAccessorImpl.invoke(DelegatingMethodAccessorImpl.java:43)
	at java.lang.reflect.Method.invoke(Method.java:498)
	at sun.reflect.misc.Trampoline.invoke(MethodUtil.java:71)
	at sun.reflect.GeneratedMethodAccessor93.invoke(Unknown Source)
	at sun.reflect.DelegatingMethodAccessorImpl.invoke(DelegatingMethodAccessorImpl.java:43)
	at java.lang.reflect.Method.invoke(Method.java:498)
	at sun.reflect.misc.MethodUtil.invoke(MethodUtil.java:275)
	at javax.management.modelmbean.RequiredModelMBean$4.run(RequiredModelMBean.java:1252)
	at java.security.AccessController.doPrivileged(Native Method)
	at java.security.ProtectionDomain$JavaSecurityAccessImpl.doIntersectionPrivilege(ProtectionDomain.java:80)
	at javax.management.modelmbean.RequiredModelMBean.invokeMethod(RequiredModelMBean.java:1246)
	at javax.management.modelmbean.RequiredModelMBean.invoke(RequiredModelMBean.java:1085)
	at org.springframework.jmx.export.SpringModelMBean.invoke(SpringModelMBean.java:90)
	at javax.management.modelmbean.RequiredModelMBean.getAttribute(RequiredModelMBean.java:1562)
	at org.springframework.jmx.export.SpringModelMBean.getAttribute(SpringModelMBean.java:109)
	at com.sun.jmx.interceptor.DefaultMBeanServerInterceptor.getAttribute(DefaultMBeanServerInterceptor.java:647)
	at com.sun.jmx.mbeanserver.JmxMBeanServer.getAttribute(JmxMBeanServer.java:678)
	at javax.management.remote.rmi.RMIConnectionImpl.doOperation(RMIConnectionImpl.java:1445)
	at javax.management.remote.rmi.RMIConnectionImpl.access$300(RMIConnectionImpl.java:76)
	at javax.management.remote.rmi.RMIConnectionImpl$PrivilegedOperation.run(RMIConnectionImpl.java:1309)
	at javax.management.remote.rmi.RMIConnectionImpl.doPrivilegedOperation(RMIConnectionImpl.java:1401)
	at javax.management.remote.rmi.RMIConnectionImpl.getAttribute(RMIConnectionImpl.java:639)
	at sun.reflect.GeneratedMethodAccessor57.invoke(Unknown Source)
	at sun.reflect.DelegatingMethodAccessorImpl.invoke(DelegatingMethodAccessorImpl.java:43)
	at java.lang.reflect.Method.invoke(Method.java:498)
	at sun.rmi.server.UnicastServerRef.dispatch(UnicastServerRef.java:346)
	at sun.rmi.transport.Transport$1.run(Transport.java:200)
	at sun.rmi.transport.Transport$1.run(Transport.java:197)
	at java.security.AccessController.doPrivileged(Native Method)
	at sun.rmi.transport.Transport.serviceCall(Transport.java:196)
	at sun.rmi.transport.tcp.TCPTransport.handleMessages(TCPTransport.java:568)
	at sun.rmi.transport.tcp.TCPTransport$ConnectionHandler.run0(TCPTransport.java:826)
	at sun.rmi.transport.tcp.TCPTransport$ConnectionHandler.lambda$run$0(TCPTransport.java:683)
	at java.security.AccessController.doPrivileged(Native Method)
	at sun.rmi.transport.tcp.TCPTransport$ConnectionHandler.run(TCPTransport.java:682)
	at java.util.concurrent.ThreadPoolExecutor.runWorker(ThreadPoolExecutor.java:1142)
	at java.util.concurrent.ThreadPoolExecutor$Worker.run(ThreadPoolExecutor.java:617)
	at java.lang.Thread.run(Thread.java:748)
Caused by: java.net.ConnectException: Connection refused: connect
	at java.net.DualStackPlainSocketImpl.connect0(Native Method)
	at java.net.DualStackPlainSocketImpl.socketConnect(DualStackPlainSocketImpl.java:79)
	at java.net.AbstractPlainSocketImpl.doConnect(AbstractPlainSocketImpl.java:350)
	at java.net.AbstractPlainSocketImpl.connectToAddress(AbstractPlainSocketImpl.java:206)
	at java.net.AbstractPlainSocketImpl.connect(AbstractPlainSocketImpl.java:188)
	at java.net.PlainSocketImpl.connect(PlainSocketImpl.java:172)
	at java.net.SocksSocketImpl.connect(SocksSocketImpl.java:392)
	at java.net.Socket.connect(Socket.java:589)
	at java.net.Socket.connect(Socket.java:538)
	at com.sun.mail.util.SocketFetcher.createSocket(SocketFetcher.java:331)
	at com.sun.mail.util.SocketFetcher.getSocket(SocketFetcher.java:238)
	at com.sun.mail.smtp.SMTPTransport.openServer(SMTPTransport.java:2084)
	... 50 common frames omitted
12:08:54.707 [RMI TCP Connection(11)-192.168.1.31] WARN  o.s.boot.actuate.health.RedisHealthIndicator - Health check failed
org.springframework.data.redis.RedisConnectionFailureException: Cannot get Jedis connection; nested exception is redis.clients.jedis.exceptions.JedisConnectionException: Could not get a resource from the pool
	at org.springframework.data.redis.connection.jedis.JedisConnectionFactory.fetchJedisConnector(JedisConnectionFactory.java:204)
	at org.springframework.data.redis.connection.jedis.JedisConnectionFactory.getConnection(JedisConnectionFactory.java:348)
	at org.springframework.data.redis.core.RedisConnectionUtils.doGetConnection(RedisConnectionUtils.java:129)
	at org.springframework.data.redis.core.RedisConnectionUtils.getConnection(RedisConnectionUtils.java:92)
	at org.springframework.data.redis.core.RedisConnectionUtils.getConnection(RedisConnectionUtils.java:79)
	at org.springframework.boot.actuate.health.RedisHealthIndicator.doHealthCheck(RedisHealthIndicator.java:52)
	at org.springframework.boot.actuate.health.AbstractHealthIndicator.health(AbstractHealthIndicator.java:43)
	at org.springframework.boot.actuate.health.CompositeHealthIndicator.health(CompositeHealthIndicator.java:68)
	at org.springframework.boot.actuate.endpoint.HealthEndpoint.invoke(HealthEndpoint.java:85)
	at org.springframework.boot.actuate.endpoint.HealthEndpoint.invoke(HealthEndpoint.java:35)
	at org.springframework.boot.actuate.endpoint.jmx.DataEndpointMBean.getData(DataEndpointMBean.java:46)
	at sun.reflect.NativeMethodAccessorImpl.invoke0(Native Method)
	at sun.reflect.NativeMethodAccessorImpl.invoke(NativeMethodAccessorImpl.java:62)
	at sun.reflect.DelegatingMethodAccessorImpl.invoke(DelegatingMethodAccessorImpl.java:43)
	at java.lang.reflect.Method.invoke(Method.java:498)
	at sun.reflect.misc.Trampoline.invoke(MethodUtil.java:71)
	at sun.reflect.GeneratedMethodAccessor93.invoke(Unknown Source)
	at sun.reflect.DelegatingMethodAccessorImpl.invoke(DelegatingMethodAccessorImpl.java:43)
	at java.lang.reflect.Method.invoke(Method.java:498)
	at sun.reflect.misc.MethodUtil.invoke(MethodUtil.java:275)
	at javax.management.modelmbean.RequiredModelMBean$4.run(RequiredModelMBean.java:1252)
	at java.security.AccessController.doPrivileged(Native Method)
	at java.security.ProtectionDomain$JavaSecurityAccessImpl.doIntersectionPrivilege(ProtectionDomain.java:80)
	at javax.management.modelmbean.RequiredModelMBean.invokeMethod(RequiredModelMBean.java:1246)
	at javax.management.modelmbean.RequiredModelMBean.invoke(RequiredModelMBean.java:1085)
	at org.springframework.jmx.export.SpringModelMBean.invoke(SpringModelMBean.java:90)
	at javax.management.modelmbean.RequiredModelMBean.getAttribute(RequiredModelMBean.java:1562)
	at org.springframework.jmx.export.SpringModelMBean.getAttribute(SpringModelMBean.java:109)
	at com.sun.jmx.interceptor.DefaultMBeanServerInterceptor.getAttribute(DefaultMBeanServerInterceptor.java:647)
	at com.sun.jmx.mbeanserver.JmxMBeanServer.getAttribute(JmxMBeanServer.java:678)
	at javax.management.remote.rmi.RMIConnectionImpl.doOperation(RMIConnectionImpl.java:1445)
	at javax.management.remote.rmi.RMIConnectionImpl.access$300(RMIConnectionImpl.java:76)
	at javax.management.remote.rmi.RMIConnectionImpl$PrivilegedOperation.run(RMIConnectionImpl.java:1309)
	at javax.management.remote.rmi.RMIConnectionImpl.doPrivilegedOperation(RMIConnectionImpl.java:1401)
	at javax.management.remote.rmi.RMIConnectionImpl.getAttribute(RMIConnectionImpl.java:639)
	at sun.reflect.GeneratedMethodAccessor57.invoke(Unknown Source)
	at sun.reflect.DelegatingMethodAccessorImpl.invoke(DelegatingMethodAccessorImpl.java:43)
	at java.lang.reflect.Method.invoke(Method.java:498)
	at sun.rmi.server.UnicastServerRef.dispatch(UnicastServerRef.java:346)
	at sun.rmi.transport.Transport$1.run(Transport.java:200)
	at sun.rmi.transport.Transport$1.run(Transport.java:197)
	at java.security.AccessController.doPrivileged(Native Method)
	at sun.rmi.transport.Transport.serviceCall(Transport.java:196)
	at sun.rmi.transport.tcp.TCPTransport.handleMessages(TCPTransport.java:568)
	at sun.rmi.transport.tcp.TCPTransport$ConnectionHandler.run0(TCPTransport.java:826)
	at sun.rmi.transport.tcp.TCPTransport$ConnectionHandler.lambda$run$0(TCPTransport.java:683)
	at java.security.AccessController.doPrivileged(Native Method)
	at sun.rmi.transport.tcp.TCPTransport$ConnectionHandler.run(TCPTransport.java:682)
	at java.util.concurrent.ThreadPoolExecutor.runWorker(ThreadPoolExecutor.java:1142)
	at java.util.concurrent.ThreadPoolExecutor$Worker.run(ThreadPoolExecutor.java:617)
	at java.lang.Thread.run(Thread.java:748)
Caused by: redis.clients.jedis.exceptions.JedisConnectionException: Could not get a resource from the pool
	at redis.clients.util.Pool.getResource(Pool.java:53)
	at redis.clients.jedis.JedisPool.getResource(JedisPool.java:226)
	at redis.clients.jedis.JedisPool.getResource(JedisPool.java:16)
	at org.springframework.data.redis.connection.jedis.JedisConnectionFactory.fetchJedisConnector(JedisConnectionFactory.java:194)
	... 50 common frames omitted
Caused by: redis.clients.jedis.exceptions.JedisConnectionException: java.net.ConnectException: Connection refused: connect
	at redis.clients.jedis.Connection.connect(Connection.java:207)
	at redis.clients.jedis.BinaryClient.connect(BinaryClient.java:93)
	at redis.clients.jedis.BinaryJedis.connect(BinaryJedis.java:1767)
	at redis.clients.jedis.JedisFactory.makeObject(JedisFactory.java:106)
	at org.apache.commons.pool2.impl.GenericObjectPool.create(GenericObjectPool.java:888)
	at org.apache.commons.pool2.impl.GenericObjectPool.borrowObject(GenericObjectPool.java:432)
	at org.apache.commons.pool2.impl.GenericObjectPool.borrowObject(GenericObjectPool.java:361)
	at redis.clients.util.Pool.getResource(Pool.java:49)
	... 53 common frames omitted
Caused by: java.net.ConnectException: Connection refused: connect
	at java.net.DualStackPlainSocketImpl.waitForConnect(Native Method)
	at java.net.DualStackPlainSocketImpl.socketConnect(DualStackPlainSocketImpl.java:85)
	at java.net.AbstractPlainSocketImpl.doConnect(AbstractPlainSocketImpl.java:350)
	at java.net.AbstractPlainSocketImpl.connectToAddress(AbstractPlainSocketImpl.java:206)
	at java.net.AbstractPlainSocketImpl.connect(AbstractPlainSocketImpl.java:188)
	at java.net.PlainSocketImpl.connect(PlainSocketImpl.java:172)
	at java.net.SocksSocketImpl.connect(SocksSocketImpl.java:392)
	at java.net.Socket.connect(Socket.java:589)
	at redis.clients.jedis.Connection.connect(Connection.java:184)
	... 60 common frames omitted
12:08:54.724 [RMI TCP Connection(11)-192.168.1.31] INFO  org.mongodb.driver.cluster - No server chosen by ReadPreferenceServerSelector{readPreference=primary} from cluster description ClusterDescription{type=UNKNOWN, connectionMode=SINGLE, serverDescriptions=[ServerDescription{address=127.0.0.1:27017, type=UNKNOWN, state=CONNECTING, exception={com.mongodb.MongoSocketOpenException: Exception opening socket}, caused by {java.net.ConnectException: Connection refused: connect}}]}. Waiting for 30000 ms before timing out
12:09:24.726 [RMI TCP Connection(11)-192.168.1.31] WARN  o.s.boot.actuate.health.MongoHealthIndicator - Health check failed
org.springframework.dao.DataAccessResourceFailureException: Timed out after 30000 ms while waiting for a server that matches ReadPreferenceServerSelector{readPreference=primary}. Client view of cluster state is {type=UNKNOWN, servers=[{address=127.0.0.1:27017, type=UNKNOWN, state=CONNECTING, exception={com.mongodb.MongoSocketOpenException: Exception opening socket}, caused by {java.net.ConnectException: Connection refused: connect}}]; nested exception is com.mongodb.MongoTimeoutException: Timed out after 30000 ms while waiting for a server that matches ReadPreferenceServerSelector{readPreference=primary}. Client view of cluster state is {type=UNKNOWN, servers=[{address=127.0.0.1:27017, type=UNKNOWN, state=CONNECTING, exception={com.mongodb.MongoSocketOpenException: Exception opening socket}, caused by {java.net.ConnectException: Connection refused: connect}}]
	at org.springframework.data.mongodb.core.MongoExceptionTranslator.translateExceptionIfPossible(MongoExceptionTranslator.java:77)
	at org.springframework.data.mongodb.core.MongoTemplate.potentiallyConvertRuntimeException(MongoTemplate.java:2146)
	at org.springframework.data.mongodb.core.MongoTemplate.execute(MongoTemplate.java:468)
	at org.springframework.data.mongodb.core.MongoTemplate.executeCommand(MongoTemplate.java:380)
	at org.springframework.data.mongodb.core.MongoTemplate.executeCommand(MongoTemplate.java:375)
	at org.springframework.boot.actuate.health.MongoHealthIndicator.doHealthCheck(MongoHealthIndicator.java:42)
	at org.springframework.boot.actuate.health.AbstractHealthIndicator.health(AbstractHealthIndicator.java:43)
	at org.springframework.boot.actuate.health.CompositeHealthIndicator.health(CompositeHealthIndicator.java:68)
	at org.springframework.boot.actuate.endpoint.HealthEndpoint.invoke(HealthEndpoint.java:85)
	at org.springframework.boot.actuate.endpoint.HealthEndpoint.invoke(HealthEndpoint.java:35)
	at org.springframework.boot.actuate.endpoint.jmx.DataEndpointMBean.getData(DataEndpointMBean.java:46)
	at sun.reflect.NativeMethodAccessorImpl.invoke0(Native Method)
	at sun.reflect.NativeMethodAccessorImpl.invoke(NativeMethodAccessorImpl.java:62)
	at sun.reflect.DelegatingMethodAccessorImpl.invoke(DelegatingMethodAccessorImpl.java:43)
	at java.lang.reflect.Method.invoke(Method.java:498)
	at sun.reflect.misc.Trampoline.invoke(MethodUtil.java:71)
	at sun.reflect.GeneratedMethodAccessor93.invoke(Unknown Source)
	at sun.reflect.DelegatingMethodAccessorImpl.invoke(DelegatingMethodAccessorImpl.java:43)
	at java.lang.reflect.Method.invoke(Method.java:498)
	at sun.reflect.misc.MethodUtil.invoke(MethodUtil.java:275)
	at javax.management.modelmbean.RequiredModelMBean$4.run(RequiredModelMBean.java:1252)
	at java.security.AccessController.doPrivileged(Native Method)
	at java.security.ProtectionDomain$JavaSecurityAccessImpl.doIntersectionPrivilege(ProtectionDomain.java:80)
	at javax.management.modelmbean.RequiredModelMBean.invokeMethod(RequiredModelMBean.java:1246)
	at javax.management.modelmbean.RequiredModelMBean.invoke(RequiredModelMBean.java:1085)
	at org.springframework.jmx.export.SpringModelMBean.invoke(SpringModelMBean.java:90)
	at javax.management.modelmbean.RequiredModelMBean.getAttribute(RequiredModelMBean.java:1562)
	at org.springframework.jmx.export.SpringModelMBean.getAttribute(SpringModelMBean.java:109)
	at com.sun.jmx.interceptor.DefaultMBeanServerInterceptor.getAttribute(DefaultMBeanServerInterceptor.java:647)
	at com.sun.jmx.mbeanserver.JmxMBeanServer.getAttribute(JmxMBeanServer.java:678)
	at javax.management.remote.rmi.RMIConnectionImpl.doOperation(RMIConnectionImpl.java:1445)
	at javax.management.remote.rmi.RMIConnectionImpl.access$300(RMIConnectionImpl.java:76)
	at javax.management.remote.rmi.RMIConnectionImpl$PrivilegedOperation.run(RMIConnectionImpl.java:1309)
	at javax.management.remote.rmi.RMIConnectionImpl.doPrivilegedOperation(RMIConnectionImpl.java:1401)
	at javax.management.remote.rmi.RMIConnectionImpl.getAttribute(RMIConnectionImpl.java:639)
	at sun.reflect.GeneratedMethodAccessor57.invoke(Unknown Source)
	at sun.reflect.DelegatingMethodAccessorImpl.invoke(DelegatingMethodAccessorImpl.java:43)
	at java.lang.reflect.Method.invoke(Method.java:498)
	at sun.rmi.server.UnicastServerRef.dispatch(UnicastServerRef.java:346)
	at sun.rmi.transport.Transport$1.run(Transport.java:200)
	at sun.rmi.transport.Transport$1.run(Transport.java:197)
	at java.security.AccessController.doPrivileged(Native Method)
	at sun.rmi.transport.Transport.serviceCall(Transport.java:196)
	at sun.rmi.transport.tcp.TCPTransport.handleMessages(TCPTransport.java:568)
	at sun.rmi.transport.tcp.TCPTransport$ConnectionHandler.run0(TCPTransport.java:826)
	at sun.rmi.transport.tcp.TCPTransport$ConnectionHandler.lambda$run$0(TCPTransport.java:683)
	at java.security.AccessController.doPrivileged(Native Method)
	at sun.rmi.transport.tcp.TCPTransport$ConnectionHandler.run(TCPTransport.java:682)
	at java.util.concurrent.ThreadPoolExecutor.runWorker(ThreadPoolExecutor.java:1142)
	at java.util.concurrent.ThreadPoolExecutor$Worker.run(ThreadPoolExecutor.java:617)
	at java.lang.Thread.run(Thread.java:748)
Caused by: com.mongodb.MongoTimeoutException: Timed out after 30000 ms while waiting for a server that matches ReadPreferenceServerSelector{readPreference=primary}. Client view of cluster state is {type=UNKNOWN, servers=[{address=127.0.0.1:27017, type=UNKNOWN, state=CONNECTING, exception={com.mongodb.MongoSocketOpenException: Exception opening socket}, caused by {java.net.ConnectException: Connection refused: connect}}]
	at com.mongodb.connection.BaseCluster.createTimeoutException(BaseCluster.java:377)
	at com.mongodb.connection.BaseCluster.selectServer(BaseCluster.java:104)
	at com.mongodb.binding.ClusterBinding$ClusterBindingConnectionSource.<init>(ClusterBinding.java:75)
	at com.mongodb.binding.ClusterBinding$ClusterBindingConnectionSource.<init>(ClusterBinding.java:71)
	at com.mongodb.binding.ClusterBinding.getReadConnectionSource(ClusterBinding.java:63)
	at com.mongodb.operation.CommandOperationHelper.executeWrappedCommandProtocol(CommandOperationHelper.java:90)
	at com.mongodb.operation.CommandOperationHelper.executeWrappedCommandProtocol(CommandOperationHelper.java:85)
	at com.mongodb.operation.CommandReadOperation.execute(CommandReadOperation.java:55)
	at com.mongodb.Mongo.execute(Mongo.java:836)
	at com.mongodb.Mongo$2.execute(Mongo.java:823)
	at com.mongodb.DB.executeCommand(DB.java:729)
	at com.mongodb.DB.command(DB.java:491)
	at com.mongodb.DB.command(DB.java:507)
	at com.mongodb.DB.command(DB.java:462)
	at org.springframework.data.mongodb.core.MongoTemplate$2.doInDB(MongoTemplate.java:382)
	at org.springframework.data.mongodb.core.MongoTemplate$2.doInDB(MongoTemplate.java:380)
	at org.springframework.data.mongodb.core.MongoTemplate.execute(MongoTemplate.java:466)
	... 48 common frames omitted
12:09:51.625 [Eureka-EvictionTimer] INFO  c.netflix.eureka.registry.AbstractInstanceRegistry - Running the evict task with compensationTime 0ms
12:10:51.626 [Eureka-EvictionTimer] INFO  c.netflix.eureka.registry.AbstractInstanceRegistry - Running the evict task with compensationTime 0ms
12:11:51.627 [Eureka-EvictionTimer] INFO  c.netflix.eureka.registry.AbstractInstanceRegistry - Running the evict task with compensationTime 0ms
12:12:05.313 [qtp918475642-37] INFO  c.bizzan.bitrade.listenConfig.EurekaStateListener - 服务SERVICE-EXCHANGE-TRADE
192.168.1.31:6005 
ip: 192.168.1.31进行注册
12:12:05.336 [qtp918475642-37] ERROR c.bizzan.bitrade.listenConfig.EurekaStateListener -  【cloud】 EurekaStateListener 邮件推送异常：Illegal address
12:12:05.348 [qtp918475642-37] INFO  c.netflix.eureka.registry.AbstractInstanceRegistry - Registered instance SERVICE-EXCHANGE-TRADE/192.168.1.31:service-exchange-trade:6005 with status UP (replication=false)
12:12:05.965 [qtp918475642-34] INFO  c.netflix.eureka.registry.AbstractInstanceRegistry - Registered instance SERVICE-EXCHANGE-TRADE/192.168.1.31:service-exchange-trade:6005 with status UP (replication=true)
12:12:35.189 [qtp918475642-37] INFO  c.bizzan.bitrade.listenConfig.EurekaStateListener - 服务192.168.1.31:service-exchange-trade:6005  SERVICE-EXCHANGE-TRADE进行续约
12:12:35.697 [qtp918475642-34] INFO  c.bizzan.bitrade.listenConfig.EurekaStateListener - 服务192.168.1.31:service-exchange-trade:6005  SERVICE-EXCHANGE-TRADE进行续约
12:12:41.292 [qtp918475642-35] INFO  c.bizzan.bitrade.listenConfig.EurekaStateListener - 服务BITRADE-MARKET
192.168.1.31:6004 
ip: 192.168.1.31进行注册
12:12:41.292 [qtp918475642-35] ERROR c.bizzan.bitrade.listenConfig.EurekaStateListener -  【cloud】 EurekaStateListener 邮件推送异常：Illegal address
12:12:41.293 [qtp918475642-35] INFO  c.netflix.eureka.registry.AbstractInstanceRegistry - Registered instance BITRADE-MARKET/192.168.1.31:bitrade-market:6004 with status UP (replication=false)
12:12:41.804 [qtp918475642-37] INFO  c.netflix.eureka.registry.AbstractInstanceRegistry - Registered instance BITRADE-MARKET/192.168.1.31:bitrade-market:6004 with status UP (replication=true)
12:12:51.627 [Eureka-EvictionTimer] INFO  c.netflix.eureka.registry.AbstractInstanceRegistry - Running the evict task with compensationTime 0ms
12:13:05.197 [qtp918475642-35] INFO  c.bizzan.bitrade.listenConfig.EurekaStateListener - 服务192.168.1.31:service-exchange-trade:6005  SERVICE-EXCHANGE-TRADE进行续约
12:13:05.707 [qtp918475642-34] INFO  c.bizzan.bitrade.listenConfig.EurekaStateListener - 服务192.168.1.31:service-exchange-trade:6005  SERVICE-EXCHANGE-TRADE进行续约
12:13:11.222 [qtp918475642-37] INFO  c.bizzan.bitrade.listenConfig.EurekaStateListener - 服务192.168.1.31:bitrade-market:6004  BITRADE-MARKET进行续约
12:13:11.364 [qtp918475642-34] INFO  c.bizzan.bitrade.listenConfig.EurekaStateListener - 服务BITRADE-MARKET
192.168.1.31:6004 
ip: 192.168.1.31进行注册
12:13:11.365 [qtp918475642-34] ERROR c.bizzan.bitrade.listenConfig.EurekaStateListener -  【cloud】 EurekaStateListener 邮件推送异常：Illegal address
12:13:11.366 [qtp918475642-34] INFO  c.netflix.eureka.registry.AbstractInstanceRegistry - Registered instance BITRADE-MARKET/192.168.1.31:bitrade-market:6004 with status DOWN (replication=false)
12:13:11.456 [qtp918475642-32] INFO  c.bizzan.bitrade.listenConfig.EurekaStateListener - 您的服务BITRADE-MARKET
192.168.1.31:bitrade-market:6004已下线
12:13:11.456 [qtp918475642-32] ERROR c.bizzan.bitrade.listenConfig.EurekaStateListener -  【cloud】 EurekaStateListener 邮件推送异常：Illegal address
12:13:11.457 [qtp918475642-32] INFO  c.bizzan.bitrade.listenConfig.EurekaStateListener - 您的服务BITRADE-MARKET
192.168.1.31:bitrade-market:6004已下线
12:13:11.458 [qtp918475642-32] ERROR c.bizzan.bitrade.listenConfig.EurekaStateListener -  【cloud】 EurekaStateListener 邮件推送异常：Illegal address
12:13:11.458 [qtp918475642-32] INFO  c.netflix.eureka.registry.AbstractInstanceRegistry - Cancelled instance BITRADE-MARKET/192.168.1.31:bitrade-market:6004 (replication=false)
12:13:11.732 [qtp918475642-34] WARN  c.netflix.eureka.registry.AbstractInstanceRegistry - DS: Registry: lease doesn't exist, registering resource: BITRADE-MARKET - 192.168.1.31:bitrade-market:6004
12:13:11.732 [qtp918475642-34] WARN  com.netflix.eureka.resources.InstanceResource - Not Found (Renew): BITRADE-MARKET - 192.168.1.31:bitrade-market:6004
12:13:11.733 [qtp918475642-34] INFO  c.netflix.eureka.registry.AbstractInstanceRegistry - Registered instance BITRADE-MARKET/192.168.1.31:bitrade-market:6004 with status DOWN (replication=true)
12:13:11.733 [qtp918475642-34] INFO  c.netflix.eureka.registry.AbstractInstanceRegistry - Cancelled instance BITRADE-MARKET/192.168.1.31:bitrade-market:6004 (replication=true)
12:13:11.734 [TaskBatchingWorker-target_127.0.0.1-11] WARN  com.netflix.eureka.cluster.ReplicationTask - The replication of task BITRADE-MARKET/192.168.1.31:bitrade-market:6004:Heartbeat@127.0.0.1 failed with response code 404
12:13:11.734 [TaskBatchingWorker-target_127.0.0.1-11] WARN  com.netflix.eureka.cluster.PeerEurekaNode - BITRADE-MARKET/192.168.1.31:bitrade-market:6004:Heartbeat@127.0.0.1: missing entry.
12:13:11.735 [TaskBatchingWorker-target_127.0.0.1-11] WARN  com.netflix.eureka.cluster.PeerEurekaNode - BITRADE-MARKET/192.168.1.31:bitrade-market:6004:Heartbeat@127.0.0.1: cannot find instance id 192.168.1.31:bitrade-market:6004 and hence replicating the instance with status UP
12:13:12.246 [qtp918475642-32] INFO  c.netflix.eureka.registry.AbstractInstanceRegistry - Registered instance BITRADE-MARKET/192.168.1.31:bitrade-market:6004 with status UP (replication=true)
12:13:35.201 [qtp918475642-37] INFO  c.bizzan.bitrade.listenConfig.EurekaStateListener - 服务192.168.1.31:service-exchange-trade:6005  SERVICE-EXCHANGE-TRADE进行续约
12:13:35.709 [qtp918475642-32] INFO  c.bizzan.bitrade.listenConfig.EurekaStateListener - 服务192.168.1.31:service-exchange-trade:6005  SERVICE-EXCHANGE-TRADE进行续约
12:13:45.784 [qtp918475642-37] INFO  c.bizzan.bitrade.listenConfig.EurekaStateListener - 服务BITRADE-MARKET
192.168.1.31:6004 
ip: 192.168.1.31进行注册
12:13:45.784 [qtp918475642-37] ERROR c.bizzan.bitrade.listenConfig.EurekaStateListener -  【cloud】 EurekaStateListener 邮件推送异常：Illegal address
12:13:45.785 [qtp918475642-37] INFO  c.netflix.eureka.registry.AbstractInstanceRegistry - Registered instance BITRADE-MARKET/192.168.1.31:bitrade-market:6004 with status UP (replication=false)
12:13:46.293 [qtp918475642-34] INFO  c.netflix.eureka.registry.AbstractInstanceRegistry - Registered instance BITRADE-MARKET/192.168.1.31:bitrade-market:6004 with status UP (replication=true)
12:13:51.627 [Eureka-EvictionTimer] INFO  c.netflix.eureka.registry.AbstractInstanceRegistry - Running the evict task with compensationTime 0ms
12:14:05.207 [qtp918475642-35] INFO  c.bizzan.bitrade.listenConfig.EurekaStateListener - 服务192.168.1.31:service-exchange-trade:6005  SERVICE-EXCHANGE-TRADE进行续约
12:14:05.716 [qtp918475642-34] INFO  c.bizzan.bitrade.listenConfig.EurekaStateListener - 服务192.168.1.31:service-exchange-trade:6005  SERVICE-EXCHANGE-TRADE进行续约
12:14:15.715 [qtp918475642-37] INFO  c.bizzan.bitrade.listenConfig.EurekaStateListener - 服务192.168.1.31:bitrade-market:6004  BITRADE-MARKET进行续约
12:14:15.870 [qtp918475642-34] INFO  c.bizzan.bitrade.listenConfig.EurekaStateListener - 服务BITRADE-MARKET
192.168.1.31:6004 
ip: 192.168.1.31进行注册
12:14:15.871 [qtp918475642-34] ERROR c.bizzan.bitrade.listenConfig.EurekaStateListener -  【cloud】 EurekaStateListener 邮件推送异常：Illegal address
12:14:15.872 [qtp918475642-34] INFO  c.netflix.eureka.registry.AbstractInstanceRegistry - Registered instance BITRADE-MARKET/192.168.1.31:bitrade-market:6004 with status DOWN (replication=false)
12:14:15.905 [qtp918475642-32] INFO  c.bizzan.bitrade.listenConfig.EurekaStateListener - 您的服务BITRADE-MARKET
192.168.1.31:bitrade-market:6004已下线
12:14:15.905 [qtp918475642-32] ERROR c.bizzan.bitrade.listenConfig.EurekaStateListener -  【cloud】 EurekaStateListener 邮件推送异常：Illegal address
12:14:15.905 [qtp918475642-32] INFO  c.bizzan.bitrade.listenConfig.EurekaStateListener - 您的服务BITRADE-MARKET
192.168.1.31:bitrade-market:6004已下线
12:14:15.905 [qtp918475642-32] ERROR c.bizzan.bitrade.listenConfig.EurekaStateListener -  【cloud】 EurekaStateListener 邮件推送异常：Illegal address
12:14:15.906 [qtp918475642-32] INFO  c.netflix.eureka.registry.AbstractInstanceRegistry - Cancelled instance BITRADE-MARKET/192.168.1.31:bitrade-market:6004 (replication=false)
12:14:16.228 [qtp918475642-34] WARN  c.netflix.eureka.registry.AbstractInstanceRegistry - DS: Registry: lease doesn't exist, registering resource: BITRADE-MARKET - 192.168.1.31:bitrade-market:6004
12:14:16.228 [qtp918475642-34] WARN  com.netflix.eureka.resources.InstanceResource - Not Found (Renew): BITRADE-MARKET - 192.168.1.31:bitrade-market:6004
12:14:16.229 [qtp918475642-34] INFO  c.netflix.eureka.registry.AbstractInstanceRegistry - Registered instance BITRADE-MARKET/192.168.1.31:bitrade-market:6004 with status DOWN (replication=true)
12:14:16.229 [qtp918475642-34] INFO  c.netflix.eureka.registry.AbstractInstanceRegistry - Cancelled instance BITRADE-MARKET/192.168.1.31:bitrade-market:6004 (replication=true)
12:14:16.230 [TaskBatchingWorker-target_127.0.0.1-6] WARN  com.netflix.eureka.cluster.ReplicationTask - The replication of task BITRADE-MARKET/192.168.1.31:bitrade-market:6004:Heartbeat@127.0.0.1 failed with response code 404
12:14:16.230 [TaskBatchingWorker-target_127.0.0.1-6] WARN  com.netflix.eureka.cluster.PeerEurekaNode - BITRADE-MARKET/192.168.1.31:bitrade-market:6004:Heartbeat@127.0.0.1: missing entry.
12:14:16.230 [TaskBatchingWorker-target_127.0.0.1-6] WARN  com.netflix.eureka.cluster.PeerEurekaNode - BITRADE-MARKET/192.168.1.31:bitrade-market:6004:Heartbeat@127.0.0.1: cannot find instance id 192.168.1.31:bitrade-market:6004 and hence replicating the instance with status UP
12:14:16.743 [qtp918475642-32] INFO  c.netflix.eureka.registry.AbstractInstanceRegistry - Registered instance BITRADE-MARKET/192.168.1.31:bitrade-market:6004 with status UP (replication=true)
12:14:35.216 [qtp918475642-37] INFO  c.bizzan.bitrade.listenConfig.EurekaStateListener - 服务192.168.1.31:service-exchange-trade:6005  SERVICE-EXCHANGE-TRADE进行续约
12:14:35.724 [qtp918475642-32] INFO  c.bizzan.bitrade.listenConfig.EurekaStateListener - 服务192.168.1.31:service-exchange-trade:6005  SERVICE-EXCHANGE-TRADE进行续约
12:14:51.627 [Eureka-EvictionTimer] INFO  c.netflix.eureka.registry.AbstractInstanceRegistry - Running the evict task with compensationTime 0ms
12:15:05.220 [qtp918475642-37] INFO  c.bizzan.bitrade.listenConfig.EurekaStateListener - 服务192.168.1.31:service-exchange-trade:6005  SERVICE-EXCHANGE-TRADE进行续约
12:15:05.733 [qtp918475642-35] INFO  c.bizzan.bitrade.listenConfig.EurekaStateListener - 服务192.168.1.31:service-exchange-trade:6005  SERVICE-EXCHANGE-TRADE进行续约
12:15:35.225 [qtp918475642-34] INFO  c.bizzan.bitrade.listenConfig.EurekaStateListener - 服务192.168.1.31:service-exchange-trade:6005  SERVICE-EXCHANGE-TRADE进行续约
12:15:35.735 [qtp918475642-35] INFO  c.bizzan.bitrade.listenConfig.EurekaStateListener - 服务192.168.1.31:service-exchange-trade:6005  SERVICE-EXCHANGE-TRADE进行续约
12:15:51.629 [Eureka-EvictionTimer] INFO  c.netflix.eureka.registry.AbstractInstanceRegistry - Running the evict task with compensationTime 2ms
12:16:05.229 [qtp918475642-34] INFO  c.bizzan.bitrade.listenConfig.EurekaStateListener - 服务192.168.1.31:service-exchange-trade:6005  SERVICE-EXCHANGE-TRADE进行续约
12:16:05.748 [TaskBatchingWorker-target_127.0.0.1-11] ERROR c.netflix.eureka.cluster.ReplicationTaskProcessor - Network level connection to peer 127.0.0.1; retrying after delay
com.sun.jersey.api.client.ClientHandlerException: org.apache.http.NoHttpResponseException: 127.0.0.1:7000 failed to respond
	at com.sun.jersey.client.apache4.ApacheHttpClient4Handler.handle(ApacheHttpClient4Handler.java:187)
	at com.netflix.eureka.cluster.DynamicGZIPContentEncodingFilter.handle(DynamicGZIPContentEncodingFilter.java:48)
	at com.netflix.discovery.EurekaIdentityHeaderFilter.handle(EurekaIdentityHeaderFilter.java:27)
	at com.sun.jersey.api.client.Client.handle(Client.java:652)
	at com.sun.jersey.api.client.WebResource.handle(WebResource.java:682)
	at com.sun.jersey.api.client.WebResource.access$200(WebResource.java:74)
	at com.sun.jersey.api.client.WebResource$Builder.post(WebResource.java:570)
	at com.netflix.eureka.transport.JerseyReplicationClient.submitBatchUpdates(JerseyReplicationClient.java:116)
	at com.netflix.eureka.cluster.ReplicationTaskProcessor.process(ReplicationTaskProcessor.java:71)
	at com.netflix.eureka.util.batcher.TaskExecutors$BatchWorkerRunnable.run(TaskExecutors.java:187)
	at java.lang.Thread.run(Thread.java:748)
Caused by: org.apache.http.NoHttpResponseException: 127.0.0.1:7000 failed to respond
	at org.apache.http.impl.conn.DefaultHttpResponseParser.parseHead(DefaultHttpResponseParser.java:141)
	at org.apache.http.impl.conn.DefaultHttpResponseParser.parseHead(DefaultHttpResponseParser.java:56)
	at org.apache.http.impl.io.AbstractMessageParser.parse(AbstractMessageParser.java:259)
	at org.apache.http.impl.AbstractHttpClientConnection.receiveResponseHeader(AbstractHttpClientConnection.java:286)
	at org.apache.http.impl.conn.DefaultClientConnection.receiveResponseHeader(DefaultClientConnection.java:257)
	at org.apache.http.impl.conn.AbstractClientConnAdapter.receiveResponseHeader(AbstractClientConnAdapter.java:230)
	at org.apache.http.protocol.HttpRequestExecutor.doReceiveResponse(HttpRequestExecutor.java:273)
	at org.apache.http.protocol.HttpRequestExecutor.execute(HttpRequestExecutor.java:125)
	at org.apache.http.impl.client.DefaultRequestDirector.tryExecute(DefaultRequestDirector.java:684)
	at org.apache.http.impl.client.DefaultRequestDirector.execute(DefaultRequestDirector.java:486)
	at org.apache.http.impl.client.AbstractHttpClient.doExecute(AbstractHttpClient.java:835)
	at org.apache.http.impl.client.CloseableHttpClient.execute(CloseableHttpClient.java:118)
	at org.apache.http.impl.client.CloseableHttpClient.execute(CloseableHttpClient.java:56)
	at com.sun.jersey.client.apache4.ApacheHttpClient4Handler.handle(ApacheHttpClient4Handler.java:173)
	... 10 common frames omitted
12:16:05.858 [qtp918475642-37] INFO  c.bizzan.bitrade.listenConfig.EurekaStateListener - 服务192.168.1.31:service-exchange-trade:6005  SERVICE-EXCHANGE-TRADE进行续约
12:16:06.120 [Thread-38] INFO  o.s.b.c.e.AnnotationConfigEmbeddedWebApplicationContext - Closing org.springframework.boot.context.embedded.AnnotationConfigEmbeddedWebApplicationContext@69ce2f62: startup date [Wed Feb 10 12:08:44 CST 2021]; parent: org.springframework.context.annotation.AnnotationConfigApplicationContext@f80945f
12:16:06.121 [Thread-38] INFO  o.s.c.n.e.serviceregistry.EurekaServiceRegistry - Unregistering application unknown with eureka with status DOWN
12:16:06.122 [Thread-38] INFO  o.s.context.support.DefaultLifecycleProcessor - Stopping beans in phase 0
12:16:06.123 [Thread-38] INFO  com.netflix.eureka.DefaultEurekaServerContext - Shutting down ...
12:16:06.125 [Thread-38] INFO  com.netflix.eureka.DefaultEurekaServerContext - Shut down
12:16:06.127 [Thread-38] INFO  o.s.b.actuate.endpoint.jmx.EndpointMBeanExporter - Unregistering JMX-exposed beans on shutdown
12:16:06.128 [Thread-38] INFO  o.s.b.actuate.endpoint.jmx.EndpointMBeanExporter - Unregistering JMX-exposed beans
12:16:06.128 [Thread-38] INFO  o.s.jmx.export.annotation.AnnotationMBeanExporter - Unregistering JMX-exposed beans on shutdown
12:16:06.128 [Thread-38] INFO  o.s.jmx.export.annotation.AnnotationMBeanExporter - Unregistering JMX-exposed beans
12:16:06.132 [Thread-38] INFO  com.netflix.discovery.DiscoveryClient - Shutting down DiscoveryClient ...
12:16:06.132 [Thread-38] INFO  com.netflix.discovery.DiscoveryClient - Completed shut down of DiscoveryClient
12:16:06.144 [Thread-38] INFO  org.eclipse.jetty.server.AbstractConnector - Stopped ServerConnector@315b5913{HTTP/1.1,[http/1.1]}{0.0.0.0:7000}
12:16:06.144 [Thread-38] INFO  org.eclipse.jetty.server.session - Stopped scavenging
12:16:06.145 [Thread-38] INFO  o.e.j.server.handler.ContextHandler.application - Destroying Spring FrameworkServlet 'dispatcherServlet'
12:16:06.146 [Thread-38] INFO  org.eclipse.jetty.server.handler.ContextHandler - Stopped o.s.b.c.e.j.JettyEmbeddedWebAppContext@352e5a82{/,[file:///C:/Users/Administrator/AppData/Local/Temp/jetty-docbase.3706018235286690124.7000/],UNAVAILABLE}
