15:40:03.423 [main] INFO  o.s.c.a.AnnotationConfigApplicationContext - Refreshing org.springframework.context.annotation.AnnotationConfigApplicationContext@66fdec9: startup date [Fri Feb 12 15:40:03 CST 2021]; root of context hierarchy
15:40:03.628 [background-preinit] INFO  org.hibernate.validator.internal.util.Version - HV000001: Hibernate Validator 5.3.6.Final
15:40:03.656 [main] INFO  o.s.b.f.a.AutowiredAnnotationBeanPostProcessor - JSR-330 'javax.inject.Inject' annotation found and supported for autowiring
15:40:03.710 [main] INFO  o.s.c.s.PostProcessorRegistrationDelegate$BeanPostProcessorChecker - Bean 'configurationPropertiesRebinderAutoConfiguration' of type [org.springframework.cloud.autoconfigure.ConfigurationPropertiesRebinderAutoConfiguration$$EnhancerBySpringCGLIB$$40534468] is not eligible for getting processed by all BeanPostProcessors (for example: not eligible for auto-proxying)
15:40:04.317 [main] INFO  com.bizzan.bitrade.CloudApplication - The following profiles are active: test
15:40:04.334 [main] INFO  o.s.b.c.e.AnnotationConfigEmbeddedWebApplicationContext - Refreshing org.springframework.boot.context.embedded.AnnotationConfigEmbeddedWebApplicationContext@522b2631: startup date [Fri Feb 12 15:40:04 CST 2021]; parent: org.springframework.context.annotation.AnnotationConfigApplicationContext@66fdec9
15:40:05.253 [main] INFO  o.s.d.r.config.RepositoryConfigurationDelegate - Multiple Spring Data modules found, entering strict repository configuration mode!
15:40:05.275 [main] INFO  o.s.d.r.config.RepositoryConfigurationDelegate - Multiple Spring Data modules found, entering strict repository configuration mode!
15:40:05.569 [main] INFO  o.springframework.cloud.context.scope.GenericScope - BeanFactory id=7ad62d9b-4212-34b6-9d98-8622c167d64e
15:40:05.587 [main] INFO  o.s.b.f.a.AutowiredAnnotationBeanPostProcessor - JSR-330 'javax.inject.Inject' annotation found and supported for autowiring
15:40:05.671 [main] INFO  o.s.c.s.PostProcessorRegistrationDelegate$BeanPostProcessorChecker - Bean 'org.springframework.cloud.netflix.metrics.MetricsInterceptorConfiguration$MetricsRestTemplateConfiguration' of type [org.springframework.cloud.netflix.metrics.MetricsInterceptorConfiguration$MetricsRestTemplateConfiguration$$EnhancerBySpringCGLIB$$5665e7ac] is not eligible for getting processed by all BeanPostProcessors (for example: not eligible for auto-proxying)
15:40:05.682 [main] INFO  o.s.c.s.PostProcessorRegistrationDelegate$BeanPostProcessorChecker - Bean 'org.springframework.cloud.autoconfigure.ConfigurationPropertiesRebinderAutoConfiguration' of type [org.springframework.cloud.autoconfigure.ConfigurationPropertiesRebinderAutoConfiguration$$EnhancerBySpringCGLIB$$40534468] is not eligible for getting processed by all BeanPostProcessors (for example: not eligible for auto-proxying)
15:40:05.846 [main] INFO  org.eclipse.jetty.util.log - Logging initialized @5365ms to org.eclipse.jetty.util.log.Slf4jLog
15:40:05.978 [main] INFO  o.s.b.c.e.j.JettyEmbeddedServletContainerFactory - Server initialized with port: 7000
15:40:05.980 [main] INFO  org.eclipse.jetty.server.Server - jetty-9.4.7.v20170914
15:40:06.020 [main] INFO  org.eclipse.jetty.server.session - DefaultSessionIdManager workerName=node0
15:40:06.020 [main] INFO  org.eclipse.jetty.server.session - No SessionScavenger set, using defaults
15:40:06.022 [main] INFO  org.eclipse.jetty.server.session - Scavenging every 600000ms
15:40:06.028 [main] INFO  o.e.j.server.handler.ContextHandler.application - Initializing Spring embedded WebApplicationContext
15:40:06.029 [main] INFO  org.springframework.web.context.ContextLoader - Root WebApplicationContext: initialization completed in 1695 ms
15:40:06.713 [main] INFO  o.s.boot.web.servlet.FilterRegistrationBean - Mapping filter: 'metricsFilter' to: [/*]
15:40:06.714 [main] INFO  o.s.boot.web.servlet.FilterRegistrationBean - Mapping filter: 'characterEncodingFilter' to: [/*]
15:40:06.714 [main] INFO  o.s.boot.web.servlet.FilterRegistrationBean - Mapping filter: 'hiddenHttpMethodFilter' to: [/*]
15:40:06.715 [main] INFO  o.s.boot.web.servlet.FilterRegistrationBean - Mapping filter: 'httpPutFormContentFilter' to: [/*]
15:40:06.715 [main] INFO  o.s.boot.web.servlet.FilterRegistrationBean - Mapping filter: 'requestContextFilter' to: [/*]
15:40:06.715 [main] INFO  o.s.boot.web.servlet.FilterRegistrationBean - Mapping filter: 'webRequestTraceFilter' to: [/*]
15:40:06.715 [main] INFO  o.s.boot.web.servlet.FilterRegistrationBean - Mapping filter: 'servletContainer' to urls: [/eureka/*]
15:40:06.715 [main] INFO  o.s.boot.web.servlet.FilterRegistrationBean - Mapping filter: 'applicationContextIdFilter' to: [/*]
15:40:06.715 [main] INFO  o.s.boot.web.servlet.ServletRegistrationBean - Mapping servlet: 'dispatcherServlet' to [/]
15:40:06.717 [main] INFO  org.eclipse.jetty.server.handler.ContextHandler - Started o.s.b.c.e.j.JettyEmbeddedWebAppContext@756c67cd{/,[file:///C:/Users/Administrator/AppData/Local/Temp/jetty-docbase.4709772343262953945.7000/],AVAILABLE}
15:40:06.717 [main] INFO  org.eclipse.jetty.server.Server - Started @6236ms
15:40:06.970 [main] WARN  o.s.c.netflix.archaius.ArchaiusAutoConfiguration - No spring.application.name found, defaulting to 'application'
15:40:06.974 [main] WARN  com.netflix.config.sources.URLConfigurationSource - No URLs will be polled as dynamic configuration sources.
15:40:06.974 [main] INFO  com.netflix.config.sources.URLConfigurationSource - To enable URLs as dynamic configuration sources, define System property archaius.configurationSource.additionalUrls or make config.properties available on classpath.
15:40:06.980 [main] WARN  com.netflix.config.sources.URLConfigurationSource - No URLs will be polled as dynamic configuration sources.
15:40:06.980 [main] INFO  com.netflix.config.sources.URLConfigurationSource - To enable URLs as dynamic configuration sources, define System property archaius.configurationSource.additionalUrls or make config.properties available on classpath.
15:40:07.382 [main] INFO  o.s.w.s.m.m.a.RequestMappingHandlerAdapter - Looking for @ControllerAdvice: org.springframework.boot.context.embedded.AnnotationConfigEmbeddedWebApplicationContext@522b2631: startup date [Fri Feb 12 15:40:04 CST 2021]; parent: org.springframework.context.annotation.AnnotationConfigApplicationContext@66fdec9
15:40:07.504 [main] INFO  o.s.w.s.m.m.a.RequestMappingHandlerMapping - Mapped "{[/error]}" onto public org.springframework.http.ResponseEntity<java.util.Map<java.lang.String, java.lang.Object>> org.springframework.boot.autoconfigure.web.BasicErrorController.error(javax.servlet.http.HttpServletRequest)
15:40:07.505 [main] INFO  o.s.w.s.m.m.a.RequestMappingHandlerMapping - Mapped "{[/error],produces=[text/html]}" onto public org.springframework.web.servlet.ModelAndView org.springframework.boot.autoconfigure.web.BasicErrorController.errorHtml(javax.servlet.http.HttpServletRequest,javax.servlet.http.HttpServletResponse)
15:40:07.511 [main] INFO  o.s.w.s.m.m.a.RequestMappingHandlerMapping - Mapped "{[/],methods=[GET]}" onto public java.lang.String org.springframework.cloud.netflix.eureka.server.EurekaController.status(javax.servlet.http.HttpServletRequest,java.util.Map<java.lang.String, java.lang.Object>)
15:40:07.511 [main] INFO  o.s.w.s.m.m.a.RequestMappingHandlerMapping - Mapped "{[/lastn],methods=[GET]}" onto public java.lang.String org.springframework.cloud.netflix.eureka.server.EurekaController.lastn(javax.servlet.http.HttpServletRequest,java.util.Map<java.lang.String, java.lang.Object>)
15:40:07.549 [main] INFO  o.s.web.servlet.handler.SimpleUrlHandlerMapping - Mapped URL path [/webjars/**] onto handler of type [class org.springframework.web.servlet.resource.ResourceHttpRequestHandler]
15:40:07.549 [main] INFO  o.s.web.servlet.handler.SimpleUrlHandlerMapping - Mapped URL path [/**] onto handler of type [class org.springframework.web.servlet.resource.ResourceHttpRequestHandler]
15:40:07.611 [main] INFO  o.s.web.servlet.handler.SimpleUrlHandlerMapping - Mapped URL path [/**/favicon.ico] onto handler of type [class org.springframework.web.servlet.resource.ResourceHttpRequestHandler]
15:40:09.349 [main] INFO  org.mongodb.driver.cluster - Cluster created with settings {hosts=[127.0.0.1:27017], mode=SINGLE, requiredClusterType=UNKNOWN, serverSelectionTimeout='30000 ms', maxWaitQueueSize=500}
15:40:09.994 [main] INFO  o.s.b.actuate.endpoint.mvc.EndpointHandlerMapping - Mapped "{[/monitor/beans || /monitor/beans.json],methods=[GET],produces=[application/vnd.spring-boot.actuator.v1+json || application/json]}" onto public java.lang.Object org.springframework.boot.actuate.endpoint.mvc.EndpointMvcAdapter.invoke()
15:40:09.995 [main] INFO  o.s.b.actuate.endpoint.mvc.EndpointHandlerMapping - Mapped "{[/monitor/metrics/{name:.*}],methods=[GET],produces=[application/vnd.spring-boot.actuator.v1+json || application/json]}" onto public java.lang.Object org.springframework.boot.actuate.endpoint.mvc.MetricsMvcEndpoint.value(java.lang.String)
15:40:09.995 [main] INFO  o.s.b.actuate.endpoint.mvc.EndpointHandlerMapping - Mapped "{[/monitor/metrics || /monitor/metrics.json],methods=[GET],produces=[application/vnd.spring-boot.actuator.v1+json || application/json]}" onto public java.lang.Object org.springframework.boot.actuate.endpoint.mvc.EndpointMvcAdapter.invoke()
15:40:09.995 [main] INFO  o.s.b.actuate.endpoint.mvc.EndpointHandlerMapping - Mapped "{[/monitor/features || /monitor/features.json],methods=[GET],produces=[application/vnd.spring-boot.actuator.v1+json || application/json]}" onto public java.lang.Object org.springframework.boot.actuate.endpoint.mvc.EndpointMvcAdapter.invoke()
15:40:09.997 [main] INFO  o.s.b.actuate.endpoint.mvc.EndpointHandlerMapping - Mapped "{[/monitor/heapdump || /monitor/heapdump.json],methods=[GET],produces=[application/octet-stream]}" onto public void org.springframework.boot.actuate.endpoint.mvc.HeapdumpMvcEndpoint.invoke(boolean,javax.servlet.http.HttpServletRequest,javax.servlet.http.HttpServletResponse) throws java.io.IOException,javax.servlet.ServletException
15:40:09.998 [main] INFO  o.s.b.actuate.endpoint.mvc.EndpointHandlerMapping - Mapped "{[/monitor/loggers/{name:.*}],methods=[GET],produces=[application/vnd.spring-boot.actuator.v1+json || application/json]}" onto public java.lang.Object org.springframework.boot.actuate.endpoint.mvc.LoggersMvcEndpoint.get(java.lang.String)
15:40:09.998 [main] INFO  o.s.b.actuate.endpoint.mvc.EndpointHandlerMapping - Mapped "{[/monitor/loggers/{name:.*}],methods=[POST],consumes=[application/vnd.spring-boot.actuator.v1+json || application/json],produces=[application/vnd.spring-boot.actuator.v1+json || application/json]}" onto public java.lang.Object org.springframework.boot.actuate.endpoint.mvc.LoggersMvcEndpoint.set(java.lang.String,java.util.Map<java.lang.String, java.lang.String>)
15:40:09.999 [main] INFO  o.s.b.actuate.endpoint.mvc.EndpointHandlerMapping - Mapped "{[/monitor/loggers || /monitor/loggers.json],methods=[GET],produces=[application/vnd.spring-boot.actuator.v1+json || application/json]}" onto public java.lang.Object org.springframework.boot.actuate.endpoint.mvc.EndpointMvcAdapter.invoke()
15:40:10.001 [main] INFO  o.s.b.actuate.endpoint.mvc.EndpointHandlerMapping - Mapped "{[/monitor/auditevents || /monitor/auditevents.json],methods=[GET],produces=[application/vnd.spring-boot.actuator.v1+json || application/json]}" onto public org.springframework.http.ResponseEntity<?> org.springframework.boot.actuate.endpoint.mvc.AuditEventsMvcEndpoint.findByPrincipalAndAfterAndType(java.lang.String,java.util.Date,java.lang.String)
15:40:10.001 [main] INFO  o.s.b.actuate.endpoint.mvc.EndpointHandlerMapping - Mapped "{[/monitor/refresh || /monitor/refresh.json],methods=[POST]}" onto public java.lang.Object org.springframework.cloud.endpoint.GenericPostableMvcEndpoint.invoke()
15:40:10.001 [main] INFO  o.s.b.actuate.endpoint.mvc.EndpointHandlerMapping - Mapped "{[/monitor/mappings || /monitor/mappings.json],methods=[GET],produces=[application/vnd.spring-boot.actuator.v1+json || application/json]}" onto public java.lang.Object org.springframework.boot.actuate.endpoint.mvc.EndpointMvcAdapter.invoke()
15:40:10.002 [main] INFO  o.s.b.actuate.endpoint.mvc.EndpointHandlerMapping - Mapped "{[/monitor/archaius || /monitor/archaius.json],methods=[GET],produces=[application/vnd.spring-boot.actuator.v1+json || application/json]}" onto public java.lang.Object org.springframework.boot.actuate.endpoint.mvc.EndpointMvcAdapter.invoke()
15:40:10.002 [main] INFO  o.s.b.actuate.endpoint.mvc.EndpointHandlerMapping - Mapped "{[/monitor/dump || /monitor/dump.json],methods=[GET],produces=[application/vnd.spring-boot.actuator.v1+json || application/json]}" onto public java.lang.Object org.springframework.boot.actuate.endpoint.mvc.EndpointMvcAdapter.invoke()
15:40:10.003 [main] INFO  o.s.b.actuate.endpoint.mvc.EndpointHandlerMapping - Mapped "{[/monitor/autoconfig || /monitor/autoconfig.json],methods=[GET],produces=[application/vnd.spring-boot.actuator.v1+json || application/json]}" onto public java.lang.Object org.springframework.boot.actuate.endpoint.mvc.EndpointMvcAdapter.invoke()
15:40:10.004 [main] INFO  o.s.b.actuate.endpoint.mvc.EndpointHandlerMapping - Mapped "{[/monitor/health || /monitor/health.json],methods=[GET],produces=[application/vnd.spring-boot.actuator.v1+json || application/json]}" onto public java.lang.Object org.springframework.boot.actuate.endpoint.mvc.HealthMvcEndpoint.invoke(javax.servlet.http.HttpServletRequest,java.security.Principal)
15:40:10.004 [main] INFO  o.s.b.actuate.endpoint.mvc.EndpointHandlerMapping - Mapped "{[/monitor/env],methods=[POST]}" onto public java.lang.Object org.springframework.cloud.context.environment.EnvironmentManagerMvcEndpoint.value(java.util.Map<java.lang.String, java.lang.String>)
15:40:10.004 [main] INFO  o.s.b.actuate.endpoint.mvc.EndpointHandlerMapping - Mapped "{[/monitor/env/reset],methods=[POST]}" onto public java.util.Map<java.lang.String, java.lang.Object> org.springframework.cloud.context.environment.EnvironmentManagerMvcEndpoint.reset()
15:40:10.005 [main] INFO  o.s.b.actuate.endpoint.mvc.EndpointHandlerMapping - Mapped "{[/monitor/trace || /monitor/trace.json],methods=[GET],produces=[application/vnd.spring-boot.actuator.v1+json || application/json]}" onto public java.lang.Object org.springframework.boot.actuate.endpoint.mvc.EndpointMvcAdapter.invoke()
15:40:10.005 [main] INFO  o.s.b.actuate.endpoint.mvc.EndpointHandlerMapping - Mapped "{[/monitor/service-registry/instance-status],methods=[GET]}" onto public org.springframework.http.ResponseEntity org.springframework.cloud.client.serviceregistry.endpoint.ServiceRegistryEndpoint.getStatus()
15:40:10.006 [main] INFO  o.s.b.actuate.endpoint.mvc.EndpointHandlerMapping - Mapped "{[/monitor/service-registry/instance-status],methods=[POST]}" onto public org.springframework.http.ResponseEntity<?> org.springframework.cloud.client.serviceregistry.endpoint.ServiceRegistryEndpoint.setStatus(java.lang.String)
15:40:10.006 [main] INFO  o.s.b.actuate.endpoint.mvc.EndpointHandlerMapping - Mapped "{[/monitor/info || /monitor/info.json],methods=[GET],produces=[application/vnd.spring-boot.actuator.v1+json || application/json]}" onto public java.lang.Object org.springframework.boot.actuate.endpoint.mvc.EndpointMvcAdapter.invoke()
15:40:10.007 [main] INFO  o.s.b.actuate.endpoint.mvc.EndpointHandlerMapping - Mapped "{[/monitor/env/{name:.*}],methods=[GET],produces=[application/vnd.spring-boot.actuator.v1+json || application/json]}" onto public java.lang.Object org.springframework.boot.actuate.endpoint.mvc.EnvironmentMvcEndpoint.value(java.lang.String)
15:40:10.007 [main] INFO  o.s.b.actuate.endpoint.mvc.EndpointHandlerMapping - Mapped "{[/monitor/env || /monitor/env.json],methods=[GET],produces=[application/vnd.spring-boot.actuator.v1+json || application/json]}" onto public java.lang.Object org.springframework.boot.actuate.endpoint.mvc.EndpointMvcAdapter.invoke()
15:40:10.008 [main] INFO  o.s.b.actuate.endpoint.mvc.EndpointHandlerMapping - Mapped "{[/monitor/configprops || /monitor/configprops.json],methods=[GET],produces=[application/vnd.spring-boot.actuator.v1+json || application/json]}" onto public java.lang.Object org.springframework.boot.actuate.endpoint.mvc.EndpointMvcAdapter.invoke()
15:40:10.245 [main] INFO  o.s.ui.freemarker.SpringTemplateLoader - SpringTemplateLoader for FreeMarker: using resource loader [org.springframework.boot.context.embedded.AnnotationConfigEmbeddedWebApplicationContext@522b2631: startup date [Fri Feb 12 15:40:04 CST 2021]; parent: org.springframework.context.annotation.AnnotationConfigApplicationContext@66fdec9] and template loader path [classpath:/templates/]
15:40:10.246 [main] INFO  o.s.w.servlet.view.freemarker.FreeMarkerConfigurer - ClassTemplateLoader for Spring macros added to FreeMarker configuration
15:40:10.410 [cluster-ClusterId{value='602630d9dfd20a31d8a88a7c', description='null'}-127.0.0.1:27017] INFO  org.mongodb.driver.cluster - Exception in monitor thread while connecting to server 127.0.0.1:27017
com.mongodb.MongoSocketOpenException: Exception opening socket
	at com.mongodb.connection.SocketStream.open(SocketStream.java:63)
	at com.mongodb.connection.InternalStreamConnection.open(InternalStreamConnection.java:115)
	at com.mongodb.connection.DefaultServerMonitor$ServerMonitorRunnable.run(DefaultServerMonitor.java:113)
	at java.lang.Thread.run(Thread.java:748)
Caused by: java.net.ConnectException: Connection refused: connect
	at java.net.DualStackPlainSocketImpl.waitForConnect(Native Method)
	at java.net.DualStackPlainSocketImpl.socketConnect(DualStackPlainSocketImpl.java:85)
	at java.net.AbstractPlainSocketImpl.doConnect(AbstractPlainSocketImpl.java:350)
	at java.net.AbstractPlainSocketImpl.connectToAddress(AbstractPlainSocketImpl.java:206)
	at java.net.AbstractPlainSocketImpl.connect(AbstractPlainSocketImpl.java:188)
	at java.net.PlainSocketImpl.connect(PlainSocketImpl.java:172)
	at java.net.SocksSocketImpl.connect(SocksSocketImpl.java:392)
	at java.net.Socket.connect(Socket.java:589)
	at com.mongodb.connection.SocketStreamHelper.initialize(SocketStreamHelper.java:57)
	at com.mongodb.connection.SocketStream.open(SocketStream.java:58)
	... 3 common frames omitted
15:40:10.633 [main] INFO  o.s.cloud.netflix.eureka.InstanceInfoFactory - Setting initial instance status as: STARTING
15:40:10.681 [main] INFO  com.netflix.discovery.DiscoveryClient - Initializing Eureka in region us-east-1
15:40:10.681 [main] INFO  com.netflix.discovery.DiscoveryClient - Client configured to neither register nor query for data.
15:40:10.690 [main] INFO  com.netflix.discovery.DiscoveryClient - Discovery Client initialized at timestamp 1613115610690 with initial instances count: 0
15:40:10.778 [main] INFO  com.netflix.eureka.DefaultEurekaServerContext - Initializing ...
15:40:10.780 [main] INFO  com.netflix.eureka.cluster.PeerEurekaNodes - Adding new peer nodes [http://127.0.0.1:7000/eureka/]
15:40:10.838 [main] INFO  c.n.discovery.provider.DiscoveryJerseyProvider - Using JSON encoding codec LegacyJacksonJson
15:40:10.838 [main] INFO  c.n.discovery.provider.DiscoveryJerseyProvider - Using JSON decoding codec LegacyJacksonJson
15:40:10.838 [main] INFO  c.n.discovery.provider.DiscoveryJerseyProvider - Using XML encoding codec XStreamXml
15:40:10.838 [main] INFO  c.n.discovery.provider.DiscoveryJerseyProvider - Using XML decoding codec XStreamXml
15:40:11.114 [main] INFO  com.netflix.eureka.cluster.PeerEurekaNodes - Replica node URL:  http://127.0.0.1:7000/eureka/
15:40:11.122 [main] INFO  c.netflix.eureka.registry.AbstractInstanceRegistry - Finished initializing remote region registries. All known remote regions: []
15:40:11.122 [main] INFO  com.netflix.eureka.DefaultEurekaServerContext - Initialized
15:40:11.143 [main] WARN  o.s.c.s.e.EurekaStarterDeprecationWarningAutoConfiguration - spring-cloud-starter-eureka is deprecated as of Spring Cloud Netflix 1.4.0, please migrate to spring-cloud-starter-netflix-eureka
15:40:11.148 [main] WARN  o.s.c.s.e.s.EurekaServerStarterDeprecationWarningAutoConfiguration - spring-cloud-starter-eureka-server is deprecated as of Spring Cloud Netflix 1.4.0, please migrate to spring-cloud-starter-netflix-eureka-server
15:40:11.393 [main] INFO  o.s.jmx.export.annotation.AnnotationMBeanExporter - Registering beans for JMX exposure on startup
15:40:11.410 [main] INFO  o.s.jmx.export.annotation.AnnotationMBeanExporter - Bean with name 'environmentManager' has been autodetected for JMX exposure
15:40:11.414 [main] INFO  o.s.jmx.export.annotation.AnnotationMBeanExporter - Bean with name 'configurationPropertiesRebinder' has been autodetected for JMX exposure
15:40:11.415 [main] INFO  o.s.jmx.export.annotation.AnnotationMBeanExporter - Bean with name 'refreshEndpoint' has been autodetected for JMX exposure
15:40:11.415 [main] INFO  o.s.jmx.export.annotation.AnnotationMBeanExporter - Bean with name 'serviceRegistryEndpoint' has been autodetected for JMX exposure
15:40:11.416 [main] INFO  o.s.jmx.export.annotation.AnnotationMBeanExporter - Bean with name 'refreshScope' has been autodetected for JMX exposure
15:40:11.419 [main] INFO  o.s.jmx.export.annotation.AnnotationMBeanExporter - Located managed bean 'environmentManager': registering with JMX server as MBean [org.springframework.cloud.context.environment:name=environmentManager,type=EnvironmentManager]
15:40:11.440 [main] INFO  o.s.jmx.export.annotation.AnnotationMBeanExporter - Located managed bean 'serviceRegistryEndpoint': registering with JMX server as MBean [org.springframework.cloud.client.serviceregistry.endpoint:name=serviceRegistryEndpoint,type=ServiceRegistryEndpoint]
15:40:11.449 [main] INFO  o.s.jmx.export.annotation.AnnotationMBeanExporter - Located managed bean 'refreshScope': registering with JMX server as MBean [org.springframework.cloud.context.scope.refresh:name=refreshScope,type=RefreshScope]
15:40:11.469 [main] INFO  o.s.jmx.export.annotation.AnnotationMBeanExporter - Located managed bean 'configurationPropertiesRebinder': registering with JMX server as MBean [org.springframework.cloud.context.properties:name=configurationPropertiesRebinder,context=522b2631,type=ConfigurationPropertiesRebinder]
15:40:11.479 [main] INFO  o.s.jmx.export.annotation.AnnotationMBeanExporter - Located managed bean 'refreshEndpoint': registering with JMX server as MBean [org.springframework.cloud.endpoint:name=refreshEndpoint,type=RefreshEndpoint]
15:40:11.487 [main] INFO  o.s.b.actuate.endpoint.jmx.EndpointMBeanExporter - Registering beans for JMX exposure on startup
15:40:12.348 [main] INFO  o.s.context.support.DefaultLifecycleProcessor - Starting beans in phase 0
15:40:12.348 [main] INFO  o.s.c.n.e.serviceregistry.EurekaServiceRegistry - Registering application unknown with eureka with status UP
15:40:12.353 [main] INFO  o.s.b.actuate.endpoint.jmx.EndpointMBeanExporter - Located managed bean 'auditEventsEndpoint': registering with JMX server as MBean [org.springframework.boot:type=Endpoint,name=auditEventsEndpoint]
15:40:12.364 [main] INFO  o.s.b.actuate.endpoint.jmx.EndpointMBeanExporter - Located managed bean 'archaiusEndpoint': registering with JMX server as MBean [org.springframework.boot:type=Endpoint,name=archaiusEndpoint]
15:40:12.380 [main] INFO  o.s.b.actuate.endpoint.jmx.EndpointMBeanExporter - Located managed bean 'featuresEndpoint': registering with JMX server as MBean [org.springframework.boot:type=Endpoint,name=featuresEndpoint]
15:40:12.384 [main] INFO  o.s.b.actuate.endpoint.jmx.EndpointMBeanExporter - Located managed bean 'requestMappingEndpoint': registering with JMX server as MBean [org.springframework.boot:type=Endpoint,name=requestMappingEndpoint]
15:40:12.388 [main] INFO  o.s.b.actuate.endpoint.jmx.EndpointMBeanExporter - Located managed bean 'environmentEndpoint': registering with JMX server as MBean [org.springframework.boot:type=Endpoint,name=environmentEndpoint]
15:40:12.392 [main] INFO  o.s.b.actuate.endpoint.jmx.EndpointMBeanExporter - Located managed bean 'healthEndpoint': registering with JMX server as MBean [org.springframework.boot:type=Endpoint,name=healthEndpoint]
15:40:12.396 [main] INFO  o.s.b.actuate.endpoint.jmx.EndpointMBeanExporter - Located managed bean 'beansEndpoint': registering with JMX server as MBean [org.springframework.boot:type=Endpoint,name=beansEndpoint]
15:40:12.401 [main] INFO  o.s.b.actuate.endpoint.jmx.EndpointMBeanExporter - Located managed bean 'infoEndpoint': registering with JMX server as MBean [org.springframework.boot:type=Endpoint,name=infoEndpoint]
15:40:12.407 [main] INFO  o.s.b.actuate.endpoint.jmx.EndpointMBeanExporter - Located managed bean 'loggersEndpoint': registering with JMX server as MBean [org.springframework.boot:type=Endpoint,name=loggersEndpoint]
15:40:12.418 [main] INFO  o.s.b.actuate.endpoint.jmx.EndpointMBeanExporter - Located managed bean 'metricsEndpoint': registering with JMX server as MBean [org.springframework.boot:type=Endpoint,name=metricsEndpoint]
15:40:12.421 [main] INFO  o.s.b.actuate.endpoint.jmx.EndpointMBeanExporter - Located managed bean 'traceEndpoint': registering with JMX server as MBean [org.springframework.boot:type=Endpoint,name=traceEndpoint]
15:40:12.427 [main] INFO  o.s.b.actuate.endpoint.jmx.EndpointMBeanExporter - Located managed bean 'dumpEndpoint': registering with JMX server as MBean [org.springframework.boot:type=Endpoint,name=dumpEndpoint]
15:40:12.430 [main] INFO  o.s.b.actuate.endpoint.jmx.EndpointMBeanExporter - Located managed bean 'autoConfigurationReportEndpoint': registering with JMX server as MBean [org.springframework.boot:type=Endpoint,name=autoConfigurationReportEndpoint]
15:40:12.433 [main] INFO  o.s.b.actuate.endpoint.jmx.EndpointMBeanExporter - Located managed bean 'configurationPropertiesReportEndpoint': registering with JMX server as MBean [org.springframework.boot:type=Endpoint,name=configurationPropertiesReportEndpoint]
15:40:12.436 [Thread-38] INFO  o.s.c.netflix.eureka.server.EurekaServerBootstrap - Setting the eureka configuration..
15:40:12.438 [Thread-38] INFO  o.s.c.netflix.eureka.server.EurekaServerBootstrap - Eureka data center value eureka.datacenter is not set, defaulting to default
15:40:12.439 [Thread-38] INFO  o.s.c.netflix.eureka.server.EurekaServerBootstrap - Eureka environment value eureka.environment is not set, defaulting to test
15:40:12.476 [Thread-38] INFO  o.s.c.netflix.eureka.server.EurekaServerBootstrap - isAws returned false
15:40:12.477 [Thread-38] INFO  o.s.c.netflix.eureka.server.EurekaServerBootstrap - Initialized server context
15:40:12.478 [Thread-38] INFO  c.n.eureka.registry.PeerAwareInstanceRegistryImpl - Got 1 instances from neighboring DS node
15:40:12.478 [Thread-38] INFO  c.n.eureka.registry.PeerAwareInstanceRegistryImpl - Renew threshold is: 1
15:40:12.478 [Thread-38] INFO  c.n.eureka.registry.PeerAwareInstanceRegistryImpl - Changing status to UP
15:40:12.487 [Thread-38] INFO  o.s.c.n.e.s.EurekaServerInitializerConfiguration - Started Eureka Server
15:40:12.489 [Thread-38] INFO  c.bizzan.bitrade.listenConfig.EurekaStateListener - 注册中心启动,1613115612489
15:40:12.491 [Thread-38] INFO  c.bizzan.bitrade.listenConfig.EurekaStateListener - 注册中心服务端启动,1613115612491
15:40:12.559 [main] INFO  c.s.j.server.impl.application.WebApplicationImpl - Initiating Jersey application, version 'Jersey: 1.19.1 03/11/2016 02:08 PM'
15:40:12.640 [main] INFO  c.n.discovery.provider.DiscoveryJerseyProvider - Using JSON encoding codec LegacyJacksonJson
15:40:12.640 [main] INFO  c.n.discovery.provider.DiscoveryJerseyProvider - Using JSON decoding codec LegacyJacksonJson
15:40:12.640 [main] INFO  c.n.discovery.provider.DiscoveryJerseyProvider - Using XML encoding codec XStreamXml
15:40:12.641 [main] INFO  c.n.discovery.provider.DiscoveryJerseyProvider - Using XML decoding codec XStreamXml
15:40:13.207 [main] INFO  o.e.j.server.handler.ContextHandler.application - Initializing Spring FrameworkServlet 'dispatcherServlet'
15:40:13.207 [main] INFO  org.springframework.web.servlet.DispatcherServlet - FrameworkServlet 'dispatcherServlet': initialization started
15:40:13.228 [main] INFO  org.springframework.web.servlet.DispatcherServlet - FrameworkServlet 'dispatcherServlet': initialization completed in 21 ms
15:40:13.281 [main] INFO  org.eclipse.jetty.server.AbstractConnector - Started ServerConnector@50de907a{HTTP/1.1,[http/1.1]}{0.0.0.0:7000}
15:40:13.286 [main] INFO  o.s.b.c.e.jetty.JettyEmbeddedServletContainer - Jetty started on port(s) 7000 (http/1.1)
15:40:13.286 [main] INFO  o.s.c.n.e.s.EurekaAutoServiceRegistration - Updating port to 7000
15:40:13.292 [main] INFO  com.bizzan.bitrade.CloudApplication - Started CloudApplication in 10.86 seconds (JVM running for 12.811)
15:40:15.191 [RMI TCP Connection(4)-192.168.1.31] WARN  o.s.boot.actuate.health.MailHealthIndicator - Health check failed
com.sun.mail.util.MailConnectException: Couldn't connect to host, port: localhost, 25; timeout -1
	at com.sun.mail.smtp.SMTPTransport.openServer(SMTPTransport.java:2118)
	at com.sun.mail.smtp.SMTPTransport.protocolConnect(SMTPTransport.java:712)
	at javax.mail.Service.connect(Service.java:366)
	at org.springframework.mail.javamail.JavaMailSenderImpl.connectTransport(JavaMailSenderImpl.java:501)
	at org.springframework.mail.javamail.JavaMailSenderImpl.testConnection(JavaMailSenderImpl.java:382)
	at org.springframework.boot.actuate.health.MailHealthIndicator.doHealthCheck(MailHealthIndicator.java:40)
	at org.springframework.boot.actuate.health.AbstractHealthIndicator.health(AbstractHealthIndicator.java:43)
	at org.springframework.boot.actuate.health.CompositeHealthIndicator.health(CompositeHealthIndicator.java:68)
	at org.springframework.boot.actuate.endpoint.HealthEndpoint.invoke(HealthEndpoint.java:85)
	at org.springframework.boot.actuate.endpoint.HealthEndpoint.invoke(HealthEndpoint.java:35)
	at org.springframework.boot.actuate.endpoint.jmx.DataEndpointMBean.getData(DataEndpointMBean.java:46)
	at sun.reflect.NativeMethodAccessorImpl.invoke0(Native Method)
	at sun.reflect.NativeMethodAccessorImpl.invoke(NativeMethodAccessorImpl.java:62)
	at sun.reflect.DelegatingMethodAccessorImpl.invoke(DelegatingMethodAccessorImpl.java:43)
	at java.lang.reflect.Method.invoke(Method.java:498)
	at sun.reflect.misc.Trampoline.invoke(MethodUtil.java:71)
	at sun.reflect.GeneratedMethodAccessor93.invoke(Unknown Source)
	at sun.reflect.DelegatingMethodAccessorImpl.invoke(DelegatingMethodAccessorImpl.java:43)
	at java.lang.reflect.Method.invoke(Method.java:498)
	at sun.reflect.misc.MethodUtil.invoke(MethodUtil.java:275)
	at javax.management.modelmbean.RequiredModelMBean$4.run(RequiredModelMBean.java:1252)
	at java.security.AccessController.doPrivileged(Native Method)
	at java.security.ProtectionDomain$JavaSecurityAccessImpl.doIntersectionPrivilege(ProtectionDomain.java:80)
	at javax.management.modelmbean.RequiredModelMBean.invokeMethod(RequiredModelMBean.java:1246)
	at javax.management.modelmbean.RequiredModelMBean.invoke(RequiredModelMBean.java:1085)
	at org.springframework.jmx.export.SpringModelMBean.invoke(SpringModelMBean.java:90)
	at javax.management.modelmbean.RequiredModelMBean.getAttribute(RequiredModelMBean.java:1562)
	at org.springframework.jmx.export.SpringModelMBean.getAttribute(SpringModelMBean.java:109)
	at com.sun.jmx.interceptor.DefaultMBeanServerInterceptor.getAttribute(DefaultMBeanServerInterceptor.java:647)
	at com.sun.jmx.mbeanserver.JmxMBeanServer.getAttribute(JmxMBeanServer.java:678)
	at javax.management.remote.rmi.RMIConnectionImpl.doOperation(RMIConnectionImpl.java:1445)
	at javax.management.remote.rmi.RMIConnectionImpl.access$300(RMIConnectionImpl.java:76)
	at javax.management.remote.rmi.RMIConnectionImpl$PrivilegedOperation.run(RMIConnectionImpl.java:1309)
	at javax.management.remote.rmi.RMIConnectionImpl.doPrivilegedOperation(RMIConnectionImpl.java:1401)
	at javax.management.remote.rmi.RMIConnectionImpl.getAttribute(RMIConnectionImpl.java:639)
	at sun.reflect.GeneratedMethodAccessor56.invoke(Unknown Source)
	at sun.reflect.DelegatingMethodAccessorImpl.invoke(DelegatingMethodAccessorImpl.java:43)
	at java.lang.reflect.Method.invoke(Method.java:498)
	at sun.rmi.server.UnicastServerRef.dispatch(UnicastServerRef.java:346)
	at sun.rmi.transport.Transport$1.run(Transport.java:200)
	at sun.rmi.transport.Transport$1.run(Transport.java:197)
	at java.security.AccessController.doPrivileged(Native Method)
	at sun.rmi.transport.Transport.serviceCall(Transport.java:196)
	at sun.rmi.transport.tcp.TCPTransport.handleMessages(TCPTransport.java:568)
	at sun.rmi.transport.tcp.TCPTransport$ConnectionHandler.run0(TCPTransport.java:826)
	at sun.rmi.transport.tcp.TCPTransport$ConnectionHandler.lambda$run$0(TCPTransport.java:683)
	at java.security.AccessController.doPrivileged(Native Method)
	at sun.rmi.transport.tcp.TCPTransport$ConnectionHandler.run(TCPTransport.java:682)
	at java.util.concurrent.ThreadPoolExecutor.runWorker(ThreadPoolExecutor.java:1142)
	at java.util.concurrent.ThreadPoolExecutor$Worker.run(ThreadPoolExecutor.java:617)
	at java.lang.Thread.run(Thread.java:748)
Caused by: java.net.ConnectException: Connection refused: connect
	at java.net.DualStackPlainSocketImpl.connect0(Native Method)
	at java.net.DualStackPlainSocketImpl.socketConnect(DualStackPlainSocketImpl.java:79)
	at java.net.AbstractPlainSocketImpl.doConnect(AbstractPlainSocketImpl.java:350)
	at java.net.AbstractPlainSocketImpl.connectToAddress(AbstractPlainSocketImpl.java:206)
	at java.net.AbstractPlainSocketImpl.connect(AbstractPlainSocketImpl.java:188)
	at java.net.PlainSocketImpl.connect(PlainSocketImpl.java:172)
	at java.net.SocksSocketImpl.connect(SocksSocketImpl.java:392)
	at java.net.Socket.connect(Socket.java:589)
	at java.net.Socket.connect(Socket.java:538)
	at com.sun.mail.util.SocketFetcher.createSocket(SocketFetcher.java:331)
	at com.sun.mail.util.SocketFetcher.getSocket(SocketFetcher.java:238)
	at com.sun.mail.smtp.SMTPTransport.openServer(SMTPTransport.java:2084)
	... 50 common frames omitted
15:40:16.215 [RMI TCP Connection(4)-192.168.1.31] WARN  o.s.boot.actuate.health.RedisHealthIndicator - Health check failed
org.springframework.data.redis.RedisConnectionFailureException: Cannot get Jedis connection; nested exception is redis.clients.jedis.exceptions.JedisConnectionException: Could not get a resource from the pool
	at org.springframework.data.redis.connection.jedis.JedisConnectionFactory.fetchJedisConnector(JedisConnectionFactory.java:204)
	at org.springframework.data.redis.connection.jedis.JedisConnectionFactory.getConnection(JedisConnectionFactory.java:348)
	at org.springframework.data.redis.core.RedisConnectionUtils.doGetConnection(RedisConnectionUtils.java:129)
	at org.springframework.data.redis.core.RedisConnectionUtils.getConnection(RedisConnectionUtils.java:92)
	at org.springframework.data.redis.core.RedisConnectionUtils.getConnection(RedisConnectionUtils.java:79)
	at org.springframework.boot.actuate.health.RedisHealthIndicator.doHealthCheck(RedisHealthIndicator.java:52)
	at org.springframework.boot.actuate.health.AbstractHealthIndicator.health(AbstractHealthIndicator.java:43)
	at org.springframework.boot.actuate.health.CompositeHealthIndicator.health(CompositeHealthIndicator.java:68)
	at org.springframework.boot.actuate.endpoint.HealthEndpoint.invoke(HealthEndpoint.java:85)
	at org.springframework.boot.actuate.endpoint.HealthEndpoint.invoke(HealthEndpoint.java:35)
	at org.springframework.boot.actuate.endpoint.jmx.DataEndpointMBean.getData(DataEndpointMBean.java:46)
	at sun.reflect.NativeMethodAccessorImpl.invoke0(Native Method)
	at sun.reflect.NativeMethodAccessorImpl.invoke(NativeMethodAccessorImpl.java:62)
	at sun.reflect.DelegatingMethodAccessorImpl.invoke(DelegatingMethodAccessorImpl.java:43)
	at java.lang.reflect.Method.invoke(Method.java:498)
	at sun.reflect.misc.Trampoline.invoke(MethodUtil.java:71)
	at sun.reflect.GeneratedMethodAccessor93.invoke(Unknown Source)
	at sun.reflect.DelegatingMethodAccessorImpl.invoke(DelegatingMethodAccessorImpl.java:43)
	at java.lang.reflect.Method.invoke(Method.java:498)
	at sun.reflect.misc.MethodUtil.invoke(MethodUtil.java:275)
	at javax.management.modelmbean.RequiredModelMBean$4.run(RequiredModelMBean.java:1252)
	at java.security.AccessController.doPrivileged(Native Method)
	at java.security.ProtectionDomain$JavaSecurityAccessImpl.doIntersectionPrivilege(ProtectionDomain.java:80)
	at javax.management.modelmbean.RequiredModelMBean.invokeMethod(RequiredModelMBean.java:1246)
	at javax.management.modelmbean.RequiredModelMBean.invoke(RequiredModelMBean.java:1085)
	at org.springframework.jmx.export.SpringModelMBean.invoke(SpringModelMBean.java:90)
	at javax.management.modelmbean.RequiredModelMBean.getAttribute(RequiredModelMBean.java:1562)
	at org.springframework.jmx.export.SpringModelMBean.getAttribute(SpringModelMBean.java:109)
	at com.sun.jmx.interceptor.DefaultMBeanServerInterceptor.getAttribute(DefaultMBeanServerInterceptor.java:647)
	at com.sun.jmx.mbeanserver.JmxMBeanServer.getAttribute(JmxMBeanServer.java:678)
	at javax.management.remote.rmi.RMIConnectionImpl.doOperation(RMIConnectionImpl.java:1445)
	at javax.management.remote.rmi.RMIConnectionImpl.access$300(RMIConnectionImpl.java:76)
	at javax.management.remote.rmi.RMIConnectionImpl$PrivilegedOperation.run(RMIConnectionImpl.java:1309)
	at javax.management.remote.rmi.RMIConnectionImpl.doPrivilegedOperation(RMIConnectionImpl.java:1401)
	at javax.management.remote.rmi.RMIConnectionImpl.getAttribute(RMIConnectionImpl.java:639)
	at sun.reflect.GeneratedMethodAccessor56.invoke(Unknown Source)
	at sun.reflect.DelegatingMethodAccessorImpl.invoke(DelegatingMethodAccessorImpl.java:43)
	at java.lang.reflect.Method.invoke(Method.java:498)
	at sun.rmi.server.UnicastServerRef.dispatch(UnicastServerRef.java:346)
	at sun.rmi.transport.Transport$1.run(Transport.java:200)
	at sun.rmi.transport.Transport$1.run(Transport.java:197)
	at java.security.AccessController.doPrivileged(Native Method)
	at sun.rmi.transport.Transport.serviceCall(Transport.java:196)
	at sun.rmi.transport.tcp.TCPTransport.handleMessages(TCPTransport.java:568)
	at sun.rmi.transport.tcp.TCPTransport$ConnectionHandler.run0(TCPTransport.java:826)
	at sun.rmi.transport.tcp.TCPTransport$ConnectionHandler.lambda$run$0(TCPTransport.java:683)
	at java.security.AccessController.doPrivileged(Native Method)
	at sun.rmi.transport.tcp.TCPTransport$ConnectionHandler.run(TCPTransport.java:682)
	at java.util.concurrent.ThreadPoolExecutor.runWorker(ThreadPoolExecutor.java:1142)
	at java.util.concurrent.ThreadPoolExecutor$Worker.run(ThreadPoolExecutor.java:617)
	at java.lang.Thread.run(Thread.java:748)
Caused by: redis.clients.jedis.exceptions.JedisConnectionException: Could not get a resource from the pool
	at redis.clients.util.Pool.getResource(Pool.java:53)
	at redis.clients.jedis.JedisPool.getResource(JedisPool.java:226)
	at redis.clients.jedis.JedisPool.getResource(JedisPool.java:16)
	at org.springframework.data.redis.connection.jedis.JedisConnectionFactory.fetchJedisConnector(JedisConnectionFactory.java:194)
	... 50 common frames omitted
Caused by: redis.clients.jedis.exceptions.JedisConnectionException: java.net.ConnectException: Connection refused: connect
	at redis.clients.jedis.Connection.connect(Connection.java:207)
	at redis.clients.jedis.BinaryClient.connect(BinaryClient.java:93)
	at redis.clients.jedis.BinaryJedis.connect(BinaryJedis.java:1767)
	at redis.clients.jedis.JedisFactory.makeObject(JedisFactory.java:106)
	at org.apache.commons.pool2.impl.GenericObjectPool.create(GenericObjectPool.java:888)
	at org.apache.commons.pool2.impl.GenericObjectPool.borrowObject(GenericObjectPool.java:432)
	at org.apache.commons.pool2.impl.GenericObjectPool.borrowObject(GenericObjectPool.java:361)
	at redis.clients.util.Pool.getResource(Pool.java:49)
	... 53 common frames omitted
Caused by: java.net.ConnectException: Connection refused: connect
	at java.net.DualStackPlainSocketImpl.waitForConnect(Native Method)
	at java.net.DualStackPlainSocketImpl.socketConnect(DualStackPlainSocketImpl.java:85)
	at java.net.AbstractPlainSocketImpl.doConnect(AbstractPlainSocketImpl.java:350)
	at java.net.AbstractPlainSocketImpl.connectToAddress(AbstractPlainSocketImpl.java:206)
	at java.net.AbstractPlainSocketImpl.connect(AbstractPlainSocketImpl.java:188)
	at java.net.PlainSocketImpl.connect(PlainSocketImpl.java:172)
	at java.net.SocksSocketImpl.connect(SocksSocketImpl.java:392)
	at java.net.Socket.connect(Socket.java:589)
	at redis.clients.jedis.Connection.connect(Connection.java:184)
	... 60 common frames omitted
15:40:16.237 [RMI TCP Connection(4)-192.168.1.31] INFO  org.mongodb.driver.cluster - No server chosen by ReadPreferenceServerSelector{readPreference=primary} from cluster description ClusterDescription{type=UNKNOWN, connectionMode=SINGLE, serverDescriptions=[ServerDescription{address=127.0.0.1:27017, type=UNKNOWN, state=CONNECTING, exception={com.mongodb.MongoSocketOpenException: Exception opening socket}, caused by {java.net.ConnectException: Connection refused: connect}}]}. Waiting for 30000 ms before timing out
15:40:46.242 [RMI TCP Connection(4)-192.168.1.31] WARN  o.s.boot.actuate.health.MongoHealthIndicator - Health check failed
org.springframework.dao.DataAccessResourceFailureException: Timed out after 30000 ms while waiting for a server that matches ReadPreferenceServerSelector{readPreference=primary}. Client view of cluster state is {type=UNKNOWN, servers=[{address=127.0.0.1:27017, type=UNKNOWN, state=CONNECTING, exception={com.mongodb.MongoSocketOpenException: Exception opening socket}, caused by {java.net.ConnectException: Connection refused: connect}}]; nested exception is com.mongodb.MongoTimeoutException: Timed out after 30000 ms while waiting for a server that matches ReadPreferenceServerSelector{readPreference=primary}. Client view of cluster state is {type=UNKNOWN, servers=[{address=127.0.0.1:27017, type=UNKNOWN, state=CONNECTING, exception={com.mongodb.MongoSocketOpenException: Exception opening socket}, caused by {java.net.ConnectException: Connection refused: connect}}]
	at org.springframework.data.mongodb.core.MongoExceptionTranslator.translateExceptionIfPossible(MongoExceptionTranslator.java:77)
	at org.springframework.data.mongodb.core.MongoTemplate.potentiallyConvertRuntimeException(MongoTemplate.java:2146)
	at org.springframework.data.mongodb.core.MongoTemplate.execute(MongoTemplate.java:468)
	at org.springframework.data.mongodb.core.MongoTemplate.executeCommand(MongoTemplate.java:380)
	at org.springframework.data.mongodb.core.MongoTemplate.executeCommand(MongoTemplate.java:375)
	at org.springframework.boot.actuate.health.MongoHealthIndicator.doHealthCheck(MongoHealthIndicator.java:42)
	at org.springframework.boot.actuate.health.AbstractHealthIndicator.health(AbstractHealthIndicator.java:43)
	at org.springframework.boot.actuate.health.CompositeHealthIndicator.health(CompositeHealthIndicator.java:68)
	at org.springframework.boot.actuate.endpoint.HealthEndpoint.invoke(HealthEndpoint.java:85)
	at org.springframework.boot.actuate.endpoint.HealthEndpoint.invoke(HealthEndpoint.java:35)
	at org.springframework.boot.actuate.endpoint.jmx.DataEndpointMBean.getData(DataEndpointMBean.java:46)
	at sun.reflect.NativeMethodAccessorImpl.invoke0(Native Method)
	at sun.reflect.NativeMethodAccessorImpl.invoke(NativeMethodAccessorImpl.java:62)
	at sun.reflect.DelegatingMethodAccessorImpl.invoke(DelegatingMethodAccessorImpl.java:43)
	at java.lang.reflect.Method.invoke(Method.java:498)
	at sun.reflect.misc.Trampoline.invoke(MethodUtil.java:71)
	at sun.reflect.GeneratedMethodAccessor93.invoke(Unknown Source)
	at sun.reflect.DelegatingMethodAccessorImpl.invoke(DelegatingMethodAccessorImpl.java:43)
	at java.lang.reflect.Method.invoke(Method.java:498)
	at sun.reflect.misc.MethodUtil.invoke(MethodUtil.java:275)
	at javax.management.modelmbean.RequiredModelMBean$4.run(RequiredModelMBean.java:1252)
	at java.security.AccessController.doPrivileged(Native Method)
	at java.security.ProtectionDomain$JavaSecurityAccessImpl.doIntersectionPrivilege(ProtectionDomain.java:80)
	at javax.management.modelmbean.RequiredModelMBean.invokeMethod(RequiredModelMBean.java:1246)
	at javax.management.modelmbean.RequiredModelMBean.invoke(RequiredModelMBean.java:1085)
	at org.springframework.jmx.export.SpringModelMBean.invoke(SpringModelMBean.java:90)
	at javax.management.modelmbean.RequiredModelMBean.getAttribute(RequiredModelMBean.java:1562)
	at org.springframework.jmx.export.SpringModelMBean.getAttribute(SpringModelMBean.java:109)
	at com.sun.jmx.interceptor.DefaultMBeanServerInterceptor.getAttribute(DefaultMBeanServerInterceptor.java:647)
	at com.sun.jmx.mbeanserver.JmxMBeanServer.getAttribute(JmxMBeanServer.java:678)
	at javax.management.remote.rmi.RMIConnectionImpl.doOperation(RMIConnectionImpl.java:1445)
	at javax.management.remote.rmi.RMIConnectionImpl.access$300(RMIConnectionImpl.java:76)
	at javax.management.remote.rmi.RMIConnectionImpl$PrivilegedOperation.run(RMIConnectionImpl.java:1309)
	at javax.management.remote.rmi.RMIConnectionImpl.doPrivilegedOperation(RMIConnectionImpl.java:1401)
	at javax.management.remote.rmi.RMIConnectionImpl.getAttribute(RMIConnectionImpl.java:639)
	at sun.reflect.GeneratedMethodAccessor56.invoke(Unknown Source)
	at sun.reflect.DelegatingMethodAccessorImpl.invoke(DelegatingMethodAccessorImpl.java:43)
	at java.lang.reflect.Method.invoke(Method.java:498)
	at sun.rmi.server.UnicastServerRef.dispatch(UnicastServerRef.java:346)
	at sun.rmi.transport.Transport$1.run(Transport.java:200)
	at sun.rmi.transport.Transport$1.run(Transport.java:197)
	at java.security.AccessController.doPrivileged(Native Method)
	at sun.rmi.transport.Transport.serviceCall(Transport.java:196)
	at sun.rmi.transport.tcp.TCPTransport.handleMessages(TCPTransport.java:568)
	at sun.rmi.transport.tcp.TCPTransport$ConnectionHandler.run0(TCPTransport.java:826)
	at sun.rmi.transport.tcp.TCPTransport$ConnectionHandler.lambda$run$0(TCPTransport.java:683)
	at java.security.AccessController.doPrivileged(Native Method)
	at sun.rmi.transport.tcp.TCPTransport$ConnectionHandler.run(TCPTransport.java:682)
	at java.util.concurrent.ThreadPoolExecutor.runWorker(ThreadPoolExecutor.java:1142)
	at java.util.concurrent.ThreadPoolExecutor$Worker.run(ThreadPoolExecutor.java:617)
	at java.lang.Thread.run(Thread.java:748)
Caused by: com.mongodb.MongoTimeoutException: Timed out after 30000 ms while waiting for a server that matches ReadPreferenceServerSelector{readPreference=primary}. Client view of cluster state is {type=UNKNOWN, servers=[{address=127.0.0.1:27017, type=UNKNOWN, state=CONNECTING, exception={com.mongodb.MongoSocketOpenException: Exception opening socket}, caused by {java.net.ConnectException: Connection refused: connect}}]
	at com.mongodb.connection.BaseCluster.createTimeoutException(BaseCluster.java:377)
	at com.mongodb.connection.BaseCluster.selectServer(BaseCluster.java:104)
	at com.mongodb.binding.ClusterBinding$ClusterBindingConnectionSource.<init>(ClusterBinding.java:75)
	at com.mongodb.binding.ClusterBinding$ClusterBindingConnectionSource.<init>(ClusterBinding.java:71)
	at com.mongodb.binding.ClusterBinding.getReadConnectionSource(ClusterBinding.java:63)
	at com.mongodb.operation.CommandOperationHelper.executeWrappedCommandProtocol(CommandOperationHelper.java:90)
	at com.mongodb.operation.CommandOperationHelper.executeWrappedCommandProtocol(CommandOperationHelper.java:85)
	at com.mongodb.operation.CommandReadOperation.execute(CommandReadOperation.java:55)
	at com.mongodb.Mongo.execute(Mongo.java:836)
	at com.mongodb.Mongo$2.execute(Mongo.java:823)
	at com.mongodb.DB.executeCommand(DB.java:729)
	at com.mongodb.DB.command(DB.java:491)
	at com.mongodb.DB.command(DB.java:507)
	at com.mongodb.DB.command(DB.java:462)
	at org.springframework.data.mongodb.core.MongoTemplate$2.doInDB(MongoTemplate.java:382)
	at org.springframework.data.mongodb.core.MongoTemplate$2.doInDB(MongoTemplate.java:380)
	at org.springframework.data.mongodb.core.MongoTemplate.execute(MongoTemplate.java:466)
	... 48 common frames omitted
15:41:12.481 [Eureka-EvictionTimer] INFO  c.netflix.eureka.registry.AbstractInstanceRegistry - Running the evict task with compensationTime 0ms
15:41:53.215 [qtp1865539378-34] INFO  c.bizzan.bitrade.listenConfig.EurekaStateListener - 服务COLLEGE-API
192.168.1.31:6002 
ip: 192.168.1.31进行注册
15:41:53.230 [qtp1865539378-34] ERROR c.bizzan.bitrade.listenConfig.EurekaStateListener -  【cloud】 EurekaStateListener 邮件推送异常：Illegal address
15:41:53.241 [qtp1865539378-34] INFO  c.netflix.eureka.registry.AbstractInstanceRegistry - Registered instance COLLEGE-API/192.168.1.31:college-api:6002 with status UP (replication=false)
15:41:53.882 [qtp1865539378-33] INFO  c.netflix.eureka.registry.AbstractInstanceRegistry - Registered instance COLLEGE-API/192.168.1.31:college-api:6002 with status UP (replication=true)
15:42:12.482 [Eureka-EvictionTimer] INFO  c.netflix.eureka.registry.AbstractInstanceRegistry - Running the evict task with compensationTime 0ms
15:42:23.085 [qtp1865539378-33] INFO  c.bizzan.bitrade.listenConfig.EurekaStateListener - 服务192.168.1.31:college-api:6002  COLLEGE-API进行续约
15:42:23.596 [qtp1865539378-36] INFO  c.bizzan.bitrade.listenConfig.EurekaStateListener - 服务192.168.1.31:college-api:6002  COLLEGE-API进行续约
15:42:53.094 [qtp1865539378-36] INFO  c.bizzan.bitrade.listenConfig.EurekaStateListener - 服务192.168.1.31:college-api:6002  COLLEGE-API进行续约
15:42:53.602 [qtp1865539378-36] INFO  c.bizzan.bitrade.listenConfig.EurekaStateListener - 服务192.168.1.31:college-api:6002  COLLEGE-API进行续约
15:43:12.488 [Eureka-EvictionTimer] INFO  c.netflix.eureka.registry.AbstractInstanceRegistry - Running the evict task with compensationTime 6ms
15:43:23.101 [qtp1865539378-33] INFO  c.bizzan.bitrade.listenConfig.EurekaStateListener - 服务192.168.1.31:college-api:6002  COLLEGE-API进行续约
15:43:23.608 [qtp1865539378-33] INFO  c.bizzan.bitrade.listenConfig.EurekaStateListener - 服务192.168.1.31:college-api:6002  COLLEGE-API进行续约
15:43:53.107 [qtp1865539378-35] INFO  c.bizzan.bitrade.listenConfig.EurekaStateListener - 服务192.168.1.31:college-api:6002  COLLEGE-API进行续约
15:43:53.616 [qtp1865539378-35] INFO  c.bizzan.bitrade.listenConfig.EurekaStateListener - 服务192.168.1.31:college-api:6002  COLLEGE-API进行续约
15:44:12.488 [Eureka-EvictionTimer] INFO  c.netflix.eureka.registry.AbstractInstanceRegistry - Running the evict task with compensationTime 0ms
15:44:23.113 [qtp1865539378-36] INFO  c.bizzan.bitrade.listenConfig.EurekaStateListener - 服务192.168.1.31:college-api:6002  COLLEGE-API进行续约
15:44:23.620 [qtp1865539378-33] INFO  c.bizzan.bitrade.listenConfig.EurekaStateListener - 服务192.168.1.31:college-api:6002  COLLEGE-API进行续约
15:44:53.117 [qtp1865539378-35] INFO  c.bizzan.bitrade.listenConfig.EurekaStateListener - 服务192.168.1.31:college-api:6002  COLLEGE-API进行续约
15:44:53.624 [qtp1865539378-35] INFO  c.bizzan.bitrade.listenConfig.EurekaStateListener - 服务192.168.1.31:college-api:6002  COLLEGE-API进行续约
15:45:12.489 [Eureka-EvictionTimer] INFO  c.netflix.eureka.registry.AbstractInstanceRegistry - Running the evict task with compensationTime 0ms
15:45:23.123 [qtp1865539378-36] INFO  c.bizzan.bitrade.listenConfig.EurekaStateListener - 服务192.168.1.31:college-api:6002  COLLEGE-API进行续约
15:45:23.629 [qtp1865539378-36] INFO  c.bizzan.bitrade.listenConfig.EurekaStateListener - 服务192.168.1.31:college-api:6002  COLLEGE-API进行续约
15:45:53.128 [qtp1865539378-33] INFO  c.bizzan.bitrade.listenConfig.EurekaStateListener - 服务192.168.1.31:college-api:6002  COLLEGE-API进行续约
15:45:53.635 [qtp1865539378-33] INFO  c.bizzan.bitrade.listenConfig.EurekaStateListener - 服务192.168.1.31:college-api:6002  COLLEGE-API进行续约
15:46:12.489 [Eureka-EvictionTimer] INFO  c.netflix.eureka.registry.AbstractInstanceRegistry - Running the evict task with compensationTime 0ms
15:46:23.133 [qtp1865539378-35] INFO  c.bizzan.bitrade.listenConfig.EurekaStateListener - 服务192.168.1.31:college-api:6002  COLLEGE-API进行续约
15:46:23.643 [qtp1865539378-35] INFO  c.bizzan.bitrade.listenConfig.EurekaStateListener - 服务192.168.1.31:college-api:6002  COLLEGE-API进行续约
15:46:53.138 [qtp1865539378-36] INFO  c.bizzan.bitrade.listenConfig.EurekaStateListener - 服务192.168.1.31:college-api:6002  COLLEGE-API进行续约
15:46:53.646 [qtp1865539378-33] INFO  c.bizzan.bitrade.listenConfig.EurekaStateListener - 服务192.168.1.31:college-api:6002  COLLEGE-API进行续约
15:47:12.490 [Eureka-EvictionTimer] INFO  c.netflix.eureka.registry.AbstractInstanceRegistry - Running the evict task with compensationTime 0ms
15:47:23.142 [qtp1865539378-35] INFO  c.bizzan.bitrade.listenConfig.EurekaStateListener - 服务192.168.1.31:college-api:6002  COLLEGE-API进行续约
15:47:23.647 [qtp1865539378-36] INFO  c.bizzan.bitrade.listenConfig.EurekaStateListener - 服务192.168.1.31:college-api:6002  COLLEGE-API进行续约
15:47:53.148 [qtp1865539378-33] INFO  c.bizzan.bitrade.listenConfig.EurekaStateListener - 服务192.168.1.31:college-api:6002  COLLEGE-API进行续约
15:47:53.659 [qtp1865539378-33] INFO  c.bizzan.bitrade.listenConfig.EurekaStateListener - 服务192.168.1.31:college-api:6002  COLLEGE-API进行续约
15:48:12.491 [Eureka-EvictionTimer] INFO  c.netflix.eureka.registry.AbstractInstanceRegistry - Running the evict task with compensationTime 0ms
15:48:23.154 [qtp1865539378-35] INFO  c.bizzan.bitrade.listenConfig.EurekaStateListener - 服务192.168.1.31:college-api:6002  COLLEGE-API进行续约
15:48:23.660 [qtp1865539378-36] INFO  c.bizzan.bitrade.listenConfig.EurekaStateListener - 服务192.168.1.31:college-api:6002  COLLEGE-API进行续约
15:48:53.161 [qtp1865539378-33] INFO  c.bizzan.bitrade.listenConfig.EurekaStateListener - 服务192.168.1.31:college-api:6002  COLLEGE-API进行续约
15:48:53.671 [qtp1865539378-33] INFO  c.bizzan.bitrade.listenConfig.EurekaStateListener - 服务192.168.1.31:college-api:6002  COLLEGE-API进行续约
15:49:12.492 [Eureka-EvictionTimer] INFO  c.netflix.eureka.registry.AbstractInstanceRegistry - Running the evict task with compensationTime 0ms
15:49:23.167 [qtp1865539378-35] INFO  c.bizzan.bitrade.listenConfig.EurekaStateListener - 服务192.168.1.31:college-api:6002  COLLEGE-API进行续约
15:49:23.682 [TaskBatchingWorker-target_127.0.0.1-13] ERROR c.netflix.eureka.cluster.ReplicationTaskProcessor - Network level connection to peer 127.0.0.1; retrying after delay
com.sun.jersey.api.client.ClientHandlerException: org.apache.http.NoHttpResponseException: 127.0.0.1:7000 failed to respond
	at com.sun.jersey.client.apache4.ApacheHttpClient4Handler.handle(ApacheHttpClient4Handler.java:187)
	at com.netflix.eureka.cluster.DynamicGZIPContentEncodingFilter.handle(DynamicGZIPContentEncodingFilter.java:48)
	at com.netflix.discovery.EurekaIdentityHeaderFilter.handle(EurekaIdentityHeaderFilter.java:27)
	at com.sun.jersey.api.client.Client.handle(Client.java:652)
	at com.sun.jersey.api.client.WebResource.handle(WebResource.java:682)
	at com.sun.jersey.api.client.WebResource.access$200(WebResource.java:74)
	at com.sun.jersey.api.client.WebResource$Builder.post(WebResource.java:570)
	at com.netflix.eureka.transport.JerseyReplicationClient.submitBatchUpdates(JerseyReplicationClient.java:116)
	at com.netflix.eureka.cluster.ReplicationTaskProcessor.process(ReplicationTaskProcessor.java:71)
	at com.netflix.eureka.util.batcher.TaskExecutors$BatchWorkerRunnable.run(TaskExecutors.java:187)
	at java.lang.Thread.run(Thread.java:748)
Caused by: org.apache.http.NoHttpResponseException: 127.0.0.1:7000 failed to respond
	at org.apache.http.impl.conn.DefaultHttpResponseParser.parseHead(DefaultHttpResponseParser.java:141)
	at org.apache.http.impl.conn.DefaultHttpResponseParser.parseHead(DefaultHttpResponseParser.java:56)
	at org.apache.http.impl.io.AbstractMessageParser.parse(AbstractMessageParser.java:259)
	at org.apache.http.impl.AbstractHttpClientConnection.receiveResponseHeader(AbstractHttpClientConnection.java:286)
	at org.apache.http.impl.conn.DefaultClientConnection.receiveResponseHeader(DefaultClientConnection.java:257)
	at org.apache.http.impl.conn.AbstractClientConnAdapter.receiveResponseHeader(AbstractClientConnAdapter.java:230)
	at org.apache.http.protocol.HttpRequestExecutor.doReceiveResponse(HttpRequestExecutor.java:273)
	at org.apache.http.protocol.HttpRequestExecutor.execute(HttpRequestExecutor.java:125)
	at org.apache.http.impl.client.DefaultRequestDirector.tryExecute(DefaultRequestDirector.java:684)
	at org.apache.http.impl.client.DefaultRequestDirector.execute(DefaultRequestDirector.java:486)
	at org.apache.http.impl.client.AbstractHttpClient.doExecute(AbstractHttpClient.java:835)
	at org.apache.http.impl.client.CloseableHttpClient.execute(CloseableHttpClient.java:118)
	at org.apache.http.impl.client.CloseableHttpClient.execute(CloseableHttpClient.java:56)
	at com.sun.jersey.client.apache4.ApacheHttpClient4Handler.handle(ApacheHttpClient4Handler.java:173)
	... 10 common frames omitted
15:49:23.798 [qtp1865539378-35] INFO  c.bizzan.bitrade.listenConfig.EurekaStateListener - 服务192.168.1.31:college-api:6002  COLLEGE-API进行续约
15:49:53.177 [qtp1865539378-36] INFO  c.bizzan.bitrade.listenConfig.EurekaStateListener - 服务192.168.1.31:college-api:6002  COLLEGE-API进行续约
15:49:53.692 [qtp1865539378-33] INFO  c.bizzan.bitrade.listenConfig.EurekaStateListener - 服务192.168.1.31:college-api:6002  COLLEGE-API进行续约
15:50:12.492 [Eureka-EvictionTimer] INFO  c.netflix.eureka.registry.AbstractInstanceRegistry - Running the evict task with compensationTime 0ms
15:50:23.182 [qtp1865539378-35] INFO  c.bizzan.bitrade.listenConfig.EurekaStateListener - 服务192.168.1.31:college-api:6002  COLLEGE-API进行续约
15:50:23.690 [qtp1865539378-36] INFO  c.bizzan.bitrade.listenConfig.EurekaStateListener - 服务192.168.1.31:college-api:6002  COLLEGE-API进行续约
15:50:53.187 [qtp1865539378-33] INFO  c.bizzan.bitrade.listenConfig.EurekaStateListener - 服务192.168.1.31:college-api:6002  COLLEGE-API进行续约
15:50:53.695 [qtp1865539378-33] INFO  c.bizzan.bitrade.listenConfig.EurekaStateListener - 服务192.168.1.31:college-api:6002  COLLEGE-API进行续约
15:51:12.492 [Eureka-EvictionTimer] INFO  c.netflix.eureka.registry.AbstractInstanceRegistry - Running the evict task with compensationTime 0ms
15:51:23.193 [qtp1865539378-35] INFO  c.bizzan.bitrade.listenConfig.EurekaStateListener - 服务192.168.1.31:college-api:6002  COLLEGE-API进行续约
15:51:23.701 [qtp1865539378-35] INFO  c.bizzan.bitrade.listenConfig.EurekaStateListener - 服务192.168.1.31:college-api:6002  COLLEGE-API进行续约
15:51:53.197 [qtp1865539378-36] INFO  c.bizzan.bitrade.listenConfig.EurekaStateListener - 服务192.168.1.31:college-api:6002  COLLEGE-API进行续约
15:51:53.704 [qtp1865539378-33] INFO  c.bizzan.bitrade.listenConfig.EurekaStateListener - 服务192.168.1.31:college-api:6002  COLLEGE-API进行续约
15:52:12.493 [Eureka-EvictionTimer] INFO  c.netflix.eureka.registry.AbstractInstanceRegistry - Running the evict task with compensationTime 0ms
15:52:23.202 [qtp1865539378-35] INFO  c.bizzan.bitrade.listenConfig.EurekaStateListener - 服务192.168.1.31:college-api:6002  COLLEGE-API进行续约
15:52:23.706 [TaskBatchingWorker-target_127.0.0.1-8] ERROR c.netflix.eureka.cluster.ReplicationTaskProcessor - Network level connection to peer 127.0.0.1; retrying after delay
com.sun.jersey.api.client.ClientHandlerException: org.apache.http.NoHttpResponseException: 127.0.0.1:7000 failed to respond
	at com.sun.jersey.client.apache4.ApacheHttpClient4Handler.handle(ApacheHttpClient4Handler.java:187)
	at com.netflix.eureka.cluster.DynamicGZIPContentEncodingFilter.handle(DynamicGZIPContentEncodingFilter.java:48)
	at com.netflix.discovery.EurekaIdentityHeaderFilter.handle(EurekaIdentityHeaderFilter.java:27)
	at com.sun.jersey.api.client.Client.handle(Client.java:652)
	at com.sun.jersey.api.client.WebResource.handle(WebResource.java:682)
	at com.sun.jersey.api.client.WebResource.access$200(WebResource.java:74)
	at com.sun.jersey.api.client.WebResource$Builder.post(WebResource.java:570)
	at com.netflix.eureka.transport.JerseyReplicationClient.submitBatchUpdates(JerseyReplicationClient.java:116)
	at com.netflix.eureka.cluster.ReplicationTaskProcessor.process(ReplicationTaskProcessor.java:71)
	at com.netflix.eureka.util.batcher.TaskExecutors$BatchWorkerRunnable.run(TaskExecutors.java:187)
	at java.lang.Thread.run(Thread.java:748)
Caused by: org.apache.http.NoHttpResponseException: 127.0.0.1:7000 failed to respond
	at org.apache.http.impl.conn.DefaultHttpResponseParser.parseHead(DefaultHttpResponseParser.java:141)
	at org.apache.http.impl.conn.DefaultHttpResponseParser.parseHead(DefaultHttpResponseParser.java:56)
	at org.apache.http.impl.io.AbstractMessageParser.parse(AbstractMessageParser.java:259)
	at org.apache.http.impl.AbstractHttpClientConnection.receiveResponseHeader(AbstractHttpClientConnection.java:286)
	at org.apache.http.impl.conn.DefaultClientConnection.receiveResponseHeader(DefaultClientConnection.java:257)
	at org.apache.http.impl.conn.AbstractClientConnAdapter.receiveResponseHeader(AbstractClientConnAdapter.java:230)
	at org.apache.http.protocol.HttpRequestExecutor.doReceiveResponse(HttpRequestExecutor.java:273)
	at org.apache.http.protocol.HttpRequestExecutor.execute(HttpRequestExecutor.java:125)
	at org.apache.http.impl.client.DefaultRequestDirector.tryExecute(DefaultRequestDirector.java:684)
	at org.apache.http.impl.client.DefaultRequestDirector.execute(DefaultRequestDirector.java:486)
	at org.apache.http.impl.client.AbstractHttpClient.doExecute(AbstractHttpClient.java:835)
	at org.apache.http.impl.client.CloseableHttpClient.execute(CloseableHttpClient.java:118)
	at org.apache.http.impl.client.CloseableHttpClient.execute(CloseableHttpClient.java:56)
	at com.sun.jersey.client.apache4.ApacheHttpClient4Handler.handle(ApacheHttpClient4Handler.java:173)
	... 10 common frames omitted
15:52:23.817 [qtp1865539378-35] INFO  c.bizzan.bitrade.listenConfig.EurekaStateListener - 服务192.168.1.31:college-api:6002  COLLEGE-API进行续约
15:52:53.205 [qtp1865539378-36] INFO  c.bizzan.bitrade.listenConfig.EurekaStateListener - 服务192.168.1.31:college-api:6002  COLLEGE-API进行续约
15:52:53.713 [qtp1865539378-33] INFO  c.bizzan.bitrade.listenConfig.EurekaStateListener - 服务192.168.1.31:college-api:6002  COLLEGE-API进行续约
15:53:12.493 [Eureka-EvictionTimer] INFO  c.netflix.eureka.registry.AbstractInstanceRegistry - Running the evict task with compensationTime 0ms
15:53:23.212 [qtp1865539378-35] INFO  c.bizzan.bitrade.listenConfig.EurekaStateListener - 服务192.168.1.31:college-api:6002  COLLEGE-API进行续约
15:53:23.721 [qtp1865539378-35] INFO  c.bizzan.bitrade.listenConfig.EurekaStateListener - 服务192.168.1.31:college-api:6002  COLLEGE-API进行续约
15:53:46.346 [qtp1865539378-33] INFO  c.bizzan.bitrade.listenConfig.EurekaStateListener - 服务COLLEGE-API
192.168.1.31:6002 
ip: 192.168.1.31进行注册
15:53:46.346 [qtp1865539378-33] ERROR c.bizzan.bitrade.listenConfig.EurekaStateListener -  【cloud】 EurekaStateListener 邮件推送异常：Illegal address
15:53:46.346 [qtp1865539378-33] INFO  c.netflix.eureka.registry.AbstractInstanceRegistry - Registered instance COLLEGE-API/192.168.1.31:college-api:6002 with status DOWN (replication=false)
15:53:46.356 [qtp1865539378-36] INFO  c.bizzan.bitrade.listenConfig.EurekaStateListener - 您的服务COLLEGE-API
192.168.1.31:college-api:6002已下线
15:53:46.357 [qtp1865539378-36] ERROR c.bizzan.bitrade.listenConfig.EurekaStateListener -  【cloud】 EurekaStateListener 邮件推送异常：Illegal address
15:53:46.357 [qtp1865539378-36] INFO  c.bizzan.bitrade.listenConfig.EurekaStateListener - 您的服务COLLEGE-API
192.168.1.31:college-api:6002已下线
15:53:46.357 [qtp1865539378-36] ERROR c.bizzan.bitrade.listenConfig.EurekaStateListener -  【cloud】 EurekaStateListener 邮件推送异常：Illegal address
15:53:46.358 [qtp1865539378-36] INFO  c.netflix.eureka.registry.AbstractInstanceRegistry - Cancelled instance COLLEGE-API/192.168.1.31:college-api:6002 (replication=false)
15:53:46.854 [qtp1865539378-33] INFO  c.netflix.eureka.registry.AbstractInstanceRegistry - Registered instance COLLEGE-API/192.168.1.31:college-api:6002 with status DOWN (replication=true)
15:53:46.856 [qtp1865539378-33] INFO  c.netflix.eureka.registry.AbstractInstanceRegistry - Cancelled instance COLLEGE-API/192.168.1.31:college-api:6002 (replication=true)
15:53:55.288 [Thread-41] INFO  o.s.b.c.e.AnnotationConfigEmbeddedWebApplicationContext - Closing org.springframework.boot.context.embedded.AnnotationConfigEmbeddedWebApplicationContext@522b2631: startup date [Fri Feb 12 15:40:04 CST 2021]; parent: org.springframework.context.annotation.AnnotationConfigApplicationContext@66fdec9
15:53:55.303 [Thread-41] INFO  o.s.c.n.e.serviceregistry.EurekaServiceRegistry - Unregistering application unknown with eureka with status DOWN
15:53:55.305 [Thread-41] INFO  o.s.context.support.DefaultLifecycleProcessor - Stopping beans in phase 0
15:53:55.306 [Thread-41] INFO  com.netflix.eureka.DefaultEurekaServerContext - Shutting down ...
15:53:55.308 [Thread-41] INFO  com.netflix.eureka.DefaultEurekaServerContext - Shut down
15:53:55.310 [Thread-41] INFO  o.s.b.actuate.endpoint.jmx.EndpointMBeanExporter - Unregistering JMX-exposed beans on shutdown
15:53:55.310 [Thread-41] INFO  o.s.b.actuate.endpoint.jmx.EndpointMBeanExporter - Unregistering JMX-exposed beans
15:53:55.311 [Thread-41] INFO  o.s.jmx.export.annotation.AnnotationMBeanExporter - Unregistering JMX-exposed beans on shutdown
15:53:55.311 [Thread-41] INFO  o.s.jmx.export.annotation.AnnotationMBeanExporter - Unregistering JMX-exposed beans
15:53:55.314 [Thread-41] INFO  com.netflix.discovery.DiscoveryClient - Shutting down DiscoveryClient ...
15:53:55.314 [Thread-41] INFO  com.netflix.discovery.DiscoveryClient - Completed shut down of DiscoveryClient
15:53:55.322 [Thread-41] INFO  org.eclipse.jetty.server.AbstractConnector - Stopped ServerConnector@50de907a{HTTP/1.1,[http/1.1]}{0.0.0.0:7000}
15:53:55.322 [Thread-41] INFO  org.eclipse.jetty.server.session - Stopped scavenging
15:53:55.324 [Thread-41] INFO  o.e.j.server.handler.ContextHandler.application - Destroying Spring FrameworkServlet 'dispatcherServlet'
15:53:55.324 [Thread-41] INFO  org.eclipse.jetty.server.handler.ContextHandler - Stopped o.s.b.c.e.j.JettyEmbeddedWebAppContext@756c67cd{/,[file:///C:/Users/Administrator/AppData/Local/Temp/jetty-docbase.4709772343262953945.7000/],UNAVAILABLE}
